
> taxonomy@0.2.0 dev /home/KUD/Dev/blog
> concurrently "contentlayer dev" "next dev"

[1] ready - started server on 0.0.0.0:3000, url: http://localhost:3000
[1] [36minfo[39m  - Loaded env from /home/KUD/Dev/blog/.env.local
[0] Contentlayer config change detected. Updating type definitions and data...
[1] [33mwarn[39m  - [1mYou have enabled experimental features (appDir, serverComponentsExternalPackages) in next.config.mjs.[22m
[1] [33mwarn[39m  - Experimental features are not covered by semver, and may cause unexpected or broken application behavior. Use at your own risk.
[1] 
[1] [36minfo[39m  - Thank you for testing `appDir` please leave your feedback at https://nextjs.link/app-feedback
[0] Warning: Found 2 problems in 46 documents.
[0] 
[0]  â””â”€â”€ Missing required fields for 2 documents. (Skipping documents)
[0]      
[0]      â€¢ "blog/fault-series.mdx" (of type "Post") is missing the following required fields:
[0]        â€¢ image: string
[0]      â€¢ "blog/zemi-presentation-2023-spring.mdx" (of type "Post") is missing the following required fields:
[0]        â€¢ image: string
[0]      
[0] 
[0] Generated 44 documents in .contentlayer
[1] [35mevent[39m - compiled client and server successfully in 868 ms (262 modules)
[1] [36mwait[39m  - compiling...
[1] [35mevent[39m - compiled client and server successfully in 120 ms (262 modules)
[1] <w> [webpack.cache.PackFileCacheStrategy/webpack.FileSystemInfo] Parsing of /home/KUD/Dev/blog/node_modules/.pnpm/@contentlayer+core@0.3.1_esbuild@0.17.18/node_modules/@contentlayer/core/dist/dynamic-build.js for build dependencies failed at 'import(`file://${compiledConfigPath}`)'.
[1] <w> Build dependencies behind this expression are ignored and might cause incorrect cache invalidation.
[1] <w> [webpack.cache.PackFileCacheStrategy/webpack.FileSystemInfo] Parsing of /home/KUD/Dev/blog/node_modules/.pnpm/@contentlayer+core@0.3.1_esbuild@0.17.18/node_modules/@contentlayer/core/dist/dynamic-build.js for build dependencies failed at 'import(`file://${compiledConfigPath}`)'.
[1] <w> Build dependencies behind this expression are ignored and might cause incorrect cache invalidation.
[1] <w> [webpack.cache.PackFileCacheStrategy/webpack.FileSystemInfo] Parsing of /home/KUD/Dev/blog/node_modules/.pnpm/@contentlayer+core@0.3.1_esbuild@0.17.18/node_modules/@contentlayer/core/dist/getConfig/index.js for build dependencies failed at 'import(`file://${modulePath}?x=${Date.now()}`)'.
[1] <w> Build dependencies behind this expression are ignored and might cause incorrect cache invalidation.
[1] <w> [webpack.cache.PackFileCacheStrategy] Caching failed for pack: Error: Can't resolve 'markdown-wasm/dist/markdown.node.js' in '/home/KUD/Dev/blog/node_modules/.pnpm/@contentlayer+core@0.3.1_esbuild@0.17.18/node_modules/@contentlayer/core/dist/markdown'
[1] <w> while resolving 'markdown-wasm/dist/markdown.node.js' in /home/KUD/Dev/blog/node_modules/.pnpm/@contentlayer+core@0.3.1_esbuild@0.17.18/node_modules/@contentlayer/core/dist/markdown as file
[1] <w>  at resolve esm file markdown-wasm/dist/markdown.node.js
[1] <w>  at file dependencies /home/KUD/Dev/blog/node_modules/.pnpm/@contentlayer+core@0.3.1_esbuild@0.17.18/node_modules/@contentlayer/core/dist/markdown/markdown.js
[1] <w>  at file /home/KUD/Dev/blog/node_modules/.pnpm/@contentlayer+core@0.3.1_esbuild@0.17.18/node_modules/@contentlayer/core/dist/markdown/markdown.js
[1] <w>  at resolve esm file ./markdown/markdown.js
[1] <w>  at file dependencies /home/KUD/Dev/blog/node_modules/.pnpm/@contentlayer+core@0.3.1_esbuild@0.17.18/node_modules/@contentlayer/core/dist/index.js
[1] <w>  at file /home/KUD/Dev/blog/node_modules/.pnpm/@contentlayer+core@0.3.1_esbuild@0.17.18/node_modules/@contentlayer/core/dist/index.js
[1] <w>  at resolve esm file @contentlayer/core
[1] <w>  at file dependencies /home/KUD/Dev/blog/node_modules/.pnpm/next-contentlayer@0.3.1_esbuild@0.17.18_next@13.3.2-canary.13_react-dom@18.2.0_react@18.2.0/node_modules/next-contentlayer/dist/plugin.js
[1] <w>  at file /home/KUD/Dev/blog/node_modules/.pnpm/next-contentlayer@0.3.1_esbuild@0.17.18_next@13.3.2-canary.13_react-dom@18.2.0_react@18.2.0/node_modules/next-contentlayer/dist/plugin.js
[1] <w>  at resolve esm file ./plugin.js
[1] <w>  at file dependencies /home/KUD/Dev/blog/node_modules/.pnpm/next-contentlayer@0.3.1_esbuild@0.17.18_next@13.3.2-canary.13_react-dom@18.2.0_react@18.2.0/node_modules/next-contentlayer/dist/index.js
[1] <w>  at file /home/KUD/Dev/blog/node_modules/.pnpm/next-contentlayer@0.3.1_esbuild@0.17.18_next@13.3.2-canary.13_react-dom@18.2.0_react@18.2.0/node_modules/next-contentlayer/dist/index.js
[1] <w>  at resolve esm file next-contentlayer
[1] <w>  at file dependencies /home/KUD/Dev/blog/next.config.mjs
[1] <w>  at file /home/KUD/Dev/blog/next.config.mjs
[1] <w>  at resolve commonjs /home/KUD/Dev/blog/next.config.mjs
[1] <w> [webpack.cache.PackFileCacheStrategy/webpack.FileSystemInfo] Parsing of /home/KUD/Dev/blog/node_modules/.pnpm/@contentlayer+core@0.3.1_esbuild@0.17.18/node_modules/@contentlayer/core/dist/getConfig/index.js for build dependencies failed at 'import(`file://${modulePath}?x=${Date.now()}`)'.
[1] <w> Build dependencies behind this expression are ignored and might cause incorrect cache invalidation.
[1] <w> [webpack.cache.PackFileCacheStrategy] Caching failed for pack: Error: Can't resolve 'markdown-wasm/dist/markdown.node.js' in '/home/KUD/Dev/blog/node_modules/.pnpm/@contentlayer+core@0.3.1_esbuild@0.17.18/node_modules/@contentlayer/core/dist/markdown'
[1] <w> while resolving 'markdown-wasm/dist/markdown.node.js' in /home/KUD/Dev/blog/node_modules/.pnpm/@contentlayer+core@0.3.1_esbuild@0.17.18/node_modules/@contentlayer/core/dist/markdown as file
[1] <w>  at resolve esm file markdown-wasm/dist/markdown.node.js
[1] <w>  at file dependencies /home/KUD/Dev/blog/node_modules/.pnpm/@contentlayer+core@0.3.1_esbuild@0.17.18/node_modules/@contentlayer/core/dist/markdown/markdown.js
[1] <w>  at file /home/KUD/Dev/blog/node_modules/.pnpm/@contentlayer+core@0.3.1_esbuild@0.17.18/node_modules/@contentlayer/core/dist/markdown/markdown.js
[1] <w>  at resolve esm file ./markdown/markdown.js
[1] <w>  at file dependencies /home/KUD/Dev/blog/node_modules/.pnpm/@contentlayer+core@0.3.1_esbuild@0.17.18/node_modules/@contentlayer/core/dist/index.js
[1] <w>  at file /home/KUD/Dev/blog/node_modules/.pnpm/@contentlayer+core@0.3.1_esbuild@0.17.18/node_modules/@contentlayer/core/dist/index.js
[1] <w>  at resolve esm file @contentlayer/core
[1] <w>  at file dependencies /home/KUD/Dev/blog/node_modules/.pnpm/next-contentlayer@0.3.1_esbuild@0.17.18_next@13.3.2-canary.13_react-dom@18.2.0_react@18.2.0/node_modules/next-contentlayer/dist/plugin.js
[1] <w>  at file /home/KUD/Dev/blog/node_modules/.pnpm/next-contentlayer@0.3.1_esbuild@0.17.18_next@13.3.2-canary.13_react-dom@18.2.0_react@18.2.0/node_modules/next-contentlayer/dist/plugin.js
[1] <w>  at resolve esm file ./plugin.js
[1] <w>  at file dependencies /home/KUD/Dev/blog/node_modules/.pnpm/next-contentlayer@0.3.1_esbuild@0.17.18_next@13.3.2-canary.13_react-dom@18.2.0_react@18.2.0/node_modules/next-contentlayer/dist/index.js
[1] <w>  at file /home/KUD/Dev/blog/node_modules/.pnpm/next-contentlayer@0.3.1_esbuild@0.17.18_next@13.3.2-canary.13_react-dom@18.2.0_react@18.2.0/node_modules/next-contentlayer/dist/index.js
[1] <w>  at resolve esm file next-contentlayer
[1] <w>  at file dependencies /home/KUD/Dev/blog/next.config.mjs
[1] <w>  at file /home/KUD/Dev/blog/next.config.mjs
[1] <w>  at resolve commonjs /home/KUD/Dev/blog/next.config.mjs
[1] [36mwait[39m  - compiling /(marketing)/blog/[...slug]/page (client and server)...
[1] Warning: You're using `next/head` inside the `app` directory, please migrate to the Metadata API. See https://beta.nextjs.org/docs/api-reference/metadata for more details.
[1] [35mevent[39m - compiled client and server successfully in 3.1s (1884 modules)
[1] [36mwait[39m  - compiling...
[1] [35mevent[39m - compiled successfully in 185 ms (1317 modules)
[1] [36mwait[39m  - compiling /(marketing)/page (client and server)...
[1] [35mevent[39m - compiled client and server successfully in 800 ms (2156 modules)
[1] Warning: Each child in a list should have a unique "key" prop.
[1] 
[1] Check the top-level render call using <nav>. See https://reactjs.org/link/warning-keys for more information.
[1]     at MainNav (webpack-internal:///(sc_client)/./components/main-nav.tsx:25:20)
[1]     at Lazy
[1]     at div
[1]     at header
[1]     at div
[1]     at ScrollAndFocusHandler (webpack-internal:///(sc_client)/./node_modules/.pnpm/next@13.3.2-canary.13_@babel+core@7.21.4_@opentelemetry+api@1.1.0_react-dom@18.2.0_react@18.2.0/node_modules/next/dist/client/components/layout-router.js:139:9)
[1]     at InnerLayoutRouter (webpack-internal:///(sc_client)/./node_modules/.pnpm/next@13.3.2-canary.13_@babel+core@7.21.4_@opentelemetry+api@1.1.0_react-dom@18.2.0_react@18.2.0/node_modules/next/dist/client/components/layout-router.js:213:11)
[1]     at RedirectErrorBoundary (webpack-internal:///(sc_client)/./node_modules/.pnpm/next@13.3.2-canary.13_@babel+core@7.21.4_@opentelemetry+api@1.1.0_react-dom@18.2.0_react@18.2.0/node_modules/next/dist/client/components/redirect-boundary.js:64:9)
[1]     at RedirectBoundary (webpack-internal:///(sc_client)/./node_modules/.pnpm/next@13.3.2-canary.13_@babel+core@7.21.4_@opentelemetry+api@1.1.0_react-dom@18.2.0_react@18.2.0/node_modules/next/dist/client/components/redirect-boundary.js:71:11)
[1]     at NotFoundBoundary (webpack-internal:///(sc_client)/./node_modules/.pnpm/next@13.3.2-canary.13_@babel+core@7.21.4_@opentelemetry+api@1.1.0_react-dom@18.2.0_react@18.2.0/node_modules/next/dist/client/components/not-found-boundary.js:40:11)
[1]     at LoadingBoundary (webpack-internal:///(sc_client)/./node_modules/.pnpm/next@13.3.2-canary.13_@babel+core@7.21.4_@opentelemetry+api@1.1.0_react-dom@18.2.0_react@18.2.0/node_modules/next/dist/client/components/layout-router.js:320:11)
[1]     at ErrorBoundary (webpack-internal:///(sc_client)/./node_modules/.pnpm/next@13.3.2-canary.13_@babel+core@7.21.4_@opentelemetry+api@1.1.0_react-dom@18.2.0_react@18.2.0/node_modules/next/dist/client/components/error-boundary.js:86:11)
[1]     at RenderFromTemplateContext (webpack-internal:///(sc_client)/./node_modules/.pnpm/next@13.3.2-canary.13_@babel+core@7.21.4_@opentelemetry+api@1.1.0_react-dom@18.2.0_react@18.2.0/node_modules/next/dist/client/components/render-from-template-context.js:15:44)
[1]     at Lazy
[1]     at OuterLayoutRouter (webpack-internal:///(sc_client)/./node_modules/.pnpm/next@13.3.2-canary.13_@babel+core@7.21.4_@opentelemetry+api@1.1.0_react-dom@18.2.0_react@18.2.0/node_modules/next/dist/client/components/layout-router.js:329:11)
[1]     at Lazy
[1]     at m (webpack-internal:///(sc_client)/./node_modules/.pnpm/next-themes@0.2.1_next@13.3.2-canary.13_react-dom@18.2.0_react@18.2.0/node_modules/next-themes/dist/index.js:1:340)
[1]     at exports.ThemeProvider (webpack-internal:///(sc_client)/./node_modules/.pnpm/next-themes@0.2.1_next@13.3.2-canary.13_react-dom@18.2.0_react@18.2.0/node_modules/next-themes/dist/index.js:1:3641)
[1]     at ThemeProvider (webpack-internal:///(sc_client)/./components/theme-provider.tsx:13:26)
[1]     at Lazy
[1]     at body
[1]     at html
[1]     at RedirectErrorBoundary (webpack-internal:///(sc_client)/./node_modules/.pnpm/next@13.3.2-canary.13_@babel+core@7.21.4_@opentelemetry+api@1.1.0_react-dom@18.2.0_react@18.2.0/node_modules/next/dist/client/components/redirect-boundary.js:64:9)
[1]     at RedirectBoundary (webpack-internal:///(sc_client)/./node_modules/.pnpm/next@13.3.2-canary.13_@babel+core@7.21.4_@opentelemetry+api@1.1.0_react-dom@18.2.0_react@18.2.0/node_modules/next/dist/client/components/redirect-boundary.js:71:11)
[1]     at NotFoundErrorBoundary (webpack-internal:///(sc_client)/./node_modules/.pnpm/next@13.3.2-canary.13_@babel+core@7.21.4_@opentelemetry+api@1.1.0_react-dom@18.2.0_react@18.2.0/node_modules/next/dist/client/components/not-found-boundary.js:33:9)
[1]     at NotFoundBoundary (webpack-internal:///(sc_client)/./node_modules/.pnpm/next@13.3.2-canary.13_@babel+core@7.21.4_@opentelemetry+api@1.1.0_react-dom@18.2.0_react@18.2.0/node_modules/next/dist/client/components/not-found-boundary.js:40:11)
[1]     at ReactDevOverlay (webpack-internal:///(sc_client)/./node_modules/.pnpm/next@13.3.2-canary.13_@babel+core@7.21.4_@opentelemetry+api@1.1.0_react-dom@18.2.0_react@18.2.0/node_modules/next/dist/client/components/react-dev-overlay/internal/ReactDevOverlay.js:66:9)
[1]     at HotReload (webpack-internal:///(sc_client)/./node_modules/.pnpm/next@13.3.2-canary.13_@babel+core@7.21.4_@opentelemetry+api@1.1.0_react-dom@18.2.0_react@18.2.0/node_modules/next/dist/client/components/react-dev-overlay/hot-reloader-client.js:277:11)
[1]     at Router (webpack-internal:///(sc_client)/./node_modules/.pnpm/next@13.3.2-canary.13_@babel+core@7.21.4_@opentelemetry+api@1.1.0_react-dom@18.2.0_react@18.2.0/node_modules/next/dist/client/components/app-router.js:88:11)
[1]     at ErrorBoundaryHandler (webpack-internal:///(sc_client)/./node_modules/.pnpm/next@13.3.2-canary.13_@babel+core@7.21.4_@opentelemetry+api@1.1.0_react-dom@18.2.0_react@18.2.0/node_modules/next/dist/client/components/error-boundary.js:62:9)
[1]     at ErrorBoundary (webpack-internal:///(sc_client)/./node_modules/.pnpm/next@13.3.2-canary.13_@babel+core@7.21.4_@opentelemetry+api@1.1.0_react-dom@18.2.0_react@18.2.0/node_modules/next/dist/client/components/error-boundary.js:86:11)
[1]     at AppRouter (webpack-internal:///(sc_client)/./node_modules/.pnpm/next@13.3.2-canary.13_@babel+core@7.21.4_@opentelemetry+api@1.1.0_react-dom@18.2.0_react@18.2.0/node_modules/next/dist/client/components/app-router.js:320:13)
[1]     at Lazy
[1]     at Lazy
[1]     at ServerComponentWrapper (/home/KUD/Dev/blog/node_modules/.pnpm/next@13.3.2-canary.13_@babel+core@7.21.4_@opentelemetry+api@1.1.0_react-dom@18.2.0_react@18.2.0/node_modules/next/dist/server/app-render/create-server-components-renderer.js:78:31)
[1]     at ServerComponentWrapper (/home/KUD/Dev/blog/node_modules/.pnpm/next@13.3.2-canary.13_@babel+core@7.21.4_@opentelemetry+api@1.1.0_react-dom@18.2.0_react@18.2.0/node_modules/next/dist/server/app-render/create-server-components-renderer.js:78:31)
[1]     at InsertedHTML (/home/KUD/Dev/blog/node_modules/.pnpm/next@13.3.2-canary.13_@babel+core@7.21.4_@opentelemetry+api@1.1.0_react-dom@18.2.0_react@18.2.0/node_modules/next/dist/server/app-render/app-render.js:815:33)
[1] <w> [webpack.cache.PackFileCacheStrategy/webpack.FileSystemInfo] Parsing of /home/KUD/Dev/blog/node_modules/.pnpm/@contentlayer+core@0.3.1_esbuild@0.17.18/node_modules/@contentlayer/core/dist/dynamic-build.js for build dependencies failed at 'import(`file://${compiledConfigPath}`)'.
[1] <w> Build dependencies behind this expression are ignored and might cause incorrect cache invalidation.
[1] <w> [webpack.cache.PackFileCacheStrategy/webpack.FileSystemInfo] Parsing of /home/KUD/Dev/blog/node_modules/.pnpm/@contentlayer+core@0.3.1_esbuild@0.17.18/node_modules/@contentlayer/core/dist/getConfig/index.js for build dependencies failed at 'import(`file://${modulePath}?x=${Date.now()}`)'.
[1] <w> Build dependencies behind this expression are ignored and might cause incorrect cache invalidation.
[1] <w> [webpack.cache.PackFileCacheStrategy] Caching failed for pack: Error: Can't resolve 'markdown-wasm/dist/markdown.node.js' in '/home/KUD/Dev/blog/node_modules/.pnpm/@contentlayer+core@0.3.1_esbuild@0.17.18/node_modules/@contentlayer/core/dist/markdown'
[1] <w> while resolving 'markdown-wasm/dist/markdown.node.js' in /home/KUD/Dev/blog/node_modules/.pnpm/@contentlayer+core@0.3.1_esbuild@0.17.18/node_modules/@contentlayer/core/dist/markdown as file
[1] <w>  at resolve esm file markdown-wasm/dist/markdown.node.js
[1] <w>  at file dependencies /home/KUD/Dev/blog/node_modules/.pnpm/@contentlayer+core@0.3.1_esbuild@0.17.18/node_modules/@contentlayer/core/dist/markdown/markdown.js
[1] <w>  at file /home/KUD/Dev/blog/node_modules/.pnpm/@contentlayer+core@0.3.1_esbuild@0.17.18/node_modules/@contentlayer/core/dist/markdown/markdown.js
[1] <w>  at resolve esm file ./markdown/markdown.js
[1] <w>  at file dependencies /home/KUD/Dev/blog/node_modules/.pnpm/@contentlayer+core@0.3.1_esbuild@0.17.18/node_modules/@contentlayer/core/dist/index.js
[1] <w>  at file /home/KUD/Dev/blog/node_modules/.pnpm/@contentlayer+core@0.3.1_esbuild@0.17.18/node_modules/@contentlayer/core/dist/index.js
[1] <w>  at resolve esm file @contentlayer/core
[1] <w>  at file dependencies /home/KUD/Dev/blog/node_modules/.pnpm/next-contentlayer@0.3.1_esbuild@0.17.18_next@13.3.2-canary.13_react-dom@18.2.0_react@18.2.0/node_modules/next-contentlayer/dist/plugin.js
[1] <w>  at file /home/KUD/Dev/blog/node_modules/.pnpm/next-contentlayer@0.3.1_esbuild@0.17.18_next@13.3.2-canary.13_react-dom@18.2.0_react@18.2.0/node_modules/next-contentlayer/dist/plugin.js
[1] <w>  at resolve esm file ./plugin.js
[1] <w>  at file dependencies /home/KUD/Dev/blog/node_modules/.pnpm/next-contentlayer@0.3.1_esbuild@0.17.18_next@13.3.2-canary.13_react-dom@18.2.0_react@18.2.0/node_modules/next-contentlayer/dist/index.js
[1] <w>  at file /home/KUD/Dev/blog/node_modules/.pnpm/next-contentlayer@0.3.1_esbuild@0.17.18_next@13.3.2-canary.13_react-dom@18.2.0_react@18.2.0/node_modules/next-contentlayer/dist/index.js
[1] <w>  at resolve esm file next-contentlayer
[1] <w>  at file dependencies /home/KUD/Dev/blog/next.config.mjs
[1] <w>  at file /home/KUD/Dev/blog/next.config.mjs
[1] <w>  at resolve commonjs /home/KUD/Dev/blog/next.config.mjs
[1] <w> [webpack.cache.PackFileCacheStrategy/webpack.FileSystemInfo] Parsing of /home/KUD/Dev/blog/node_modules/.pnpm/@contentlayer+core@0.3.1_esbuild@0.17.18/node_modules/@contentlayer/core/dist/dynamic-build.js for build dependencies failed at 'import(`file://${compiledConfigPath}`)'.
[1] <w> Build dependencies behind this expression are ignored and might cause incorrect cache invalidation.
[1] <w> [webpack.cache.PackFileCacheStrategy/webpack.FileSystemInfo] Parsing of /home/KUD/Dev/blog/node_modules/.pnpm/@contentlayer+core@0.3.1_esbuild@0.17.18/node_modules/@contentlayer/core/dist/getConfig/index.js for build dependencies failed at 'import(`file://${modulePath}?x=${Date.now()}`)'.
[1] <w> Build dependencies behind this expression are ignored and might cause incorrect cache invalidation.
[1] <w> [webpack.cache.PackFileCacheStrategy] Caching failed for pack: Error: Can't resolve 'markdown-wasm/dist/markdown.node.js' in '/home/KUD/Dev/blog/node_modules/.pnpm/@contentlayer+core@0.3.1_esbuild@0.17.18/node_modules/@contentlayer/core/dist/markdown'
[1] <w> while resolving 'markdown-wasm/dist/markdown.node.js' in /home/KUD/Dev/blog/node_modules/.pnpm/@contentlayer+core@0.3.1_esbuild@0.17.18/node_modules/@contentlayer/core/dist/markdown as file
[1] <w>  at resolve esm file markdown-wasm/dist/markdown.node.js
[1] <w>  at file dependencies /home/KUD/Dev/blog/node_modules/.pnpm/@contentlayer+core@0.3.1_esbuild@0.17.18/node_modules/@contentlayer/core/dist/markdown/markdown.js
[1] <w>  at file /home/KUD/Dev/blog/node_modules/.pnpm/@contentlayer+core@0.3.1_esbuild@0.17.18/node_modules/@contentlayer/core/dist/markdown/markdown.js
[1] <w>  at resolve esm file ./markdown/markdown.js
[1] <w>  at file dependencies /home/KUD/Dev/blog/node_modules/.pnpm/@contentlayer+core@0.3.1_esbuild@0.17.18/node_modules/@contentlayer/core/dist/index.js
[1] <w>  at file /home/KUD/Dev/blog/node_modules/.pnpm/@contentlayer+core@0.3.1_esbuild@0.17.18/node_modules/@contentlayer/core/dist/index.js
[1] <w>  at resolve esm file @contentlayer/core
[1] <w>  at file dependencies /home/KUD/Dev/blog/node_modules/.pnpm/next-contentlayer@0.3.1_esbuild@0.17.18_next@13.3.2-canary.13_react-dom@18.2.0_react@18.2.0/node_modules/next-contentlayer/dist/plugin.js
[1] <w>  at file /home/KUD/Dev/blog/node_modules/.pnpm/next-contentlayer@0.3.1_esbuild@0.17.18_next@13.3.2-canary.13_react-dom@18.2.0_react@18.2.0/node_modules/next-contentlayer/dist/plugin.js
[1] <w>  at resolve esm file ./plugin.js
[1] <w>  at file dependencies /home/KUD/Dev/blog/node_modules/.pnpm/next-contentlayer@0.3.1_esbuild@0.17.18_next@13.3.2-canary.13_react-dom@18.2.0_react@18.2.0/node_modules/next-contentlayer/dist/index.js
[1] <w>  at file /home/KUD/Dev/blog/node_modules/.pnpm/next-contentlayer@0.3.1_esbuild@0.17.18_next@13.3.2-canary.13_react-dom@18.2.0_react@18.2.0/node_modules/next-contentlayer/dist/index.js
[1] <w>  at resolve esm file next-contentlayer
[1] <w>  at file dependencies /home/KUD/Dev/blog/next.config.mjs
[1] <w>  at file /home/KUD/Dev/blog/next.config.mjs
[1] <w>  at resolve commonjs /home/KUD/Dev/blog/next.config.mjs
[1] [36mwait[39m  - compiling /(marketing)/blog/page (client and server)...
[1] [35mevent[39m - compiled client and server successfully in 478 ms (2161 modules)
[1] <w> [webpack.cache.PackFileCacheStrategy/webpack.FileSystemInfo] Parsing of /home/KUD/Dev/blog/node_modules/.pnpm/@contentlayer+core@0.3.1_esbuild@0.17.18/node_modules/@contentlayer/core/dist/dynamic-build.js for build dependencies failed at 'import(`file://${compiledConfigPath}`)'.
[1] <w> Build dependencies behind this expression are ignored and might cause incorrect cache invalidation.
[1] <w> [webpack.cache.PackFileCacheStrategy/webpack.FileSystemInfo] Parsing of /home/KUD/Dev/blog/node_modules/.pnpm/@contentlayer+core@0.3.1_esbuild@0.17.18/node_modules/@contentlayer/core/dist/dynamic-build.js for build dependencies failed at 'import(`file://${compiledConfigPath}`)'.
[1] <w> Build dependencies behind this expression are ignored and might cause incorrect cache invalidation.
[1] <w> [webpack.cache.PackFileCacheStrategy] Caching failed for pack: Error: Can't resolve 'markdown-wasm/dist/markdown.node.js' in '/home/KUD/Dev/blog/node_modules/.pnpm/@contentlayer+core@0.3.1_esbuild@0.17.18/node_modules/@contentlayer/core/dist/markdown'
[1] <w> while resolving 'markdown-wasm/dist/markdown.node.js' in /home/KUD/Dev/blog/node_modules/.pnpm/@contentlayer+core@0.3.1_esbuild@0.17.18/node_modules/@contentlayer/core/dist/markdown as file
[1] <w>  at resolve esm file markdown-wasm/dist/markdown.node.js
[1] <w>  at file dependencies /home/KUD/Dev/blog/node_modules/.pnpm/@contentlayer+core@0.3.1_esbuild@0.17.18/node_modules/@contentlayer/core/dist/markdown/markdown.js
[1] <w>  at file /home/KUD/Dev/blog/node_modules/.pnpm/@contentlayer+core@0.3.1_esbuild@0.17.18/node_modules/@contentlayer/core/dist/markdown/markdown.js
[1] <w>  at resolve esm file ./markdown/markdown.js
[1] <w>  at file dependencies /home/KUD/Dev/blog/node_modules/.pnpm/@contentlayer+core@0.3.1_esbuild@0.17.18/node_modules/@contentlayer/core/dist/index.js
[1] <w>  at file /home/KUD/Dev/blog/node_modules/.pnpm/@contentlayer+core@0.3.1_esbuild@0.17.18/node_modules/@contentlayer/core/dist/index.js
[1] <w>  at resolve esm file @contentlayer/core
[1] <w>  at file dependencies /home/KUD/Dev/blog/node_modules/.pnpm/next-contentlayer@0.3.1_esbuild@0.17.18_next@13.3.2-canary.13_react-dom@18.2.0_react@18.2.0/node_modules/next-contentlayer/dist/plugin.js
[1] <w>  at file /home/KUD/Dev/blog/node_modules/.pnpm/next-contentlayer@0.3.1_esbuild@0.17.18_next@13.3.2-canary.13_react-dom@18.2.0_react@18.2.0/node_modules/next-contentlayer/dist/plugin.js
[1] <w>  at resolve esm file ./plugin.js
[1] <w>  at file dependencies /home/KUD/Dev/blog/node_modules/.pnpm/next-contentlayer@0.3.1_esbuild@0.17.18_next@13.3.2-canary.13_react-dom@18.2.0_react@18.2.0/node_modules/next-contentlayer/dist/index.js
[1] <w>  at file /home/KUD/Dev/blog/node_modules/.pnpm/next-contentlayer@0.3.1_esbuild@0.17.18_next@13.3.2-canary.13_react-dom@18.2.0_react@18.2.0/node_modules/next-contentlayer/dist/index.js
[1] <w>  at resolve esm file next-contentlayer
[1] <w>  at file dependencies /home/KUD/Dev/blog/next.config.mjs
[1] <w>  at file /home/KUD/Dev/blog/next.config.mjs
[1] <w>  at resolve commonjs /home/KUD/Dev/blog/next.config.mjs
[1] <w> [webpack.cache.PackFileCacheStrategy/webpack.FileSystemInfo] Parsing of /home/KUD/Dev/blog/node_modules/.pnpm/@contentlayer+core@0.3.1_esbuild@0.17.18/node_modules/@contentlayer/core/dist/getConfig/index.js for build dependencies failed at 'import(`file://${modulePath}?x=${Date.now()}`)'.
[1] <w> Build dependencies behind this expression are ignored and might cause incorrect cache invalidation.
[1] <w> [webpack.cache.PackFileCacheStrategy] Caching failed for pack: Error: Can't resolve 'markdown-wasm/dist/markdown.node.js' in '/home/KUD/Dev/blog/node_modules/.pnpm/@contentlayer+core@0.3.1_esbuild@0.17.18/node_modules/@contentlayer/core/dist/markdown'
[1] <w> while resolving 'markdown-wasm/dist/markdown.node.js' in /home/KUD/Dev/blog/node_modules/.pnpm/@contentlayer+core@0.3.1_esbuild@0.17.18/node_modules/@contentlayer/core/dist/markdown as file
[1] <w>  at resolve esm file markdown-wasm/dist/markdown.node.js
[1] <w>  at file dependencies /home/KUD/Dev/blog/node_modules/.pnpm/@contentlayer+core@0.3.1_esbuild@0.17.18/node_modules/@contentlayer/core/dist/markdown/markdown.js
[1] <w>  at file /home/KUD/Dev/blog/node_modules/.pnpm/@contentlayer+core@0.3.1_esbuild@0.17.18/node_modules/@contentlayer/core/dist/markdown/markdown.js
[1] <w>  at resolve esm file ./markdown/markdown.js
[1] <w>  at file dependencies /home/KUD/Dev/blog/node_modules/.pnpm/@contentlayer+core@0.3.1_esbuild@0.17.18/node_modules/@contentlayer/core/dist/index.js
[1] <w>  at file /home/KUD/Dev/blog/node_modules/.pnpm/@contentlayer+core@0.3.1_esbuild@0.17.18/node_modules/@contentlayer/core/dist/index.js
[1] <w>  at resolve esm file @contentlayer/core
[1] <w>  at file dependencies /home/KUD/Dev/blog/node_modules/.pnpm/next-contentlayer@0.3.1_esbuild@0.17.18_next@13.3.2-canary.13_react-dom@18.2.0_react@18.2.0/node_modules/next-contentlayer/dist/plugin.js
[1] <w>  at file /home/KUD/Dev/blog/node_modules/.pnpm/next-contentlayer@0.3.1_esbuild@0.17.18_next@13.3.2-canary.13_react-dom@18.2.0_react@18.2.0/node_modules/next-contentlayer/dist/plugin.js
[1] <w>  at resolve esm file ./plugin.js
[1] <w>  at file dependencies /home/KUD/Dev/blog/node_modules/.pnpm/next-contentlayer@0.3.1_esbuild@0.17.18_next@13.3.2-canary.13_react-dom@18.2.0_react@18.2.0/node_modules/next-contentlayer/dist/index.js
[1] <w>  at file /home/KUD/Dev/blog/node_modules/.pnpm/next-contentlayer@0.3.1_esbuild@0.17.18_next@13.3.2-canary.13_react-dom@18.2.0_react@18.2.0/node_modules/next-contentlayer/dist/index.js
[1] <w>  at resolve esm file next-contentlayer
[1] <w>  at file dependencies /home/KUD/Dev/blog/next.config.mjs
[1] <w>  at file /home/KUD/Dev/blog/next.config.mjs
[1] <w>  at resolve commonjs /home/KUD/Dev/blog/next.config.mjs
[1] next dev exited with code SIGHUP
[0] contentlayer dev exited with code SIGHUP

> taxonomy@0.2.0 dev /home/KUD/Dev/blog
> concurrently "contentlayer dev" "next dev"

[1] ready - started server on 0.0.0.0:3000, url: http://localhost:3000
[1] [36minfo[39m  - Loaded env from /home/KUD/Dev/blog/.env.local
[0] Contentlayer config change detected. Updating type definitions and data...
[1] [33mwarn[39m  - [1mYou have enabled experimental features (appDir, serverComponentsExternalPackages) in next.config.mjs.[22m
[1] [33mwarn[39m  - Experimental features are not covered by semver, and may cause unexpected or broken application behavior. Use at your own risk.
[1] 
[1] [36minfo[39m  - Thank you for testing `appDir` please leave your feedback at https://nextjs.link/app-feedback
[0] Warning: Found 2 problems in 46 documents.
[0] 
[0]  â””â”€â”€ Missing required fields for 2 documents. (Skipping documents)
[0]      
[0]      â€¢ "blog/fault-series.mdx" (of type "Post") is missing the following required fields:
[0]        â€¢ image: string
[0]      â€¢ "blog/zemi-presentation-2023-spring.mdx" (of type "Post") is missing the following required fields:
[0]        â€¢ image: string
[0]      
[0] 
[0] Generated 44 documents in .contentlayer
[1] [35mevent[39m - compiled client and server successfully in 889 ms (262 modules)
[1] [36mwait[39m  - compiling...
[1] [35mevent[39m - compiled client and server successfully in 121 ms (262 modules)
[1] <w> [webpack.cache.PackFileCacheStrategy/webpack.FileSystemInfo] Parsing of /home/KUD/Dev/blog/node_modules/.pnpm/@contentlayer+core@0.3.1_esbuild@0.17.18/node_modules/@contentlayer/core/dist/dynamic-build.js for build dependencies failed at 'import(`file://${compiledConfigPath}`)'.
[1] <w> Build dependencies behind this expression are ignored and might cause incorrect cache invalidation.
[1] <w> [webpack.cache.PackFileCacheStrategy/webpack.FileSystemInfo] Parsing of /home/KUD/Dev/blog/node_modules/.pnpm/@contentlayer+core@0.3.1_esbuild@0.17.18/node_modules/@contentlayer/core/dist/dynamic-build.js for build dependencies failed at 'import(`file://${compiledConfigPath}`)'.
[1] <w> Build dependencies behind this expression are ignored and might cause incorrect cache invalidation.
[1] <w> [webpack.cache.PackFileCacheStrategy/webpack.FileSystemInfo] Parsing of /home/KUD/Dev/blog/node_modules/.pnpm/@contentlayer+core@0.3.1_esbuild@0.17.18/node_modules/@contentlayer/core/dist/getConfig/index.js for build dependencies failed at 'import(`file://${modulePath}?x=${Date.now()}`)'.
[1] <w> Build dependencies behind this expression are ignored and might cause incorrect cache invalidation.
[1] <w> [webpack.cache.PackFileCacheStrategy] Caching failed for pack: Error: Can't resolve 'markdown-wasm/dist/markdown.node.js' in '/home/KUD/Dev/blog/node_modules/.pnpm/@contentlayer+core@0.3.1_esbuild@0.17.18/node_modules/@contentlayer/core/dist/markdown'
[1] <w> while resolving 'markdown-wasm/dist/markdown.node.js' in /home/KUD/Dev/blog/node_modules/.pnpm/@contentlayer+core@0.3.1_esbuild@0.17.18/node_modules/@contentlayer/core/dist/markdown as file
[1] <w>  at resolve esm file markdown-wasm/dist/markdown.node.js
[1] <w>  at file dependencies /home/KUD/Dev/blog/node_modules/.pnpm/@contentlayer+core@0.3.1_esbuild@0.17.18/node_modules/@contentlayer/core/dist/markdown/markdown.js
[1] <w>  at file /home/KUD/Dev/blog/node_modules/.pnpm/@contentlayer+core@0.3.1_esbuild@0.17.18/node_modules/@contentlayer/core/dist/markdown/markdown.js
[1] <w>  at resolve esm file ./markdown/markdown.js
[1] <w>  at file dependencies /home/KUD/Dev/blog/node_modules/.pnpm/@contentlayer+core@0.3.1_esbuild@0.17.18/node_modules/@contentlayer/core/dist/index.js
[1] <w>  at file /home/KUD/Dev/blog/node_modules/.pnpm/@contentlayer+core@0.3.1_esbuild@0.17.18/node_modules/@contentlayer/core/dist/index.js
[1] <w>  at resolve esm file @contentlayer/core
[1] <w>  at file dependencies /home/KUD/Dev/blog/node_modules/.pnpm/next-contentlayer@0.3.1_esbuild@0.17.18_next@13.3.2-canary.13_react-dom@18.2.0_react@18.2.0/node_modules/next-contentlayer/dist/plugin.js
[1] <w>  at file /home/KUD/Dev/blog/node_modules/.pnpm/next-contentlayer@0.3.1_esbuild@0.17.18_next@13.3.2-canary.13_react-dom@18.2.0_react@18.2.0/node_modules/next-contentlayer/dist/plugin.js
[1] <w>  at resolve esm file ./plugin.js
[1] <w>  at file dependencies /home/KUD/Dev/blog/node_modules/.pnpm/next-contentlayer@0.3.1_esbuild@0.17.18_next@13.3.2-canary.13_react-dom@18.2.0_react@18.2.0/node_modules/next-contentlayer/dist/index.js
[1] <w>  at file /home/KUD/Dev/blog/node_modules/.pnpm/next-contentlayer@0.3.1_esbuild@0.17.18_next@13.3.2-canary.13_react-dom@18.2.0_react@18.2.0/node_modules/next-contentlayer/dist/index.js
[1] <w>  at resolve esm file next-contentlayer
[1] <w>  at file dependencies /home/KUD/Dev/blog/next.config.mjs
[1] <w>  at file /home/KUD/Dev/blog/next.config.mjs
[1] <w>  at resolve commonjs /home/KUD/Dev/blog/next.config.mjs
[1] <w> [webpack.cache.PackFileCacheStrategy/webpack.FileSystemInfo] Parsing of /home/KUD/Dev/blog/node_modules/.pnpm/@contentlayer+core@0.3.1_esbuild@0.17.18/node_modules/@contentlayer/core/dist/getConfig/index.js for build dependencies failed at 'import(`file://${modulePath}?x=${Date.now()}`)'.
[1] <w> Build dependencies behind this expression are ignored and might cause incorrect cache invalidation.
[1] <w> [webpack.cache.PackFileCacheStrategy] Caching failed for pack: Error: Can't resolve 'markdown-wasm/dist/markdown.node.js' in '/home/KUD/Dev/blog/node_modules/.pnpm/@contentlayer+core@0.3.1_esbuild@0.17.18/node_modules/@contentlayer/core/dist/markdown'
[1] <w> while resolving 'markdown-wasm/dist/markdown.node.js' in /home/KUD/Dev/blog/node_modules/.pnpm/@contentlayer+core@0.3.1_esbuild@0.17.18/node_modules/@contentlayer/core/dist/markdown as file
[1] <w>  at resolve esm file markdown-wasm/dist/markdown.node.js
[1] <w>  at file dependencies /home/KUD/Dev/blog/node_modules/.pnpm/@contentlayer+core@0.3.1_esbuild@0.17.18/node_modules/@contentlayer/core/dist/markdown/markdown.js
[1] <w>  at file /home/KUD/Dev/blog/node_modules/.pnpm/@contentlayer+core@0.3.1_esbuild@0.17.18/node_modules/@contentlayer/core/dist/markdown/markdown.js
[1] <w>  at resolve esm file ./markdown/markdown.js
[1] <w>  at file dependencies /home/KUD/Dev/blog/node_modules/.pnpm/@contentlayer+core@0.3.1_esbuild@0.17.18/node_modules/@contentlayer/core/dist/index.js
[1] <w>  at file /home/KUD/Dev/blog/node_modules/.pnpm/@contentlayer+core@0.3.1_esbuild@0.17.18/node_modules/@contentlayer/core/dist/index.js
[1] <w>  at resolve esm file @contentlayer/core
[1] <w>  at file dependencies /home/KUD/Dev/blog/node_modules/.pnpm/next-contentlayer@0.3.1_esbuild@0.17.18_next@13.3.2-canary.13_react-dom@18.2.0_react@18.2.0/node_modules/next-contentlayer/dist/plugin.js
[1] <w>  at file /home/KUD/Dev/blog/node_modules/.pnpm/next-contentlayer@0.3.1_esbuild@0.17.18_next@13.3.2-canary.13_react-dom@18.2.0_react@18.2.0/node_modules/next-contentlayer/dist/plugin.js
[1] <w>  at resolve esm file ./plugin.js
[1] <w>  at file dependencies /home/KUD/Dev/blog/node_modules/.pnpm/next-contentlayer@0.3.1_esbuild@0.17.18_next@13.3.2-canary.13_react-dom@18.2.0_react@18.2.0/node_modules/next-contentlayer/dist/index.js
[1] <w>  at file /home/KUD/Dev/blog/node_modules/.pnpm/next-contentlayer@0.3.1_esbuild@0.17.18_next@13.3.2-canary.13_react-dom@18.2.0_react@18.2.0/node_modules/next-contentlayer/dist/index.js
[1] <w>  at resolve esm file next-contentlayer
[1] <w>  at file dependencies /home/KUD/Dev/blog/next.config.mjs
[1] <w>  at file /home/KUD/Dev/blog/next.config.mjs
[1] <w>  at resolve commonjs /home/KUD/Dev/blog/next.config.mjs
[0] contentlayer dev exited with code SIGHUP
[1] next dev exited with code SIGHUP

> taxonomy@0.2.0 dev /home/KUD/Dev/blog
> concurrently "contentlayer dev" "next dev"

[1] ready - started server on 0.0.0.0:3000, url: http://localhost:3000
[1] [36minfo[39m  - Loaded env from /home/KUD/Dev/blog/.env.local
[1] [33mwarn[39m  - [1mYou have enabled experimental features (appDir, serverComponentsExternalPackages) in next.config.mjs.[22m
[1] [33mwarn[39m  - Experimental features are not covered by semver, and may cause unexpected or broken application behavior. Use at your own risk.
[1] 
[1] [36minfo[39m  - Thank you for testing `appDir` please leave your feedback at https://nextjs.link/app-feedback
[0] Contentlayer config change detected. Updating type definitions and data...
[0] Warning: Found 2 problems in 46 documents.
[0] 
[0]  â””â”€â”€ Missing required fields for 2 documents. (Skipping documents)
[0]      
[0]      â€¢ "blog/fault-series.mdx" (of type "Post") is missing the following required fields:
[0]        â€¢ image: string
[0]      â€¢ "blog/zemi-presentation-2023-spring.mdx" (of type "Post") is missing the following required fields:
[0]        â€¢ image: string
[0]      
[0] 
[0] Generated 44 documents in .contentlayer
[1] [35mevent[39m - compiled client and server successfully in 882 ms (262 modules)
[1] [36mwait[39m  - compiling...
[1] [35mevent[39m - compiled client and server successfully in 126 ms (262 modules)
[1] <w> [webpack.cache.PackFileCacheStrategy/webpack.FileSystemInfo] Parsing of /home/KUD/Dev/blog/node_modules/.pnpm/@contentlayer+core@0.3.1_esbuild@0.17.18/node_modules/@contentlayer/core/dist/dynamic-build.js for build dependencies failed at 'import(`file://${compiledConfigPath}`)'.
[1] <w> Build dependencies behind this expression are ignored and might cause incorrect cache invalidation.
[1] <w> [webpack.cache.PackFileCacheStrategy/webpack.FileSystemInfo] Parsing of /home/KUD/Dev/blog/node_modules/.pnpm/@contentlayer+core@0.3.1_esbuild@0.17.18/node_modules/@contentlayer/core/dist/dynamic-build.js for build dependencies failed at 'import(`file://${compiledConfigPath}`)'.
[1] <w> Build dependencies behind this expression are ignored and might cause incorrect cache invalidation.
[1] <w> [webpack.cache.PackFileCacheStrategy/webpack.FileSystemInfo] Parsing of /home/KUD/Dev/blog/node_modules/.pnpm/@contentlayer+core@0.3.1_esbuild@0.17.18/node_modules/@contentlayer/core/dist/getConfig/index.js for build dependencies failed at 'import(`file://${modulePath}?x=${Date.now()}`)'.
[1] <w> Build dependencies behind this expression are ignored and might cause incorrect cache invalidation.
[1] <w> [webpack.cache.PackFileCacheStrategy/webpack.FileSystemInfo] Parsing of /home/KUD/Dev/blog/node_modules/.pnpm/@contentlayer+core@0.3.1_esbuild@0.17.18/node_modules/@contentlayer/core/dist/getConfig/index.js for build dependencies failed at 'import(`file://${modulePath}?x=${Date.now()}`)'.
[1] <w> Build dependencies behind this expression are ignored and might cause incorrect cache invalidation.
[1] <w> [webpack.cache.PackFileCacheStrategy] Caching failed for pack: Error: Can't resolve 'markdown-wasm/dist/markdown.node.js' in '/home/KUD/Dev/blog/node_modules/.pnpm/@contentlayer+core@0.3.1_esbuild@0.17.18/node_modules/@contentlayer/core/dist/markdown'
[1] <w> while resolving 'markdown-wasm/dist/markdown.node.js' in /home/KUD/Dev/blog/node_modules/.pnpm/@contentlayer+core@0.3.1_esbuild@0.17.18/node_modules/@contentlayer/core/dist/markdown as file
[1] <w>  at resolve esm file markdown-wasm/dist/markdown.node.js
[1] <w>  at file dependencies /home/KUD/Dev/blog/node_modules/.pnpm/@contentlayer+core@0.3.1_esbuild@0.17.18/node_modules/@contentlayer/core/dist/markdown/markdown.js
[1] <w>  at file /home/KUD/Dev/blog/node_modules/.pnpm/@contentlayer+core@0.3.1_esbuild@0.17.18/node_modules/@contentlayer/core/dist/markdown/markdown.js
[1] <w>  at resolve esm file ./markdown/markdown.js
[1] <w>  at file dependencies /home/KUD/Dev/blog/node_modules/.pnpm/@contentlayer+core@0.3.1_esbuild@0.17.18/node_modules/@contentlayer/core/dist/index.js
[1] <w>  at file /home/KUD/Dev/blog/node_modules/.pnpm/@contentlayer+core@0.3.1_esbuild@0.17.18/node_modules/@contentlayer/core/dist/index.js
[1] <w>  at resolve esm file @contentlayer/core
[1] <w>  at file dependencies /home/KUD/Dev/blog/node_modules/.pnpm/next-contentlayer@0.3.1_esbuild@0.17.18_next@13.3.2-canary.13_react-dom@18.2.0_react@18.2.0/node_modules/next-contentlayer/dist/plugin.js
[1] <w>  at file /home/KUD/Dev/blog/node_modules/.pnpm/next-contentlayer@0.3.1_esbuild@0.17.18_next@13.3.2-canary.13_react-dom@18.2.0_react@18.2.0/node_modules/next-contentlayer/dist/plugin.js
[1] <w>  at resolve esm file ./plugin.js
[1] <w>  at file dependencies /home/KUD/Dev/blog/node_modules/.pnpm/next-contentlayer@0.3.1_esbuild@0.17.18_next@13.3.2-canary.13_react-dom@18.2.0_react@18.2.0/node_modules/next-contentlayer/dist/index.js
[1] <w>  at file /home/KUD/Dev/blog/node_modules/.pnpm/next-contentlayer@0.3.1_esbuild@0.17.18_next@13.3.2-canary.13_react-dom@18.2.0_react@18.2.0/node_modules/next-contentlayer/dist/index.js
[1] <w>  at resolve esm file next-contentlayer
[1] <w>  at file dependencies /home/KUD/Dev/blog/next.config.mjs
[1] <w>  at file /home/KUD/Dev/blog/next.config.mjs
[1] <w>  at resolve commonjs /home/KUD/Dev/blog/next.config.mjs
[1] <w> [webpack.cache.PackFileCacheStrategy] Caching failed for pack: Error: Can't resolve 'markdown-wasm/dist/markdown.node.js' in '/home/KUD/Dev/blog/node_modules/.pnpm/@contentlayer+core@0.3.1_esbuild@0.17.18/node_modules/@contentlayer/core/dist/markdown'
[1] <w> while resolving 'markdown-wasm/dist/markdown.node.js' in /home/KUD/Dev/blog/node_modules/.pnpm/@contentlayer+core@0.3.1_esbuild@0.17.18/node_modules/@contentlayer/core/dist/markdown as file
[1] <w>  at resolve esm file markdown-wasm/dist/markdown.node.js
[1] <w>  at file dependencies /home/KUD/Dev/blog/node_modules/.pnpm/@contentlayer+core@0.3.1_esbuild@0.17.18/node_modules/@contentlayer/core/dist/markdown/markdown.js
[1] <w>  at file /home/KUD/Dev/blog/node_modules/.pnpm/@contentlayer+core@0.3.1_esbuild@0.17.18/node_modules/@contentlayer/core/dist/markdown/markdown.js
[1] <w>  at resolve esm file ./markdown/markdown.js
[1] <w>  at file dependencies /home/KUD/Dev/blog/node_modules/.pnpm/@contentlayer+core@0.3.1_esbuild@0.17.18/node_modules/@contentlayer/core/dist/index.js
[1] <w>  at file /home/KUD/Dev/blog/node_modules/.pnpm/@contentlayer+core@0.3.1_esbuild@0.17.18/node_modules/@contentlayer/core/dist/index.js
[1] <w>  at resolve esm file @contentlayer/core
[1] <w>  at file dependencies /home/KUD/Dev/blog/node_modules/.pnpm/next-contentlayer@0.3.1_esbuild@0.17.18_next@13.3.2-canary.13_react-dom@18.2.0_react@18.2.0/node_modules/next-contentlayer/dist/plugin.js
[1] <w>  at file /home/KUD/Dev/blog/node_modules/.pnpm/next-contentlayer@0.3.1_esbuild@0.17.18_next@13.3.2-canary.13_react-dom@18.2.0_react@18.2.0/node_modules/next-contentlayer/dist/plugin.js
[1] <w>  at resolve esm file ./plugin.js
[1] <w>  at file dependencies /home/KUD/Dev/blog/node_modules/.pnpm/next-contentlayer@0.3.1_esbuild@0.17.18_next@13.3.2-canary.13_react-dom@18.2.0_react@18.2.0/node_modules/next-contentlayer/dist/index.js
[1] <w>  at file /home/KUD/Dev/blog/node_modules/.pnpm/next-contentlayer@0.3.1_esbuild@0.17.18_next@13.3.2-canary.13_react-dom@18.2.0_react@18.2.0/node_modules/next-contentlayer/dist/index.js
[1] <w>  at resolve esm file next-contentlayer
[1] <w>  at file dependencies /home/KUD/Dev/blog/next.config.mjs
[1] <w>  at file /home/KUD/Dev/blog/next.config.mjs
[1] <w>  at resolve commonjs /home/KUD/Dev/blog/next.config.mjs

> taxonomy@0.2.0 dev /home/KUD/Dev/blog
> concurrently "contentlayer dev" "next dev"

[1] ready - started server on 0.0.0.0:3000, url: http://localhost:3000
[1] [36minfo[39m  - Loaded env from /home/KUD/Dev/blog/.env.local
[0] Contentlayer config change detected. Updating type definitions and data...
[0] Warning: Found 2 problems in 46 documents.
[0] 
[0]  â””â”€â”€ Missing required fields for 2 documents. (Skipping documents)
[0]      
[0]      â€¢ "blog/fault-series.mdx" (of type "Post") is missing the following required fields:
[0]        â€¢ image: string
[0]      â€¢ "blog/zemi-presentation-2023-spring.mdx" (of type "Post") is missing the following required fields:
[0]        â€¢ image: string
[0]      
[0] 
[0] Generated 44 documents in .contentlayer
[1] [33mwarn[39m  - [1mYou have enabled experimental features (appDir, serverComponentsExternalPackages) in next.config.mjs.[22m
[1] [33mwarn[39m  - Experimental features are not covered by semver, and may cause unexpected or broken application behavior. Use at your own risk.
[1] 
[1] [36minfo[39m  - Thank you for testing `appDir` please leave your feedback at https://nextjs.link/app-feedback
[1] [35mevent[39m - compiled client and server successfully in 875 ms (262 modules)
[1] [36mwait[39m  - compiling...
[1] [35mevent[39m - compiled client and server successfully in 118 ms (262 modules)
[1] <w> [webpack.cache.PackFileCacheStrategy/webpack.FileSystemInfo] Parsing of /home/KUD/Dev/blog/node_modules/.pnpm/@contentlayer+core@0.3.1_esbuild@0.17.18/node_modules/@contentlayer/core/dist/dynamic-build.js for build dependencies failed at 'import(`file://${compiledConfigPath}`)'.
[1] <w> Build dependencies behind this expression are ignored and might cause incorrect cache invalidation.
[1] <w> [webpack.cache.PackFileCacheStrategy/webpack.FileSystemInfo] Parsing of /home/KUD/Dev/blog/node_modules/.pnpm/@contentlayer+core@0.3.1_esbuild@0.17.18/node_modules/@contentlayer/core/dist/dynamic-build.js for build dependencies failed at 'import(`file://${compiledConfigPath}`)'.
[1] <w> Build dependencies behind this expression are ignored and might cause incorrect cache invalidation.
[1] <w> [webpack.cache.PackFileCacheStrategy/webpack.FileSystemInfo] Parsing of /home/KUD/Dev/blog/node_modules/.pnpm/@contentlayer+core@0.3.1_esbuild@0.17.18/node_modules/@contentlayer/core/dist/getConfig/index.js for build dependencies failed at 'import(`file://${modulePath}?x=${Date.now()}`)'.
[1] <w> Build dependencies behind this expression are ignored and might cause incorrect cache invalidation.
[1] <w> [webpack.cache.PackFileCacheStrategy] Caching failed for pack: Error: Can't resolve 'markdown-wasm/dist/markdown.node.js' in '/home/KUD/Dev/blog/node_modules/.pnpm/@contentlayer+core@0.3.1_esbuild@0.17.18/node_modules/@contentlayer/core/dist/markdown'
[1] <w> while resolving 'markdown-wasm/dist/markdown.node.js' in /home/KUD/Dev/blog/node_modules/.pnpm/@contentlayer+core@0.3.1_esbuild@0.17.18/node_modules/@contentlayer/core/dist/markdown as file
[1] <w>  at resolve esm file markdown-wasm/dist/markdown.node.js
[1] <w>  at file dependencies /home/KUD/Dev/blog/node_modules/.pnpm/@contentlayer+core@0.3.1_esbuild@0.17.18/node_modules/@contentlayer/core/dist/markdown/markdown.js
[1] <w>  at file /home/KUD/Dev/blog/node_modules/.pnpm/@contentlayer+core@0.3.1_esbuild@0.17.18/node_modules/@contentlayer/core/dist/markdown/markdown.js
[1] <w>  at resolve esm file ./markdown/markdown.js
[1] <w>  at file dependencies /home/KUD/Dev/blog/node_modules/.pnpm/@contentlayer+core@0.3.1_esbuild@0.17.18/node_modules/@contentlayer/core/dist/index.js
[1] <w>  at file /home/KUD/Dev/blog/node_modules/.pnpm/@contentlayer+core@0.3.1_esbuild@0.17.18/node_modules/@contentlayer/core/dist/index.js
[1] <w>  at resolve esm file @contentlayer/core
[1] <w>  at file dependencies /home/KUD/Dev/blog/node_modules/.pnpm/next-contentlayer@0.3.1_esbuild@0.17.18_next@13.3.2-canary.13_react-dom@18.2.0_react@18.2.0/node_modules/next-contentlayer/dist/plugin.js
[1] <w>  at file /home/KUD/Dev/blog/node_modules/.pnpm/next-contentlayer@0.3.1_esbuild@0.17.18_next@13.3.2-canary.13_react-dom@18.2.0_react@18.2.0/node_modules/next-contentlayer/dist/plugin.js
[1] <w>  at resolve esm file ./plugin.js
[1] <w>  at file dependencies /home/KUD/Dev/blog/node_modules/.pnpm/next-contentlayer@0.3.1_esbuild@0.17.18_next@13.3.2-canary.13_react-dom@18.2.0_react@18.2.0/node_modules/next-contentlayer/dist/index.js
[1] <w>  at file /home/KUD/Dev/blog/node_modules/.pnpm/next-contentlayer@0.3.1_esbuild@0.17.18_next@13.3.2-canary.13_react-dom@18.2.0_react@18.2.0/node_modules/next-contentlayer/dist/index.js
[1] <w>  at resolve esm file next-contentlayer
[1] <w>  at file dependencies /home/KUD/Dev/blog/next.config.mjs
[1] <w>  at file /home/KUD/Dev/blog/next.config.mjs
[1] <w>  at resolve commonjs /home/KUD/Dev/blog/next.config.mjs
[1] <w> [webpack.cache.PackFileCacheStrategy/webpack.FileSystemInfo] Parsing of /home/KUD/Dev/blog/node_modules/.pnpm/@contentlayer+core@0.3.1_esbuild@0.17.18/node_modules/@contentlayer/core/dist/getConfig/index.js for build dependencies failed at 'import(`file://${modulePath}?x=${Date.now()}`)'.
[1] <w> Build dependencies behind this expression are ignored and might cause incorrect cache invalidation.
[1] <w> [webpack.cache.PackFileCacheStrategy] Caching failed for pack: Error: Can't resolve 'markdown-wasm/dist/markdown.node.js' in '/home/KUD/Dev/blog/node_modules/.pnpm/@contentlayer+core@0.3.1_esbuild@0.17.18/node_modules/@contentlayer/core/dist/markdown'
[1] <w> while resolving 'markdown-wasm/dist/markdown.node.js' in /home/KUD/Dev/blog/node_modules/.pnpm/@contentlayer+core@0.3.1_esbuild@0.17.18/node_modules/@contentlayer/core/dist/markdown as file
[1] <w>  at resolve esm file markdown-wasm/dist/markdown.node.js
[1] <w>  at file dependencies /home/KUD/Dev/blog/node_modules/.pnpm/@contentlayer+core@0.3.1_esbuild@0.17.18/node_modules/@contentlayer/core/dist/markdown/markdown.js
[1] <w>  at file /home/KUD/Dev/blog/node_modules/.pnpm/@contentlayer+core@0.3.1_esbuild@0.17.18/node_modules/@contentlayer/core/dist/markdown/markdown.js
[1] <w>  at resolve esm file ./markdown/markdown.js
[1] <w>  at file dependencies /home/KUD/Dev/blog/node_modules/.pnpm/@contentlayer+core@0.3.1_esbuild@0.17.18/node_modules/@contentlayer/core/dist/index.js
[1] <w>  at file /home/KUD/Dev/blog/node_modules/.pnpm/@contentlayer+core@0.3.1_esbuild@0.17.18/node_modules/@contentlayer/core/dist/index.js
[1] <w>  at resolve esm file @contentlayer/core
[1] <w>  at file dependencies /home/KUD/Dev/blog/node_modules/.pnpm/next-contentlayer@0.3.1_esbuild@0.17.18_next@13.3.2-canary.13_react-dom@18.2.0_react@18.2.0/node_modules/next-contentlayer/dist/plugin.js
[1] <w>  at file /home/KUD/Dev/blog/node_modules/.pnpm/next-contentlayer@0.3.1_esbuild@0.17.18_next@13.3.2-canary.13_react-dom@18.2.0_react@18.2.0/node_modules/next-contentlayer/dist/plugin.js
[1] <w>  at resolve esm file ./plugin.js
[1] <w>  at file dependencies /home/KUD/Dev/blog/node_modules/.pnpm/next-contentlayer@0.3.1_esbuild@0.17.18_next@13.3.2-canary.13_react-dom@18.2.0_react@18.2.0/node_modules/next-contentlayer/dist/index.js
[1] <w>  at file /home/KUD/Dev/blog/node_modules/.pnpm/next-contentlayer@0.3.1_esbuild@0.17.18_next@13.3.2-canary.13_react-dom@18.2.0_react@18.2.0/node_modules/next-contentlayer/dist/index.js
[1] <w>  at resolve esm file next-contentlayer
[1] <w>  at file dependencies /home/KUD/Dev/blog/next.config.mjs
[1] <w>  at file /home/KUD/Dev/blog/next.config.mjs
[1] <w>  at resolve commonjs /home/KUD/Dev/blog/next.config.mjs
[1] [36mwait[39m  - compiling /(marketing)/blog/[...slug]/page (client and server)...
[1] Warning: You're using `next/head` inside the `app` directory, please migrate to the Metadata API. See https://beta.nextjs.org/docs/api-reference/metadata for more details.
[1] [35mevent[39m - compiled client and server successfully in 3s (1884 modules)
[1] [36mwait[39m  - compiling...
[1] [35mevent[39m - compiled successfully in 231 ms (1317 modules)
[1] [36mwait[39m  - compiling...
[1] [35mevent[39m - compiled successfully in 51 ms (1303 modules)
[1] <w> [webpack.cache.PackFileCacheStrategy/webpack.FileSystemInfo] Parsing of /home/KUD/Dev/blog/node_modules/.pnpm/@contentlayer+core@0.3.1_esbuild@0.17.18/node_modules/@contentlayer/core/dist/dynamic-build.js for build dependencies failed at 'import(`file://${compiledConfigPath}`)'.
[1] <w> Build dependencies behind this expression are ignored and might cause incorrect cache invalidation.
[1] <w> [webpack.cache.PackFileCacheStrategy/webpack.FileSystemInfo] Parsing of /home/KUD/Dev/blog/node_modules/.pnpm/@contentlayer+core@0.3.1_esbuild@0.17.18/node_modules/@contentlayer/core/dist/getConfig/index.js for build dependencies failed at 'import(`file://${modulePath}?x=${Date.now()}`)'.
[1] <w> Build dependencies behind this expression are ignored and might cause incorrect cache invalidation.
[1] <w> [webpack.cache.PackFileCacheStrategy] Caching failed for pack: Error: Can't resolve 'markdown-wasm/dist/markdown.node.js' in '/home/KUD/Dev/blog/node_modules/.pnpm/@contentlayer+core@0.3.1_esbuild@0.17.18/node_modules/@contentlayer/core/dist/markdown'
[1] <w> while resolving 'markdown-wasm/dist/markdown.node.js' in /home/KUD/Dev/blog/node_modules/.pnpm/@contentlayer+core@0.3.1_esbuild@0.17.18/node_modules/@contentlayer/core/dist/markdown as file
[1] <w>  at resolve esm file markdown-wasm/dist/markdown.node.js
[1] <w>  at file dependencies /home/KUD/Dev/blog/node_modules/.pnpm/@contentlayer+core@0.3.1_esbuild@0.17.18/node_modules/@contentlayer/core/dist/markdown/markdown.js
[1] <w>  at file /home/KUD/Dev/blog/node_modules/.pnpm/@contentlayer+core@0.3.1_esbuild@0.17.18/node_modules/@contentlayer/core/dist/markdown/markdown.js
[1] <w>  at resolve esm file ./markdown/markdown.js
[1] <w>  at file dependencies /home/KUD/Dev/blog/node_modules/.pnpm/@contentlayer+core@0.3.1_esbuild@0.17.18/node_modules/@contentlayer/core/dist/index.js
[1] <w>  at file /home/KUD/Dev/blog/node_modules/.pnpm/@contentlayer+core@0.3.1_esbuild@0.17.18/node_modules/@contentlayer/core/dist/index.js
[1] <w>  at resolve esm file @contentlayer/core
[1] <w>  at file dependencies /home/KUD/Dev/blog/node_modules/.pnpm/next-contentlayer@0.3.1_esbuild@0.17.18_next@13.3.2-canary.13_react-dom@18.2.0_react@18.2.0/node_modules/next-contentlayer/dist/plugin.js
[1] <w>  at file /home/KUD/Dev/blog/node_modules/.pnpm/next-contentlayer@0.3.1_esbuild@0.17.18_next@13.3.2-canary.13_react-dom@18.2.0_react@18.2.0/node_modules/next-contentlayer/dist/plugin.js
[1] <w>  at resolve esm file ./plugin.js
[1] <w>  at file dependencies /home/KUD/Dev/blog/node_modules/.pnpm/next-contentlayer@0.3.1_esbuild@0.17.18_next@13.3.2-canary.13_react-dom@18.2.0_react@18.2.0/node_modules/next-contentlayer/dist/index.js
[1] <w>  at file /home/KUD/Dev/blog/node_modules/.pnpm/next-contentlayer@0.3.1_esbuild@0.17.18_next@13.3.2-canary.13_react-dom@18.2.0_react@18.2.0/node_modules/next-contentlayer/dist/index.js
[1] <w>  at resolve esm file next-contentlayer
[1] <w>  at file dependencies /home/KUD/Dev/blog/next.config.mjs
[1] <w>  at file /home/KUD/Dev/blog/next.config.mjs
[1] <w>  at resolve commonjs /home/KUD/Dev/blog/next.config.mjs
[1] <w> [webpack.cache.PackFileCacheStrategy/webpack.FileSystemInfo] Parsing of /home/KUD/Dev/blog/node_modules/.pnpm/@contentlayer+core@0.3.1_esbuild@0.17.18/node_modules/@contentlayer/core/dist/dynamic-build.js for build dependencies failed at 'import(`file://${compiledConfigPath}`)'.
[1] <w> Build dependencies behind this expression are ignored and might cause incorrect cache invalidation.
[1] <w> [webpack.cache.PackFileCacheStrategy] Caching failed for pack: Error: Can't resolve 'markdown-wasm/dist/markdown.node.js' in '/home/KUD/Dev/blog/node_modules/.pnpm/@contentlayer+core@0.3.1_esbuild@0.17.18/node_modules/@contentlayer/core/dist/markdown'
[1] <w> while resolving 'markdown-wasm/dist/markdown.node.js' in /home/KUD/Dev/blog/node_modules/.pnpm/@contentlayer+core@0.3.1_esbuild@0.17.18/node_modules/@contentlayer/core/dist/markdown as file
[1] <w>  at resolve esm file markdown-wasm/dist/markdown.node.js
[1] <w>  at file dependencies /home/KUD/Dev/blog/node_modules/.pnpm/@contentlayer+core@0.3.1_esbuild@0.17.18/node_modules/@contentlayer/core/dist/markdown/markdown.js
[1] <w>  at file /home/KUD/Dev/blog/node_modules/.pnpm/@contentlayer+core@0.3.1_esbuild@0.17.18/node_modules/@contentlayer/core/dist/markdown/markdown.js
[1] <w>  at resolve esm file ./markdown/markdown.js
[1] <w>  at file dependencies /home/KUD/Dev/blog/node_modules/.pnpm/@contentlayer+core@0.3.1_esbuild@0.17.18/node_modules/@contentlayer/core/dist/index.js
[1] <w>  at file /home/KUD/Dev/blog/node_modules/.pnpm/@contentlayer+core@0.3.1_esbuild@0.17.18/node_modules/@contentlayer/core/dist/index.js
[1] <w>  at resolve esm file @contentlayer/core
[1] <w>  at file dependencies /home/KUD/Dev/blog/node_modules/.pnpm/next-contentlayer@0.3.1_esbuild@0.17.18_next@13.3.2-canary.13_react-dom@18.2.0_react@18.2.0/node_modules/next-contentlayer/dist/plugin.js
[1] <w>  at file /home/KUD/Dev/blog/node_modules/.pnpm/next-contentlayer@0.3.1_esbuild@0.17.18_next@13.3.2-canary.13_react-dom@18.2.0_react@18.2.0/node_modules/next-contentlayer/dist/plugin.js
[1] <w>  at resolve esm file ./plugin.js
[1] <w>  at file dependencies /home/KUD/Dev/blog/node_modules/.pnpm/next-contentlayer@0.3.1_esbuild@0.17.18_next@13.3.2-canary.13_react-dom@18.2.0_react@18.2.0/node_modules/next-contentlayer/dist/index.js
[1] <w>  at file /home/KUD/Dev/blog/node_modules/.pnpm/next-contentlayer@0.3.1_esbuild@0.17.18_next@13.3.2-canary.13_react-dom@18.2.0_react@18.2.0/node_modules/next-contentlayer/dist/index.js
[1] <w>  at resolve esm file next-contentlayer
[1] <w>  at file dependencies /home/KUD/Dev/blog/next.config.mjs
[1] <w>  at file /home/KUD/Dev/blog/next.config.mjs
[1] <w>  at resolve commonjs /home/KUD/Dev/blog/next.config.mjs
[1] Warning: Each child in a list should have a unique "key" prop.
[1] 
[1] Check the top-level render call using <nav>. See https://reactjs.org/link/warning-keys for more information.
[1]     at MainNav (webpack-internal:///(sc_client)/./components/main-nav.tsx:25:20)
[1]     at Lazy
[1]     at div
[1]     at header
[1]     at div
[1]     at ScrollAndFocusHandler (webpack-internal:///(sc_client)/./node_modules/.pnpm/next@13.3.2-canary.13_@babel+core@7.21.4_@opentelemetry+api@1.1.0_react-dom@18.2.0_react@18.2.0/node_modules/next/dist/client/components/layout-router.js:139:9)
[1]     at InnerLayoutRouter (webpack-internal:///(sc_client)/./node_modules/.pnpm/next@13.3.2-canary.13_@babel+core@7.21.4_@opentelemetry+api@1.1.0_react-dom@18.2.0_react@18.2.0/node_modules/next/dist/client/components/layout-router.js:213:11)
[1]     at RedirectErrorBoundary (webpack-internal:///(sc_client)/./node_modules/.pnpm/next@13.3.2-canary.13_@babel+core@7.21.4_@opentelemetry+api@1.1.0_react-dom@18.2.0_react@18.2.0/node_modules/next/dist/client/components/redirect-boundary.js:64:9)
[1]     at RedirectBoundary (webpack-internal:///(sc_client)/./node_modules/.pnpm/next@13.3.2-canary.13_@babel+core@7.21.4_@opentelemetry+api@1.1.0_react-dom@18.2.0_react@18.2.0/node_modules/next/dist/client/components/redirect-boundary.js:71:11)
[1]     at NotFoundBoundary (webpack-internal:///(sc_client)/./node_modules/.pnpm/next@13.3.2-canary.13_@babel+core@7.21.4_@opentelemetry+api@1.1.0_react-dom@18.2.0_react@18.2.0/node_modules/next/dist/client/components/not-found-boundary.js:40:11)
[1]     at LoadingBoundary (webpack-internal:///(sc_client)/./node_modules/.pnpm/next@13.3.2-canary.13_@babel+core@7.21.4_@opentelemetry+api@1.1.0_react-dom@18.2.0_react@18.2.0/node_modules/next/dist/client/components/layout-router.js:320:11)
[1]     at ErrorBoundary (webpack-internal:///(sc_client)/./node_modules/.pnpm/next@13.3.2-canary.13_@babel+core@7.21.4_@opentelemetry+api@1.1.0_react-dom@18.2.0_react@18.2.0/node_modules/next/dist/client/components/error-boundary.js:86:11)
[1]     at RenderFromTemplateContext (webpack-internal:///(sc_client)/./node_modules/.pnpm/next@13.3.2-canary.13_@babel+core@7.21.4_@opentelemetry+api@1.1.0_react-dom@18.2.0_react@18.2.0/node_modules/next/dist/client/components/render-from-template-context.js:15:44)
[1]     at Lazy
[1]     at OuterLayoutRouter (webpack-internal:///(sc_client)/./node_modules/.pnpm/next@13.3.2-canary.13_@babel+core@7.21.4_@opentelemetry+api@1.1.0_react-dom@18.2.0_react@18.2.0/node_modules/next/dist/client/components/layout-router.js:329:11)
[1]     at Lazy
[1]     at m (webpack-internal:///(sc_client)/./node_modules/.pnpm/next-themes@0.2.1_next@13.3.2-canary.13_react-dom@18.2.0_react@18.2.0/node_modules/next-themes/dist/index.js:1:340)
[1]     at exports.ThemeProvider (webpack-internal:///(sc_client)/./node_modules/.pnpm/next-themes@0.2.1_next@13.3.2-canary.13_react-dom@18.2.0_react@18.2.0/node_modules/next-themes/dist/index.js:1:3641)
[1]     at ThemeProvider (webpack-internal:///(sc_client)/./components/theme-provider.tsx:13:26)
[1]     at Lazy
[1]     at body
[1]     at html
[1]     at RedirectErrorBoundary (webpack-internal:///(sc_client)/./node_modules/.pnpm/next@13.3.2-canary.13_@babel+core@7.21.4_@opentelemetry+api@1.1.0_react-dom@18.2.0_react@18.2.0/node_modules/next/dist/client/components/redirect-boundary.js:64:9)
[1]     at RedirectBoundary (webpack-internal:///(sc_client)/./node_modules/.pnpm/next@13.3.2-canary.13_@babel+core@7.21.4_@opentelemetry+api@1.1.0_react-dom@18.2.0_react@18.2.0/node_modules/next/dist/client/components/redirect-boundary.js:71:11)
[1]     at NotFoundErrorBoundary (webpack-internal:///(sc_client)/./node_modules/.pnpm/next@13.3.2-canary.13_@babel+core@7.21.4_@opentelemetry+api@1.1.0_react-dom@18.2.0_react@18.2.0/node_modules/next/dist/client/components/not-found-boundary.js:33:9)
[1]     at NotFoundBoundary (webpack-internal:///(sc_client)/./node_modules/.pnpm/next@13.3.2-canary.13_@babel+core@7.21.4_@opentelemetry+api@1.1.0_react-dom@18.2.0_react@18.2.0/node_modules/next/dist/client/components/not-found-boundary.js:40:11)
[1]     at ReactDevOverlay (webpack-internal:///(sc_client)/./node_modules/.pnpm/next@13.3.2-canary.13_@babel+core@7.21.4_@opentelemetry+api@1.1.0_react-dom@18.2.0_react@18.2.0/node_modules/next/dist/client/components/react-dev-overlay/internal/ReactDevOverlay.js:66:9)
[1]     at HotReload (webpack-internal:///(sc_client)/./node_modules/.pnpm/next@13.3.2-canary.13_@babel+core@7.21.4_@opentelemetry+api@1.1.0_react-dom@18.2.0_react@18.2.0/node_modules/next/dist/client/components/react-dev-overlay/hot-reloader-client.js:277:11)
[1]     at Router (webpack-internal:///(sc_client)/./node_modules/.pnpm/next@13.3.2-canary.13_@babel+core@7.21.4_@opentelemetry+api@1.1.0_react-dom@18.2.0_react@18.2.0/node_modules/next/dist/client/components/app-router.js:88:11)
[1]     at ErrorBoundaryHandler (webpack-internal:///(sc_client)/./node_modules/.pnpm/next@13.3.2-canary.13_@babel+core@7.21.4_@opentelemetry+api@1.1.0_react-dom@18.2.0_react@18.2.0/node_modules/next/dist/client/components/error-boundary.js:62:9)
[1]     at ErrorBoundary (webpack-internal:///(sc_client)/./node_modules/.pnpm/next@13.3.2-canary.13_@babel+core@7.21.4_@opentelemetry+api@1.1.0_react-dom@18.2.0_react@18.2.0/node_modules/next/dist/client/components/error-boundary.js:86:11)
[1]     at AppRouter (webpack-internal:///(sc_client)/./node_modules/.pnpm/next@13.3.2-canary.13_@babel+core@7.21.4_@opentelemetry+api@1.1.0_react-dom@18.2.0_react@18.2.0/node_modules/next/dist/client/components/app-router.js:320:13)
[1]     at Lazy
[1]     at Lazy
[1]     at ServerComponentWrapper (/home/KUD/Dev/blog/node_modules/.pnpm/next@13.3.2-canary.13_@babel+core@7.21.4_@opentelemetry+api@1.1.0_react-dom@18.2.0_react@18.2.0/node_modules/next/dist/server/app-render/create-server-components-renderer.js:78:31)
[1]     at ServerComponentWrapper (/home/KUD/Dev/blog/node_modules/.pnpm/next@13.3.2-canary.13_@babel+core@7.21.4_@opentelemetry+api@1.1.0_react-dom@18.2.0_react@18.2.0/node_modules/next/dist/server/app-render/create-server-components-renderer.js:78:31)
[1]     at InsertedHTML (/home/KUD/Dev/blog/node_modules/.pnpm/next@13.3.2-canary.13_@babel+core@7.21.4_@opentelemetry+api@1.1.0_react-dom@18.2.0_react@18.2.0/node_modules/next/dist/server/app-render/app-render.js:815:33)
[1] [36mwait[39m  - compiling...
[0] 
[0] File updated: hint/ieee-and-ietf.mdx
[1] [35mevent[39m - compiled successfully in 219 ms (1317 modules)
[1] [36mwait[39m  - compiling...
[0] Generated 45 documents in .contentlayer
[1] [35mevent[39m - compiled client and server successfully in 291 ms (1840 modules)
[1] <w> [webpack.cache.PackFileCacheStrategy/webpack.FileSystemInfo] Parsing of /home/KUD/Dev/blog/node_modules/.pnpm/@contentlayer+core@0.3.1_esbuild@0.17.18/node_modules/@contentlayer/core/dist/dynamic-build.js for build dependencies failed at 'import(`file://${compiledConfigPath}`)'.
[1] <w> Build dependencies behind this expression are ignored and might cause incorrect cache invalidation.
[1] <w> [webpack.cache.PackFileCacheStrategy/webpack.FileSystemInfo] Parsing of /home/KUD/Dev/blog/node_modules/.pnpm/@contentlayer+core@0.3.1_esbuild@0.17.18/node_modules/@contentlayer/core/dist/getConfig/index.js for build dependencies failed at 'import(`file://${modulePath}?x=${Date.now()}`)'.
[1] <w> Build dependencies behind this expression are ignored and might cause incorrect cache invalidation.
[1] <w> [webpack.cache.PackFileCacheStrategy] Caching failed for pack: Error: Can't resolve 'markdown-wasm/dist/markdown.node.js' in '/home/KUD/Dev/blog/node_modules/.pnpm/@contentlayer+core@0.3.1_esbuild@0.17.18/node_modules/@contentlayer/core/dist/markdown'
[1] <w> while resolving 'markdown-wasm/dist/markdown.node.js' in /home/KUD/Dev/blog/node_modules/.pnpm/@contentlayer+core@0.3.1_esbuild@0.17.18/node_modules/@contentlayer/core/dist/markdown as file
[1] <w>  at resolve esm file markdown-wasm/dist/markdown.node.js
[1] <w>  at file dependencies /home/KUD/Dev/blog/node_modules/.pnpm/@contentlayer+core@0.3.1_esbuild@0.17.18/node_modules/@contentlayer/core/dist/markdown/markdown.js
[1] <w>  at file /home/KUD/Dev/blog/node_modules/.pnpm/@contentlayer+core@0.3.1_esbuild@0.17.18/node_modules/@contentlayer/core/dist/markdown/markdown.js
[1] <w>  at resolve esm file ./markdown/markdown.js
[1] <w>  at file dependencies /home/KUD/Dev/blog/node_modules/.pnpm/@contentlayer+core@0.3.1_esbuild@0.17.18/node_modules/@contentlayer/core/dist/index.js
[1] <w>  at file /home/KUD/Dev/blog/node_modules/.pnpm/@contentlayer+core@0.3.1_esbuild@0.17.18/node_modules/@contentlayer/core/dist/index.js
[1] <w>  at resolve esm file @contentlayer/core
[1] <w>  at file dependencies /home/KUD/Dev/blog/node_modules/.pnpm/next-contentlayer@0.3.1_esbuild@0.17.18_next@13.3.2-canary.13_react-dom@18.2.0_react@18.2.0/node_modules/next-contentlayer/dist/plugin.js
[1] <w>  at file /home/KUD/Dev/blog/node_modules/.pnpm/next-contentlayer@0.3.1_esbuild@0.17.18_next@13.3.2-canary.13_react-dom@18.2.0_react@18.2.0/node_modules/next-contentlayer/dist/plugin.js
[1] <w>  at resolve esm file ./plugin.js
[1] <w>  at file dependencies /home/KUD/Dev/blog/node_modules/.pnpm/next-contentlayer@0.3.1_esbuild@0.17.18_next@13.3.2-canary.13_react-dom@18.2.0_react@18.2.0/node_modules/next-contentlayer/dist/index.js
[1] <w>  at file /home/KUD/Dev/blog/node_modules/.pnpm/next-contentlayer@0.3.1_esbuild@0.17.18_next@13.3.2-canary.13_react-dom@18.2.0_react@18.2.0/node_modules/next-contentlayer/dist/index.js
[1] <w>  at resolve esm file next-contentlayer
[1] <w>  at file dependencies /home/KUD/Dev/blog/next.config.mjs
[1] <w>  at file /home/KUD/Dev/blog/next.config.mjs
[1] <w>  at resolve commonjs /home/KUD/Dev/blog/next.config.mjs
[1] <w> [webpack.cache.PackFileCacheStrategy/webpack.FileSystemInfo] Parsing of /home/KUD/Dev/blog/node_modules/.pnpm/@contentlayer+core@0.3.1_esbuild@0.17.18/node_modules/@contentlayer/core/dist/dynamic-build.js for build dependencies failed at 'import(`file://${compiledConfigPath}`)'.
[1] <w> Build dependencies behind this expression are ignored and might cause incorrect cache invalidation.
[1] <w> [webpack.cache.PackFileCacheStrategy/webpack.FileSystemInfo] Parsing of /home/KUD/Dev/blog/node_modules/.pnpm/@contentlayer+core@0.3.1_esbuild@0.17.18/node_modules/@contentlayer/core/dist/getConfig/index.js for build dependencies failed at 'import(`file://${modulePath}?x=${Date.now()}`)'.
[1] <w> Build dependencies behind this expression are ignored and might cause incorrect cache invalidation.
[1] <w> [webpack.cache.PackFileCacheStrategy] Caching failed for pack: Error: Can't resolve 'markdown-wasm/dist/markdown.node.js' in '/home/KUD/Dev/blog/node_modules/.pnpm/@contentlayer+core@0.3.1_esbuild@0.17.18/node_modules/@contentlayer/core/dist/markdown'
[1] <w> while resolving 'markdown-wasm/dist/markdown.node.js' in /home/KUD/Dev/blog/node_modules/.pnpm/@contentlayer+core@0.3.1_esbuild@0.17.18/node_modules/@contentlayer/core/dist/markdown as file
[1] <w>  at resolve esm file markdown-wasm/dist/markdown.node.js
[1] <w>  at file dependencies /home/KUD/Dev/blog/node_modules/.pnpm/@contentlayer+core@0.3.1_esbuild@0.17.18/node_modules/@contentlayer/core/dist/markdown/markdown.js
[1] <w>  at file /home/KUD/Dev/blog/node_modules/.pnpm/@contentlayer+core@0.3.1_esbuild@0.17.18/node_modules/@contentlayer/core/dist/markdown/markdown.js
[1] <w>  at resolve esm file ./markdown/markdown.js
[1] <w>  at file dependencies /home/KUD/Dev/blog/node_modules/.pnpm/@contentlayer+core@0.3.1_esbuild@0.17.18/node_modules/@contentlayer/core/dist/index.js
[1] <w>  at file /home/KUD/Dev/blog/node_modules/.pnpm/@contentlayer+core@0.3.1_esbuild@0.17.18/node_modules/@contentlayer/core/dist/index.js
[1] <w>  at resolve esm file @contentlayer/core
[1] <w>  at file dependencies /home/KUD/Dev/blog/node_modules/.pnpm/next-contentlayer@0.3.1_esbuild@0.17.18_next@13.3.2-canary.13_react-dom@18.2.0_react@18.2.0/node_modules/next-contentlayer/dist/plugin.js
[1] <w>  at file /home/KUD/Dev/blog/node_modules/.pnpm/next-contentlayer@0.3.1_esbuild@0.17.18_next@13.3.2-canary.13_react-dom@18.2.0_react@18.2.0/node_modules/next-contentlayer/dist/plugin.js
[1] <w>  at resolve esm file ./plugin.js
[1] <w>  at file dependencies /home/KUD/Dev/blog/node_modules/.pnpm/next-contentlayer@0.3.1_esbuild@0.17.18_next@13.3.2-canary.13_react-dom@18.2.0_react@18.2.0/node_modules/next-contentlayer/dist/index.js
[1] <w>  at file /home/KUD/Dev/blog/node_modules/.pnpm/next-contentlayer@0.3.1_esbuild@0.17.18_next@13.3.2-canary.13_react-dom@18.2.0_react@18.2.0/node_modules/next-contentlayer/dist/index.js
[1] <w>  at resolve esm file next-contentlayer
[1] <w>  at file dependencies /home/KUD/Dev/blog/next.config.mjs
[1] <w>  at file /home/KUD/Dev/blog/next.config.mjs
[1] <w>  at resolve commonjs /home/KUD/Dev/blog/next.config.mjs
[1] [36mwait[39m  - compiling /(marketing)/page (client and server)...
[1] [35mevent[39m - compiled client and server successfully in 808 ms (2158 modules)
[1] <w> [webpack.cache.PackFileCacheStrategy/webpack.FileSystemInfo] Parsing of /home/KUD/Dev/blog/node_modules/.pnpm/@contentlayer+core@0.3.1_esbuild@0.17.18/node_modules/@contentlayer/core/dist/dynamic-build.js for build dependencies failed at 'import(`file://${compiledConfigPath}`)'.
[1] <w> Build dependencies behind this expression are ignored and might cause incorrect cache invalidation.
[1] <w> [webpack.cache.PackFileCacheStrategy] Caching failed for pack: Error: Can't resolve 'markdown-wasm/dist/markdown.node.js' in '/home/KUD/Dev/blog/node_modules/.pnpm/@contentlayer+core@0.3.1_esbuild@0.17.18/node_modules/@contentlayer/core/dist/markdown'
[1] <w> while resolving 'markdown-wasm/dist/markdown.node.js' in /home/KUD/Dev/blog/node_modules/.pnpm/@contentlayer+core@0.3.1_esbuild@0.17.18/node_modules/@contentlayer/core/dist/markdown as file
[1] <w>  at resolve esm file markdown-wasm/dist/markdown.node.js
[1] <w>  at file dependencies /home/KUD/Dev/blog/node_modules/.pnpm/@contentlayer+core@0.3.1_esbuild@0.17.18/node_modules/@contentlayer/core/dist/markdown/markdown.js
[1] <w>  at file /home/KUD/Dev/blog/node_modules/.pnpm/@contentlayer+core@0.3.1_esbuild@0.17.18/node_modules/@contentlayer/core/dist/markdown/markdown.js
[1] <w>  at resolve esm file ./markdown/markdown.js
[1] <w>  at file dependencies /home/KUD/Dev/blog/node_modules/.pnpm/@contentlayer+core@0.3.1_esbuild@0.17.18/node_modules/@contentlayer/core/dist/index.js
[1] <w>  at file /home/KUD/Dev/blog/node_modules/.pnpm/@contentlayer+core@0.3.1_esbuild@0.17.18/node_modules/@contentlayer/core/dist/index.js
[1] <w>  at resolve esm file @contentlayer/core
[1] <w>  at file dependencies /home/KUD/Dev/blog/node_modules/.pnpm/next-contentlayer@0.3.1_esbuild@0.17.18_next@13.3.2-canary.13_react-dom@18.2.0_react@18.2.0/node_modules/next-contentlayer/dist/plugin.js
[1] <w>  at file /home/KUD/Dev/blog/node_modules/.pnpm/next-contentlayer@0.3.1_esbuild@0.17.18_next@13.3.2-canary.13_react-dom@18.2.0_react@18.2.0/node_modules/next-contentlayer/dist/plugin.js
[1] <w>  at resolve esm file ./plugin.js
[1] <w>  at file dependencies /home/KUD/Dev/blog/node_modules/.pnpm/next-contentlayer@0.3.1_esbuild@0.17.18_next@13.3.2-canary.13_react-dom@18.2.0_react@18.2.0/node_modules/next-contentlayer/dist/index.js
[1] <w>  at file /home/KUD/Dev/blog/node_modules/.pnpm/next-contentlayer@0.3.1_esbuild@0.17.18_next@13.3.2-canary.13_react-dom@18.2.0_react@18.2.0/node_modules/next-contentlayer/dist/index.js
[1] <w>  at resolve esm file next-contentlayer
[1] <w>  at file dependencies /home/KUD/Dev/blog/next.config.mjs
[1] <w>  at file /home/KUD/Dev/blog/next.config.mjs
[1] <w>  at resolve commonjs /home/KUD/Dev/blog/next.config.mjs
[1] <w> [webpack.cache.PackFileCacheStrategy/webpack.FileSystemInfo] Parsing of /home/KUD/Dev/blog/node_modules/.pnpm/@contentlayer+core@0.3.1_esbuild@0.17.18/node_modules/@contentlayer/core/dist/dynamic-build.js for build dependencies failed at 'import(`file://${compiledConfigPath}`)'.
[1] <w> Build dependencies behind this expression are ignored and might cause incorrect cache invalidation.
[1] <w> [webpack.cache.PackFileCacheStrategy/webpack.FileSystemInfo] Parsing of /home/KUD/Dev/blog/node_modules/.pnpm/@contentlayer+core@0.3.1_esbuild@0.17.18/node_modules/@contentlayer/core/dist/getConfig/index.js for build dependencies failed at 'import(`file://${modulePath}?x=${Date.now()}`)'.
[1] <w> Build dependencies behind this expression are ignored and might cause incorrect cache invalidation.
[1] <w> [webpack.cache.PackFileCacheStrategy] Caching failed for pack: Error: Can't resolve 'markdown-wasm/dist/markdown.node.js' in '/home/KUD/Dev/blog/node_modules/.pnpm/@contentlayer+core@0.3.1_esbuild@0.17.18/node_modules/@contentlayer/core/dist/markdown'
[1] <w> while resolving 'markdown-wasm/dist/markdown.node.js' in /home/KUD/Dev/blog/node_modules/.pnpm/@contentlayer+core@0.3.1_esbuild@0.17.18/node_modules/@contentlayer/core/dist/markdown as file
[1] <w>  at resolve esm file markdown-wasm/dist/markdown.node.js
[1] <w>  at file dependencies /home/KUD/Dev/blog/node_modules/.pnpm/@contentlayer+core@0.3.1_esbuild@0.17.18/node_modules/@contentlayer/core/dist/markdown/markdown.js
[1] <w>  at file /home/KUD/Dev/blog/node_modules/.pnpm/@contentlayer+core@0.3.1_esbuild@0.17.18/node_modules/@contentlayer/core/dist/markdown/markdown.js
[1] <w>  at resolve esm file ./markdown/markdown.js
[1] <w>  at file dependencies /home/KUD/Dev/blog/node_modules/.pnpm/@contentlayer+core@0.3.1_esbuild@0.17.18/node_modules/@contentlayer/core/dist/index.js
[1] <w>  at file /home/KUD/Dev/blog/node_modules/.pnpm/@contentlayer+core@0.3.1_esbuild@0.17.18/node_modules/@contentlayer/core/dist/index.js
[1] <w>  at resolve esm file @contentlayer/core
[1] <w>  at file dependencies /home/KUD/Dev/blog/node_modules/.pnpm/next-contentlayer@0.3.1_esbuild@0.17.18_next@13.3.2-canary.13_react-dom@18.2.0_react@18.2.0/node_modules/next-contentlayer/dist/plugin.js
[1] <w>  at file /home/KUD/Dev/blog/node_modules/.pnpm/next-contentlayer@0.3.1_esbuild@0.17.18_next@13.3.2-canary.13_react-dom@18.2.0_react@18.2.0/node_modules/next-contentlayer/dist/plugin.js
[1] <w>  at resolve esm file ./plugin.js
[1] <w>  at file dependencies /home/KUD/Dev/blog/node_modules/.pnpm/next-contentlayer@0.3.1_esbuild@0.17.18_next@13.3.2-canary.13_react-dom@18.2.0_react@18.2.0/node_modules/next-contentlayer/dist/index.js
[1] <w>  at file /home/KUD/Dev/blog/node_modules/.pnpm/next-contentlayer@0.3.1_esbuild@0.17.18_next@13.3.2-canary.13_react-dom@18.2.0_react@18.2.0/node_modules/next-contentlayer/dist/index.js
[1] <w>  at resolve esm file next-contentlayer
[1] <w>  at file dependencies /home/KUD/Dev/blog/next.config.mjs
[1] <w>  at file /home/KUD/Dev/blog/next.config.mjs
[1] <w>  at resolve commonjs /home/KUD/Dev/blog/next.config.mjs
[1] [36mwait[39m  - compiling /(marketing)/blog/page (client and server)...
[1] [35mevent[39m - compiled client and server successfully in 578 ms (2161 modules)
[1] [36mwait[39m  - compiling...
[0] 
[0] File updated: blog/applied-informatics-mid-term-review.mdx
[0] âœ˜ [ERROR] Could not parse expression with acorn: Expecting Unicode escape sequence \uXXXX [plugin @mdx-js/esbuild]
[0] 
[0]     _mdx_bundler_entry_point-6e477449-67f3-49c7-ba6b-307191f183e3.mdx:63:22:
[0]       63 â”‚ w = w - \alpha \frac{\partial L(w, b)}{\partial w}
[0]          â•µ                       ^
[0] 
[0] Error: Found 1 problems in 1 documents.
[0] 
[0]  â””â”€â”€ Encountered unexpected errors while processing of 1 documents. This is possibly a bug in Contentlayer. Please open an issue.
[0]      
[0]      â€¢ "blog/applied-informatics-mid-term-review.mdx": UnexpectedMDXError: Error: Build failed with 1 error:
[0]      _mdx_bundler_entry_point-6e477449-67f3-49c7-ba6b-307191f183e3.mdx:63:22: ERROR: [plugin: @mdx-js/esbuild] Could not parse expression with acorn: Expecting Unicode escape sequence \uXXXX
[0]      
[0] 
[0] SourceFetchDataError: {
[0]   "_tag": "HandledFetchDataError"
[0] }
[1] [35mevent[39m - compiled successfully in 197 ms (1319 modules)
[1] <w> [webpack.cache.PackFileCacheStrategy/webpack.FileSystemInfo] Parsing of /home/KUD/Dev/blog/node_modules/.pnpm/@contentlayer+core@0.3.1_esbuild@0.17.18/node_modules/@contentlayer/core/dist/dynamic-build.js for build dependencies failed at 'import(`file://${compiledConfigPath}`)'.
[1] <w> Build dependencies behind this expression are ignored and might cause incorrect cache invalidation.
[1] <w> [webpack.cache.PackFileCacheStrategy/webpack.FileSystemInfo] Parsing of /home/KUD/Dev/blog/node_modules/.pnpm/@contentlayer+core@0.3.1_esbuild@0.17.18/node_modules/@contentlayer/core/dist/getConfig/index.js for build dependencies failed at 'import(`file://${modulePath}?x=${Date.now()}`)'.
[1] <w> Build dependencies behind this expression are ignored and might cause incorrect cache invalidation.
[1] <w> [webpack.cache.PackFileCacheStrategy] Caching failed for pack: Error: Can't resolve 'markdown-wasm/dist/markdown.node.js' in '/home/KUD/Dev/blog/node_modules/.pnpm/@contentlayer+core@0.3.1_esbuild@0.17.18/node_modules/@contentlayer/core/dist/markdown'
[1] <w> while resolving 'markdown-wasm/dist/markdown.node.js' in /home/KUD/Dev/blog/node_modules/.pnpm/@contentlayer+core@0.3.1_esbuild@0.17.18/node_modules/@contentlayer/core/dist/markdown as file
[1] <w>  at resolve esm file markdown-wasm/dist/markdown.node.js
[1] <w>  at file dependencies /home/KUD/Dev/blog/node_modules/.pnpm/@contentlayer+core@0.3.1_esbuild@0.17.18/node_modules/@contentlayer/core/dist/markdown/markdown.js
[1] <w>  at file /home/KUD/Dev/blog/node_modules/.pnpm/@contentlayer+core@0.3.1_esbuild@0.17.18/node_modules/@contentlayer/core/dist/markdown/markdown.js
[1] <w>  at resolve esm file ./markdown/markdown.js
[1] <w>  at file dependencies /home/KUD/Dev/blog/node_modules/.pnpm/@contentlayer+core@0.3.1_esbuild@0.17.18/node_modules/@contentlayer/core/dist/index.js
[1] <w>  at file /home/KUD/Dev/blog/node_modules/.pnpm/@contentlayer+core@0.3.1_esbuild@0.17.18/node_modules/@contentlayer/core/dist/index.js
[1] <w>  at resolve esm file @contentlayer/core
[1] <w>  at file dependencies /home/KUD/Dev/blog/node_modules/.pnpm/next-contentlayer@0.3.1_esbuild@0.17.18_next@13.3.2-canary.13_react-dom@18.2.0_react@18.2.0/node_modules/next-contentlayer/dist/plugin.js
[1] <w>  at file /home/KUD/Dev/blog/node_modules/.pnpm/next-contentlayer@0.3.1_esbuild@0.17.18_next@13.3.2-canary.13_react-dom@18.2.0_react@18.2.0/node_modules/next-contentlayer/dist/plugin.js
[1] <w>  at resolve esm file ./plugin.js
[1] <w>  at file dependencies /home/KUD/Dev/blog/node_modules/.pnpm/next-contentlayer@0.3.1_esbuild@0.17.18_next@13.3.2-canary.13_react-dom@18.2.0_react@18.2.0/node_modules/next-contentlayer/dist/index.js
[1] <w>  at file /home/KUD/Dev/blog/node_modules/.pnpm/next-contentlayer@0.3.1_esbuild@0.17.18_next@13.3.2-canary.13_react-dom@18.2.0_react@18.2.0/node_modules/next-contentlayer/dist/index.js
[1] <w>  at resolve esm file next-contentlayer
[1] <w>  at file dependencies /home/KUD/Dev/blog/next.config.mjs
[1] <w>  at file /home/KUD/Dev/blog/next.config.mjs
[1] <w>  at resolve commonjs /home/KUD/Dev/blog/next.config.mjs
[1] [36mwait[39m  - compiling...
[0] 
[0] File updated: blog/applied-informatics-mid-term-review.mdx
[0] LaTeX-incompatible input and strict mode is set to 'warn': In LaTeX, \\ or \newline does nothing in display mode [newLineInDisplayMode]
[0] LaTeX-incompatible input and strict mode is set to 'warn': In LaTeX, \\ or \newline does nothing in display mode [newLineInDisplayMode]
[0] LaTeX-incompatible input and strict mode is set to 'warn': In LaTeX, \\ or \newline does nothing in display mode [newLineInDisplayMode]
[0] Generated 45 documents in .contentlayer
[1] [35mevent[39m - compiled client and server successfully in 444 ms (2175 modules)
[1] [36mwait[39m  - compiling...
[0] 
[0] File updated: blog/applied-informatics-mid-term-review.mdx
[0] LaTeX-incompatible input and strict mode is set to 'warn': In LaTeX, \\ or \newline does nothing in display mode [newLineInDisplayMode]
[0] LaTeX-incompatible input and strict mode is set to 'warn': In LaTeX, \\ or \newline does nothing in display mode [newLineInDisplayMode]
[0] LaTeX-incompatible input and strict mode is set to 'warn': In LaTeX, \\ or \newline does nothing in display mode [newLineInDisplayMode]
[0] Generated 45 documents in .contentlayer
[1] [35mevent[39m - compiled client and server successfully in 499 ms (2175 modules)
[1] [36mwait[39m  - compiling...
[0] 
[0] File updated: blog/applied-informatics-mid-term-review.mdx
[0] LaTeX-incompatible input and strict mode is set to 'warn': In LaTeX, \\ or \newline does nothing in display mode [newLineInDisplayMode]
[0] LaTeX-incompatible input and strict mode is set to 'warn': In LaTeX, \\ or \newline does nothing in display mode [newLineInDisplayMode]
[0] LaTeX-incompatible input and strict mode is set to 'warn': In LaTeX, \\ or \newline does nothing in display mode [newLineInDisplayMode]
[0] Generated 45 documents in .contentlayer
[1] [35mevent[39m - compiled client and server successfully in 517 ms (2175 modules)
[1] [36mwait[39m  - compiling...
[0] 
[0] File updated: blog/applied-informatics-mid-term-review.mdx
[0] LaTeX-incompatible input and strict mode is set to 'warn': In LaTeX, \\ or \newline does nothing in display mode [newLineInDisplayMode]
[0] LaTeX-incompatible input and strict mode is set to 'warn': In LaTeX, \\ or \newline does nothing in display mode [newLineInDisplayMode]
[0] LaTeX-incompatible input and strict mode is set to 'warn': In LaTeX, \\ or \newline does nothing in display mode [newLineInDisplayMode]
[0] â–² [WARNING] KaTeX parse error: Undefined control sequence: \Sum at position 59: ...i] - \bar{y})}{\Ì²SÌ²uÌ²mÌ²^m_{i=1} (x[i] ... [plugin @mdx-js/esbuild]
[0] 
[0]     _mdx_bundler_entry_point-8307538a-9e93-4f93-a667-6999b5a329f7.mdx:45:0:
[0]       45 â”‚ $$
[0]          â•µ ~~
[0] 
[0] Generated 45 documents in .contentlayer
[1] [35mevent[39m - compiled client and server successfully in 422 ms (2175 modules)
[1] <w> [webpack.cache.PackFileCacheStrategy/webpack.FileSystemInfo] Parsing of /home/KUD/Dev/blog/node_modules/.pnpm/@contentlayer+core@0.3.1_esbuild@0.17.18/node_modules/@contentlayer/core/dist/dynamic-build.js for build dependencies failed at 'import(`file://${compiledConfigPath}`)'.
[1] <w> Build dependencies behind this expression are ignored and might cause incorrect cache invalidation.
[1] <w> [webpack.cache.PackFileCacheStrategy] Caching failed for pack: Error: Can't resolve 'markdown-wasm/dist/markdown.node.js' in '/home/KUD/Dev/blog/node_modules/.pnpm/@contentlayer+core@0.3.1_esbuild@0.17.18/node_modules/@contentlayer/core/dist/markdown'
[1] <w> while resolving 'markdown-wasm/dist/markdown.node.js' in /home/KUD/Dev/blog/node_modules/.pnpm/@contentlayer+core@0.3.1_esbuild@0.17.18/node_modules/@contentlayer/core/dist/markdown as file
[1] <w>  at resolve esm file markdown-wasm/dist/markdown.node.js
[1] <w>  at file dependencies /home/KUD/Dev/blog/node_modules/.pnpm/@contentlayer+core@0.3.1_esbuild@0.17.18/node_modules/@contentlayer/core/dist/markdown/markdown.js
[1] <w>  at file /home/KUD/Dev/blog/node_modules/.pnpm/@contentlayer+core@0.3.1_esbuild@0.17.18/node_modules/@contentlayer/core/dist/markdown/markdown.js
[1] <w>  at resolve esm file ./markdown/markdown.js
[1] <w>  at file dependencies /home/KUD/Dev/blog/node_modules/.pnpm/@contentlayer+core@0.3.1_esbuild@0.17.18/node_modules/@contentlayer/core/dist/index.js
[1] <w>  at file /home/KUD/Dev/blog/node_modules/.pnpm/@contentlayer+core@0.3.1_esbuild@0.17.18/node_modules/@contentlayer/core/dist/index.js
[1] <w>  at resolve esm file @contentlayer/core
[1] <w>  at file dependencies /home/KUD/Dev/blog/node_modules/.pnpm/next-contentlayer@0.3.1_esbuild@0.17.18_next@13.3.2-canary.13_react-dom@18.2.0_react@18.2.0/node_modules/next-contentlayer/dist/plugin.js
[1] <w>  at file /home/KUD/Dev/blog/node_modules/.pnpm/next-contentlayer@0.3.1_esbuild@0.17.18_next@13.3.2-canary.13_react-dom@18.2.0_react@18.2.0/node_modules/next-contentlayer/dist/plugin.js
[1] <w>  at resolve esm file ./plugin.js
[1] <w>  at file dependencies /home/KUD/Dev/blog/node_modules/.pnpm/next-contentlayer@0.3.1_esbuild@0.17.18_next@13.3.2-canary.13_react-dom@18.2.0_react@18.2.0/node_modules/next-contentlayer/dist/index.js
[1] <w>  at file /home/KUD/Dev/blog/node_modules/.pnpm/next-contentlayer@0.3.1_esbuild@0.17.18_next@13.3.2-canary.13_react-dom@18.2.0_react@18.2.0/node_modules/next-contentlayer/dist/index.js
[1] <w>  at resolve esm file next-contentlayer
[1] <w>  at file dependencies /home/KUD/Dev/blog/next.config.mjs
[1] <w>  at file /home/KUD/Dev/blog/next.config.mjs
[1] <w>  at resolve commonjs /home/KUD/Dev/blog/next.config.mjs
[1] [36mwait[39m  - compiling...
[0] 
[0] File updated: blog/applied-informatics-mid-term-review.mdx
[0] LaTeX-incompatible input and strict mode is set to 'warn': In LaTeX, \\ or \newline does nothing in display mode [newLineInDisplayMode]
[0] LaTeX-incompatible input and strict mode is set to 'warn': In LaTeX, \\ or \newline does nothing in display mode [newLineInDisplayMode]
[0] LaTeX-incompatible input and strict mode is set to 'warn': In LaTeX, \\ or \newline does nothing in display mode [newLineInDisplayMode]
[0] Generated 45 documents in .contentlayer
[1] [35mevent[39m - compiled client and server successfully in 439 ms (2175 modules)
[1] <w> [webpack.cache.PackFileCacheStrategy/webpack.FileSystemInfo] Parsing of /home/KUD/Dev/blog/node_modules/.pnpm/@contentlayer+core@0.3.1_esbuild@0.17.18/node_modules/@contentlayer/core/dist/dynamic-build.js for build dependencies failed at 'import(`file://${compiledConfigPath}`)'.
[1] <w> Build dependencies behind this expression are ignored and might cause incorrect cache invalidation.
[1] <w> [webpack.cache.PackFileCacheStrategy/webpack.FileSystemInfo] Parsing of /home/KUD/Dev/blog/node_modules/.pnpm/@contentlayer+core@0.3.1_esbuild@0.17.18/node_modules/@contentlayer/core/dist/getConfig/index.js for build dependencies failed at 'import(`file://${modulePath}?x=${Date.now()}`)'.
[1] <w> Build dependencies behind this expression are ignored and might cause incorrect cache invalidation.
[1] <w> [webpack.cache.PackFileCacheStrategy] Caching failed for pack: Error: Can't resolve 'markdown-wasm/dist/markdown.node.js' in '/home/KUD/Dev/blog/node_modules/.pnpm/@contentlayer+core@0.3.1_esbuild@0.17.18/node_modules/@contentlayer/core/dist/markdown'
[1] <w> while resolving 'markdown-wasm/dist/markdown.node.js' in /home/KUD/Dev/blog/node_modules/.pnpm/@contentlayer+core@0.3.1_esbuild@0.17.18/node_modules/@contentlayer/core/dist/markdown as file
[1] <w>  at resolve esm file markdown-wasm/dist/markdown.node.js
[1] <w>  at file dependencies /home/KUD/Dev/blog/node_modules/.pnpm/@contentlayer+core@0.3.1_esbuild@0.17.18/node_modules/@contentlayer/core/dist/markdown/markdown.js
[1] <w>  at file /home/KUD/Dev/blog/node_modules/.pnpm/@contentlayer+core@0.3.1_esbuild@0.17.18/node_modules/@contentlayer/core/dist/markdown/markdown.js
[1] <w>  at resolve esm file ./markdown/markdown.js
[1] <w>  at file dependencies /home/KUD/Dev/blog/node_modules/.pnpm/@contentlayer+core@0.3.1_esbuild@0.17.18/node_modules/@contentlayer/core/dist/index.js
[1] <w>  at file /home/KUD/Dev/blog/node_modules/.pnpm/@contentlayer+core@0.3.1_esbuild@0.17.18/node_modules/@contentlayer/core/dist/index.js
[1] <w>  at resolve esm file @contentlayer/core
[1] <w>  at file dependencies /home/KUD/Dev/blog/node_modules/.pnpm/next-contentlayer@0.3.1_esbuild@0.17.18_next@13.3.2-canary.13_react-dom@18.2.0_react@18.2.0/node_modules/next-contentlayer/dist/plugin.js
[1] <w>  at file /home/KUD/Dev/blog/node_modules/.pnpm/next-contentlayer@0.3.1_esbuild@0.17.18_next@13.3.2-canary.13_react-dom@18.2.0_react@18.2.0/node_modules/next-contentlayer/dist/plugin.js
[1] <w>  at resolve esm file ./plugin.js
[1] <w>  at file dependencies /home/KUD/Dev/blog/node_modules/.pnpm/next-contentlayer@0.3.1_esbuild@0.17.18_next@13.3.2-canary.13_react-dom@18.2.0_react@18.2.0/node_modules/next-contentlayer/dist/index.js
[1] <w>  at file /home/KUD/Dev/blog/node_modules/.pnpm/next-contentlayer@0.3.1_esbuild@0.17.18_next@13.3.2-canary.13_react-dom@18.2.0_react@18.2.0/node_modules/next-contentlayer/dist/index.js
[1] <w>  at resolve esm file next-contentlayer
[1] <w>  at file dependencies /home/KUD/Dev/blog/next.config.mjs
[1] <w>  at file /home/KUD/Dev/blog/next.config.mjs
[1] <w>  at resolve commonjs /home/KUD/Dev/blog/next.config.mjs
[1] <w> [webpack.cache.PackFileCacheStrategy/webpack.FileSystemInfo] Parsing of /home/KUD/Dev/blog/node_modules/.pnpm/@contentlayer+core@0.3.1_esbuild@0.17.18/node_modules/@contentlayer/core/dist/dynamic-build.js for build dependencies failed at 'import(`file://${compiledConfigPath}`)'.
[1] <w> Build dependencies behind this expression are ignored and might cause incorrect cache invalidation.
[1] <w> [webpack.cache.PackFileCacheStrategy] Caching failed for pack: Error: Can't resolve 'markdown-wasm/dist/markdown.node.js' in '/home/KUD/Dev/blog/node_modules/.pnpm/@contentlayer+core@0.3.1_esbuild@0.17.18/node_modules/@contentlayer/core/dist/markdown'
[1] <w> while resolving 'markdown-wasm/dist/markdown.node.js' in /home/KUD/Dev/blog/node_modules/.pnpm/@contentlayer+core@0.3.1_esbuild@0.17.18/node_modules/@contentlayer/core/dist/markdown as file
[1] <w>  at resolve esm file markdown-wasm/dist/markdown.node.js
[1] <w>  at file dependencies /home/KUD/Dev/blog/node_modules/.pnpm/@contentlayer+core@0.3.1_esbuild@0.17.18/node_modules/@contentlayer/core/dist/markdown/markdown.js
[1] <w>  at file /home/KUD/Dev/blog/node_modules/.pnpm/@contentlayer+core@0.3.1_esbuild@0.17.18/node_modules/@contentlayer/core/dist/markdown/markdown.js
[1] <w>  at resolve esm file ./markdown/markdown.js
[1] <w>  at file dependencies /home/KUD/Dev/blog/node_modules/.pnpm/@contentlayer+core@0.3.1_esbuild@0.17.18/node_modules/@contentlayer/core/dist/index.js
[1] <w>  at file /home/KUD/Dev/blog/node_modules/.pnpm/@contentlayer+core@0.3.1_esbuild@0.17.18/node_modules/@contentlayer/core/dist/index.js
[1] <w>  at resolve esm file @contentlayer/core
[1] <w>  at file dependencies /home/KUD/Dev/blog/node_modules/.pnpm/next-contentlayer@0.3.1_esbuild@0.17.18_next@13.3.2-canary.13_react-dom@18.2.0_react@18.2.0/node_modules/next-contentlayer/dist/plugin.js
[1] <w>  at file /home/KUD/Dev/blog/node_modules/.pnpm/next-contentlayer@0.3.1_esbuild@0.17.18_next@13.3.2-canary.13_react-dom@18.2.0_react@18.2.0/node_modules/next-contentlayer/dist/plugin.js
[1] <w>  at resolve esm file ./plugin.js
[1] <w>  at file dependencies /home/KUD/Dev/blog/node_modules/.pnpm/next-contentlayer@0.3.1_esbuild@0.17.18_next@13.3.2-canary.13_react-dom@18.2.0_react@18.2.0/node_modules/next-contentlayer/dist/index.js
[1] <w>  at file /home/KUD/Dev/blog/node_modules/.pnpm/next-contentlayer@0.3.1_esbuild@0.17.18_next@13.3.2-canary.13_react-dom@18.2.0_react@18.2.0/node_modules/next-contentlayer/dist/index.js
[1] <w>  at resolve esm file next-contentlayer
[1] <w>  at file dependencies /home/KUD/Dev/blog/next.config.mjs
[1] <w>  at file /home/KUD/Dev/blog/next.config.mjs
[1] <w>  at resolve commonjs /home/KUD/Dev/blog/next.config.mjs
[1] [36mwait[39m  - compiling...
[0] 
[0] File updated: blog/applied-informatics-mid-term-review.mdx
[0] LaTeX-incompatible input and strict mode is set to 'warn': In LaTeX, \\ or \newline does nothing in display mode [newLineInDisplayMode]
[0] LaTeX-incompatible input and strict mode is set to 'warn': In LaTeX, \\ or \newline does nothing in display mode [newLineInDisplayMode]
[0] LaTeX-incompatible input and strict mode is set to 'warn': In LaTeX, \\ or \newline does nothing in display mode [newLineInDisplayMode]
[0] Generated 45 documents in .contentlayer
[1] [35mevent[39m - compiled client and server successfully in 493 ms (2175 modules)
[1] [36mwait[39m  - compiling...
[0] 
[0] File updated: blog/applied-informatics-mid-term-review.mdx
[0] LaTeX-incompatible input and strict mode is set to 'warn': In LaTeX, \\ or \newline does nothing in display mode [newLineInDisplayMode]
[0] LaTeX-incompatible input and strict mode is set to 'warn': In LaTeX, \\ or \newline does nothing in display mode [newLineInDisplayMode]
[0] LaTeX-incompatible input and strict mode is set to 'warn': In LaTeX, \\ or \newline does nothing in display mode [newLineInDisplayMode]
[0] Generated 45 documents in .contentlayer
[1] [35mevent[39m - compiled client and server successfully in 431 ms (2175 modules)
[1] [36mwait[39m  - compiling...
[0] 
[0] File updated: blog/applied-informatics-mid-term-review.mdx
[0] LaTeX-incompatible input and strict mode is set to 'warn': In LaTeX, \\ or \newline does nothing in display mode [newLineInDisplayMode]
[0] LaTeX-incompatible input and strict mode is set to 'warn': In LaTeX, \\ or \newline does nothing in display mode [newLineInDisplayMode]
[0] LaTeX-incompatible input and strict mode is set to 'warn': In LaTeX, \\ or \newline does nothing in display mode [newLineInDisplayMode]
[0] Generated 45 documents in .contentlayer
[1] [35mevent[39m - compiled client and server successfully in 490 ms (2175 modules)
[1] [36mwait[39m  - compiling...
[0] 
[0] File updated: blog/applied-informatics-mid-term-review.mdx
[0] LaTeX-incompatible input and strict mode is set to 'warn': In LaTeX, \\ or \newline does nothing in display mode [newLineInDisplayMode]
[0] LaTeX-incompatible input and strict mode is set to 'warn': In LaTeX, \\ or \newline does nothing in display mode [newLineInDisplayMode]
[0] LaTeX-incompatible input and strict mode is set to 'warn': In LaTeX, \\ or \newline does nothing in display mode [newLineInDisplayMode]
[0] Generated 45 documents in .contentlayer
[1] [35mevent[39m - compiled client and server successfully in 508 ms (2175 modules)
[1] [36mwait[39m  - compiling...
[0] 
[0] File updated: blog/applied-informatics-mid-term-review.mdx
[0] LaTeX-incompatible input and strict mode is set to 'warn': In LaTeX, \\ or \newline does nothing in display mode [newLineInDisplayMode]
[0] LaTeX-incompatible input and strict mode is set to 'warn': In LaTeX, \\ or \newline does nothing in display mode [newLineInDisplayMode]
[0] LaTeX-incompatible input and strict mode is set to 'warn': In LaTeX, \\ or \newline does nothing in display mode [newLineInDisplayMode]
[0] Generated 45 documents in .contentlayer
[1] [35mevent[39m - compiled client and server successfully in 462 ms (2175 modules)
[1] <w> [webpack.cache.PackFileCacheStrategy/webpack.FileSystemInfo] Parsing of /home/KUD/Dev/blog/node_modules/.pnpm/@contentlayer+core@0.3.1_esbuild@0.17.18/node_modules/@contentlayer/core/dist/dynamic-build.js for build dependencies failed at 'import(`file://${compiledConfigPath}`)'.
[1] <w> Build dependencies behind this expression are ignored and might cause incorrect cache invalidation.
[1] <w> [webpack.cache.PackFileCacheStrategy/webpack.FileSystemInfo] Parsing of /home/KUD/Dev/blog/node_modules/.pnpm/@contentlayer+core@0.3.1_esbuild@0.17.18/node_modules/@contentlayer/core/dist/getConfig/index.js for build dependencies failed at 'import(`file://${modulePath}?x=${Date.now()}`)'.
[1] <w> Build dependencies behind this expression are ignored and might cause incorrect cache invalidation.
[1] <w> [webpack.cache.PackFileCacheStrategy] Caching failed for pack: Error: Can't resolve 'markdown-wasm/dist/markdown.node.js' in '/home/KUD/Dev/blog/node_modules/.pnpm/@contentlayer+core@0.3.1_esbuild@0.17.18/node_modules/@contentlayer/core/dist/markdown'
[1] <w> while resolving 'markdown-wasm/dist/markdown.node.js' in /home/KUD/Dev/blog/node_modules/.pnpm/@contentlayer+core@0.3.1_esbuild@0.17.18/node_modules/@contentlayer/core/dist/markdown as file
[1] <w>  at resolve esm file markdown-wasm/dist/markdown.node.js
[1] <w>  at file dependencies /home/KUD/Dev/blog/node_modules/.pnpm/@contentlayer+core@0.3.1_esbuild@0.17.18/node_modules/@contentlayer/core/dist/markdown/markdown.js
[1] <w>  at file /home/KUD/Dev/blog/node_modules/.pnpm/@contentlayer+core@0.3.1_esbuild@0.17.18/node_modules/@contentlayer/core/dist/markdown/markdown.js
[1] <w>  at resolve esm file ./markdown/markdown.js
[1] <w>  at file dependencies /home/KUD/Dev/blog/node_modules/.pnpm/@contentlayer+core@0.3.1_esbuild@0.17.18/node_modules/@contentlayer/core/dist/index.js
[1] <w>  at file /home/KUD/Dev/blog/node_modules/.pnpm/@contentlayer+core@0.3.1_esbuild@0.17.18/node_modules/@contentlayer/core/dist/index.js
[1] <w>  at resolve esm file @contentlayer/core
[1] <w>  at file dependencies /home/KUD/Dev/blog/node_modules/.pnpm/next-contentlayer@0.3.1_esbuild@0.17.18_next@13.3.2-canary.13_react-dom@18.2.0_react@18.2.0/node_modules/next-contentlayer/dist/plugin.js
[1] <w>  at file /home/KUD/Dev/blog/node_modules/.pnpm/next-contentlayer@0.3.1_esbuild@0.17.18_next@13.3.2-canary.13_react-dom@18.2.0_react@18.2.0/node_modules/next-contentlayer/dist/plugin.js
[1] <w>  at resolve esm file ./plugin.js
[1] <w>  at file dependencies /home/KUD/Dev/blog/node_modules/.pnpm/next-contentlayer@0.3.1_esbuild@0.17.18_next@13.3.2-canary.13_react-dom@18.2.0_react@18.2.0/node_modules/next-contentlayer/dist/index.js
[1] <w>  at file /home/KUD/Dev/blog/node_modules/.pnpm/next-contentlayer@0.3.1_esbuild@0.17.18_next@13.3.2-canary.13_react-dom@18.2.0_react@18.2.0/node_modules/next-contentlayer/dist/index.js
[1] <w>  at resolve esm file next-contentlayer
[1] <w>  at file dependencies /home/KUD/Dev/blog/next.config.mjs
[1] <w>  at file /home/KUD/Dev/blog/next.config.mjs
[1] <w>  at resolve commonjs /home/KUD/Dev/blog/next.config.mjs
[1] [36mwait[39m  - compiling...
[0] 
[0] File updated: blog/applied-informatics-mid-term-review.mdx
[0] LaTeX-incompatible input and strict mode is set to 'warn': In LaTeX, \\ or \newline does nothing in display mode [newLineInDisplayMode]
[0] LaTeX-incompatible input and strict mode is set to 'warn': In LaTeX, \\ or \newline does nothing in display mode [newLineInDisplayMode]
[0] LaTeX-incompatible input and strict mode is set to 'warn': In LaTeX, \\ or \newline does nothing in display mode [newLineInDisplayMode]
[0] Generated 45 documents in .contentlayer
[1] [35mevent[39m - compiled client and server successfully in 422 ms (2175 modules)
[1] [36mwait[39m  - compiling...
[0] 
[0] File updated: blog/applied-informatics-mid-term-review.mdx
[0] LaTeX-incompatible input and strict mode is set to 'warn': In LaTeX, \\ or \newline does nothing in display mode [newLineInDisplayMode]
[0] LaTeX-incompatible input and strict mode is set to 'warn': In LaTeX, \\ or \newline does nothing in display mode [newLineInDisplayMode]
[0] LaTeX-incompatible input and strict mode is set to 'warn': In LaTeX, \\ or \newline does nothing in display mode [newLineInDisplayMode]
[0] Generated 45 documents in .contentlayer
[1] [35mevent[39m - compiled client and server successfully in 415 ms (2175 modules)
[1] <w> [webpack.cache.PackFileCacheStrategy/webpack.FileSystemInfo] Parsing of /home/KUD/Dev/blog/node_modules/.pnpm/@contentlayer+core@0.3.1_esbuild@0.17.18/node_modules/@contentlayer/core/dist/dynamic-build.js for build dependencies failed at 'import(`file://${compiledConfigPath}`)'.
[1] <w> Build dependencies behind this expression are ignored and might cause incorrect cache invalidation.
[1] <w> [webpack.cache.PackFileCacheStrategy] Caching failed for pack: Error: Can't resolve 'markdown-wasm/dist/markdown.node.js' in '/home/KUD/Dev/blog/node_modules/.pnpm/@contentlayer+core@0.3.1_esbuild@0.17.18/node_modules/@contentlayer/core/dist/markdown'
[1] <w> while resolving 'markdown-wasm/dist/markdown.node.js' in /home/KUD/Dev/blog/node_modules/.pnpm/@contentlayer+core@0.3.1_esbuild@0.17.18/node_modules/@contentlayer/core/dist/markdown as file
[1] <w>  at resolve esm file markdown-wasm/dist/markdown.node.js
[1] <w>  at file dependencies /home/KUD/Dev/blog/node_modules/.pnpm/@contentlayer+core@0.3.1_esbuild@0.17.18/node_modules/@contentlayer/core/dist/markdown/markdown.js
[1] <w>  at file /home/KUD/Dev/blog/node_modules/.pnpm/@contentlayer+core@0.3.1_esbuild@0.17.18/node_modules/@contentlayer/core/dist/markdown/markdown.js
[1] <w>  at resolve esm file ./markdown/markdown.js
[1] <w>  at file dependencies /home/KUD/Dev/blog/node_modules/.pnpm/@contentlayer+core@0.3.1_esbuild@0.17.18/node_modules/@contentlayer/core/dist/index.js
[1] <w>  at file /home/KUD/Dev/blog/node_modules/.pnpm/@contentlayer+core@0.3.1_esbuild@0.17.18/node_modules/@contentlayer/core/dist/index.js
[1] <w>  at resolve esm file @contentlayer/core
[1] <w>  at file dependencies /home/KUD/Dev/blog/node_modules/.pnpm/next-contentlayer@0.3.1_esbuild@0.17.18_next@13.3.2-canary.13_react-dom@18.2.0_react@18.2.0/node_modules/next-contentlayer/dist/plugin.js
[1] <w>  at file /home/KUD/Dev/blog/node_modules/.pnpm/next-contentlayer@0.3.1_esbuild@0.17.18_next@13.3.2-canary.13_react-dom@18.2.0_react@18.2.0/node_modules/next-contentlayer/dist/plugin.js
[1] <w>  at resolve esm file ./plugin.js
[1] <w>  at file dependencies /home/KUD/Dev/blog/node_modules/.pnpm/next-contentlayer@0.3.1_esbuild@0.17.18_next@13.3.2-canary.13_react-dom@18.2.0_react@18.2.0/node_modules/next-contentlayer/dist/index.js
[1] <w>  at file /home/KUD/Dev/blog/node_modules/.pnpm/next-contentlayer@0.3.1_esbuild@0.17.18_next@13.3.2-canary.13_react-dom@18.2.0_react@18.2.0/node_modules/next-contentlayer/dist/index.js
[1] <w>  at resolve esm file next-contentlayer
[1] <w>  at file dependencies /home/KUD/Dev/blog/next.config.mjs
[1] <w>  at file /home/KUD/Dev/blog/next.config.mjs
[1] <w>  at resolve commonjs /home/KUD/Dev/blog/next.config.mjs
[1] <w> [webpack.cache.PackFileCacheStrategy/webpack.FileSystemInfo] Parsing of /home/KUD/Dev/blog/node_modules/.pnpm/@contentlayer+core@0.3.1_esbuild@0.17.18/node_modules/@contentlayer/core/dist/dynamic-build.js for build dependencies failed at 'import(`file://${compiledConfigPath}`)'.
[1] <w> Build dependencies behind this expression are ignored and might cause incorrect cache invalidation.
[1] <w> [webpack.cache.PackFileCacheStrategy] Caching failed for pack: Error: Can't resolve 'markdown-wasm/dist/markdown.node.js' in '/home/KUD/Dev/blog/node_modules/.pnpm/@contentlayer+core@0.3.1_esbuild@0.17.18/node_modules/@contentlayer/core/dist/markdown'
[1] <w> while resolving 'markdown-wasm/dist/markdown.node.js' in /home/KUD/Dev/blog/node_modules/.pnpm/@contentlayer+core@0.3.1_esbuild@0.17.18/node_modules/@contentlayer/core/dist/markdown as file
[1] <w>  at resolve esm file markdown-wasm/dist/markdown.node.js
[1] <w>  at file dependencies /home/KUD/Dev/blog/node_modules/.pnpm/@contentlayer+core@0.3.1_esbuild@0.17.18/node_modules/@contentlayer/core/dist/markdown/markdown.js
[1] <w>  at file /home/KUD/Dev/blog/node_modules/.pnpm/@contentlayer+core@0.3.1_esbuild@0.17.18/node_modules/@contentlayer/core/dist/markdown/markdown.js
[1] <w>  at resolve esm file ./markdown/markdown.js
[1] <w>  at file dependencies /home/KUD/Dev/blog/node_modules/.pnpm/@contentlayer+core@0.3.1_esbuild@0.17.18/node_modules/@contentlayer/core/dist/index.js
[1] <w>  at file /home/KUD/Dev/blog/node_modules/.pnpm/@contentlayer+core@0.3.1_esbuild@0.17.18/node_modules/@contentlayer/core/dist/index.js
[1] <w>  at resolve esm file @contentlayer/core
[1] <w>  at file dependencies /home/KUD/Dev/blog/node_modules/.pnpm/next-contentlayer@0.3.1_esbuild@0.17.18_next@13.3.2-canary.13_react-dom@18.2.0_react@18.2.0/node_modules/next-contentlayer/dist/plugin.js
[1] <w>  at file /home/KUD/Dev/blog/node_modules/.pnpm/next-contentlayer@0.3.1_esbuild@0.17.18_next@13.3.2-canary.13_react-dom@18.2.0_react@18.2.0/node_modules/next-contentlayer/dist/plugin.js
[1] <w>  at resolve esm file ./plugin.js
[1] <w>  at file dependencies /home/KUD/Dev/blog/node_modules/.pnpm/next-contentlayer@0.3.1_esbuild@0.17.18_next@13.3.2-canary.13_react-dom@18.2.0_react@18.2.0/node_modules/next-contentlayer/dist/index.js
[1] <w>  at file /home/KUD/Dev/blog/node_modules/.pnpm/next-contentlayer@0.3.1_esbuild@0.17.18_next@13.3.2-canary.13_react-dom@18.2.0_react@18.2.0/node_modules/next-contentlayer/dist/index.js
[1] <w>  at resolve esm file next-contentlayer
[1] <w>  at file dependencies /home/KUD/Dev/blog/next.config.mjs
[1] <w>  at file /home/KUD/Dev/blog/next.config.mjs
[1] <w>  at resolve commonjs /home/KUD/Dev/blog/next.config.mjs
[1] [36mwait[39m  - compiling...
[0] 
[0] File updated: blog/applied-informatics-mid-term-review.mdx
[0] LaTeX-incompatible input and strict mode is set to 'warn': In LaTeX, \\ or \newline does nothing in display mode [newLineInDisplayMode]
[0] LaTeX-incompatible input and strict mode is set to 'warn': In LaTeX, \\ or \newline does nothing in display mode [newLineInDisplayMode]
[0] LaTeX-incompatible input and strict mode is set to 'warn': In LaTeX, \\ or \newline does nothing in display mode [newLineInDisplayMode]
[0] Generated 45 documents in .contentlayer
[1] [35mevent[39m - compiled client and server successfully in 486 ms (2175 modules)
[1] <w> [webpack.cache.PackFileCacheStrategy/webpack.FileSystemInfo] Parsing of /home/KUD/Dev/blog/node_modules/.pnpm/@contentlayer+core@0.3.1_esbuild@0.17.18/node_modules/@contentlayer/core/dist/dynamic-build.js for build dependencies failed at 'import(`file://${compiledConfigPath}`)'.
[1] <w> Build dependencies behind this expression are ignored and might cause incorrect cache invalidation.
[1] <w> [webpack.cache.PackFileCacheStrategy] Caching failed for pack: Error: Can't resolve 'markdown-wasm/dist/markdown.node.js' in '/home/KUD/Dev/blog/node_modules/.pnpm/@contentlayer+core@0.3.1_esbuild@0.17.18/node_modules/@contentlayer/core/dist/markdown'
[1] <w> while resolving 'markdown-wasm/dist/markdown.node.js' in /home/KUD/Dev/blog/node_modules/.pnpm/@contentlayer+core@0.3.1_esbuild@0.17.18/node_modules/@contentlayer/core/dist/markdown as file
[1] <w>  at resolve esm file markdown-wasm/dist/markdown.node.js
[1] <w>  at file dependencies /home/KUD/Dev/blog/node_modules/.pnpm/@contentlayer+core@0.3.1_esbuild@0.17.18/node_modules/@contentlayer/core/dist/markdown/markdown.js
[1] <w>  at file /home/KUD/Dev/blog/node_modules/.pnpm/@contentlayer+core@0.3.1_esbuild@0.17.18/node_modules/@contentlayer/core/dist/markdown/markdown.js
[1] <w>  at resolve esm file ./markdown/markdown.js
[1] <w>  at file dependencies /home/KUD/Dev/blog/node_modules/.pnpm/@contentlayer+core@0.3.1_esbuild@0.17.18/node_modules/@contentlayer/core/dist/index.js
[1] <w>  at file /home/KUD/Dev/blog/node_modules/.pnpm/@contentlayer+core@0.3.1_esbuild@0.17.18/node_modules/@contentlayer/core/dist/index.js
[1] <w>  at resolve esm file @contentlayer/core
[1] <w>  at file dependencies /home/KUD/Dev/blog/node_modules/.pnpm/next-contentlayer@0.3.1_esbuild@0.17.18_next@13.3.2-canary.13_react-dom@18.2.0_react@18.2.0/node_modules/next-contentlayer/dist/plugin.js
[1] <w>  at file /home/KUD/Dev/blog/node_modules/.pnpm/next-contentlayer@0.3.1_esbuild@0.17.18_next@13.3.2-canary.13_react-dom@18.2.0_react@18.2.0/node_modules/next-contentlayer/dist/plugin.js
[1] <w>  at resolve esm file ./plugin.js
[1] <w>  at file dependencies /home/KUD/Dev/blog/node_modules/.pnpm/next-contentlayer@0.3.1_esbuild@0.17.18_next@13.3.2-canary.13_react-dom@18.2.0_react@18.2.0/node_modules/next-contentlayer/dist/index.js
[1] <w>  at file /home/KUD/Dev/blog/node_modules/.pnpm/next-contentlayer@0.3.1_esbuild@0.17.18_next@13.3.2-canary.13_react-dom@18.2.0_react@18.2.0/node_modules/next-contentlayer/dist/index.js
[1] <w>  at resolve esm file next-contentlayer
[1] <w>  at file dependencies /home/KUD/Dev/blog/next.config.mjs
[1] <w>  at file /home/KUD/Dev/blog/next.config.mjs
[1] <w>  at resolve commonjs /home/KUD/Dev/blog/next.config.mjs
[1] <w> [webpack.cache.PackFileCacheStrategy/webpack.FileSystemInfo] Parsing of /home/KUD/Dev/blog/node_modules/.pnpm/@contentlayer+core@0.3.1_esbuild@0.17.18/node_modules/@contentlayer/core/dist/dynamic-build.js for build dependencies failed at 'import(`file://${compiledConfigPath}`)'.
[1] <w> Build dependencies behind this expression are ignored and might cause incorrect cache invalidation.
[1] <w> [webpack.cache.PackFileCacheStrategy/webpack.FileSystemInfo] Parsing of /home/KUD/Dev/blog/node_modules/.pnpm/@contentlayer+core@0.3.1_esbuild@0.17.18/node_modules/@contentlayer/core/dist/getConfig/index.js for build dependencies failed at 'import(`file://${modulePath}?x=${Date.now()}`)'.
[1] <w> Build dependencies behind this expression are ignored and might cause incorrect cache invalidation.
[1] <w> [webpack.cache.PackFileCacheStrategy] Caching failed for pack: Error: Can't resolve 'markdown-wasm/dist/markdown.node.js' in '/home/KUD/Dev/blog/node_modules/.pnpm/@contentlayer+core@0.3.1_esbuild@0.17.18/node_modules/@contentlayer/core/dist/markdown'
[1] <w> while resolving 'markdown-wasm/dist/markdown.node.js' in /home/KUD/Dev/blog/node_modules/.pnpm/@contentlayer+core@0.3.1_esbuild@0.17.18/node_modules/@contentlayer/core/dist/markdown as file
[1] <w>  at resolve esm file markdown-wasm/dist/markdown.node.js
[1] <w>  at file dependencies /home/KUD/Dev/blog/node_modules/.pnpm/@contentlayer+core@0.3.1_esbuild@0.17.18/node_modules/@contentlayer/core/dist/markdown/markdown.js
[1] <w>  at file /home/KUD/Dev/blog/node_modules/.pnpm/@contentlayer+core@0.3.1_esbuild@0.17.18/node_modules/@contentlayer/core/dist/markdown/markdown.js
[1] <w>  at resolve esm file ./markdown/markdown.js
[1] <w>  at file dependencies /home/KUD/Dev/blog/node_modules/.pnpm/@contentlayer+core@0.3.1_esbuild@0.17.18/node_modules/@contentlayer/core/dist/index.js
[1] <w>  at file /home/KUD/Dev/blog/node_modules/.pnpm/@contentlayer+core@0.3.1_esbuild@0.17.18/node_modules/@contentlayer/core/dist/index.js
[1] <w>  at resolve esm file @contentlayer/core
[1] <w>  at file dependencies /home/KUD/Dev/blog/node_modules/.pnpm/next-contentlayer@0.3.1_esbuild@0.17.18_next@13.3.2-canary.13_react-dom@18.2.0_react@18.2.0/node_modules/next-contentlayer/dist/plugin.js
[1] <w>  at file /home/KUD/Dev/blog/node_modules/.pnpm/next-contentlayer@0.3.1_esbuild@0.17.18_next@13.3.2-canary.13_react-dom@18.2.0_react@18.2.0/node_modules/next-contentlayer/dist/plugin.js
[1] <w>  at resolve esm file ./plugin.js
[1] <w>  at file dependencies /home/KUD/Dev/blog/node_modules/.pnpm/next-contentlayer@0.3.1_esbuild@0.17.18_next@13.3.2-canary.13_react-dom@18.2.0_react@18.2.0/node_modules/next-contentlayer/dist/index.js
[1] <w>  at file /home/KUD/Dev/blog/node_modules/.pnpm/next-contentlayer@0.3.1_esbuild@0.17.18_next@13.3.2-canary.13_react-dom@18.2.0_react@18.2.0/node_modules/next-contentlayer/dist/index.js
[1] <w>  at resolve esm file next-contentlayer
[1] <w>  at file dependencies /home/KUD/Dev/blog/next.config.mjs
[1] <w>  at file /home/KUD/Dev/blog/next.config.mjs
[1] <w>  at resolve commonjs /home/KUD/Dev/blog/next.config.mjs
[1] [36mwait[39m  - compiling...
[0] 
[0] File updated: blog/applied-informatics-mid-term-review.mdx
[0] âœ˜ [ERROR] Could not parse expression with acorn: Expecting Unicode escape sequence \uXXXX [plugin @mdx-js/esbuild]
[0] 
[0]     _mdx_bundler_entry_point-f1d0d66f-b5c8-472a-9900-c927900f452a.mdx:81:22:
[0]       81 â”‚ w = w - \alpha \frac{\partial L(w, b)}{\partial w}
[0]          â•µ                       ^
[0] 
[0] Error: Found 1 problems in 1 documents.
[0] 
[0]  â””â”€â”€ Encountered unexpected errors while processing of 1 documents. This is possibly a bug in Contentlayer. Please open an issue.
[0]      
[0]      â€¢ "blog/applied-informatics-mid-term-review.mdx": UnexpectedMDXError: Error: Build failed with 1 error:
[0]      _mdx_bundler_entry_point-f1d0d66f-b5c8-472a-9900-c927900f452a.mdx:81:22: ERROR: [plugin: @mdx-js/esbuild] Could not parse expression with acorn: Expecting Unicode escape sequence \uXXXX
[0]      
[0] 
[0] SourceFetchDataError: {
[0]   "_tag": "HandledFetchDataError"
[0] }
[1] [35mevent[39m - compiled successfully in 199 ms (1319 modules)
[1] [36mwait[39m  - compiling...
[0] 
[0] File updated: blog/applied-informatics-mid-term-review.mdx
[0] LaTeX-incompatible input and strict mode is set to 'warn': In LaTeX, \\ or \newline does nothing in display mode [newLineInDisplayMode]
[0] LaTeX-incompatible input and strict mode is set to 'warn': In LaTeX, \\ or \newline does nothing in display mode [newLineInDisplayMode]
[0] LaTeX-incompatible input and strict mode is set to 'warn': In LaTeX, \\ or \newline does nothing in display mode [newLineInDisplayMode]
[0] Generated 45 documents in .contentlayer
[1] [35mevent[39m - compiled client and server successfully in 335 ms (2172 modules)
[1] [36mwait[39m  - compiling...
[1] [35mevent[39m - compiled successfully in 177 ms (853 modules)
[1] <w> [webpack.cache.PackFileCacheStrategy/webpack.FileSystemInfo] Parsing of /home/KUD/Dev/blog/node_modules/.pnpm/@contentlayer+core@0.3.1_esbuild@0.17.18/node_modules/@contentlayer/core/dist/dynamic-build.js for build dependencies failed at 'import(`file://${compiledConfigPath}`)'.
[1] <w> Build dependencies behind this expression are ignored and might cause incorrect cache invalidation.
[1] <w> [webpack.cache.PackFileCacheStrategy] Caching failed for pack: Error: Can't resolve 'markdown-wasm/dist/markdown.node.js' in '/home/KUD/Dev/blog/node_modules/.pnpm/@contentlayer+core@0.3.1_esbuild@0.17.18/node_modules/@contentlayer/core/dist/markdown'
[1] <w> while resolving 'markdown-wasm/dist/markdown.node.js' in /home/KUD/Dev/blog/node_modules/.pnpm/@contentlayer+core@0.3.1_esbuild@0.17.18/node_modules/@contentlayer/core/dist/markdown as file
[1] <w>  at resolve esm file markdown-wasm/dist/markdown.node.js
[1] <w>  at file dependencies /home/KUD/Dev/blog/node_modules/.pnpm/@contentlayer+core@0.3.1_esbuild@0.17.18/node_modules/@contentlayer/core/dist/markdown/markdown.js
[1] <w>  at file /home/KUD/Dev/blog/node_modules/.pnpm/@contentlayer+core@0.3.1_esbuild@0.17.18/node_modules/@contentlayer/core/dist/markdown/markdown.js
[1] <w>  at resolve esm file ./markdown/markdown.js
[1] <w>  at file dependencies /home/KUD/Dev/blog/node_modules/.pnpm/@contentlayer+core@0.3.1_esbuild@0.17.18/node_modules/@contentlayer/core/dist/index.js
[1] <w>  at file /home/KUD/Dev/blog/node_modules/.pnpm/@contentlayer+core@0.3.1_esbuild@0.17.18/node_modules/@contentlayer/core/dist/index.js
[1] <w>  at resolve esm file @contentlayer/core
[1] <w>  at file dependencies /home/KUD/Dev/blog/node_modules/.pnpm/next-contentlayer@0.3.1_esbuild@0.17.18_next@13.3.2-canary.13_react-dom@18.2.0_react@18.2.0/node_modules/next-contentlayer/dist/plugin.js
[1] <w>  at file /home/KUD/Dev/blog/node_modules/.pnpm/next-contentlayer@0.3.1_esbuild@0.17.18_next@13.3.2-canary.13_react-dom@18.2.0_react@18.2.0/node_modules/next-contentlayer/dist/plugin.js
[1] <w>  at resolve esm file ./plugin.js
[1] <w>  at file dependencies /home/KUD/Dev/blog/node_modules/.pnpm/next-contentlayer@0.3.1_esbuild@0.17.18_next@13.3.2-canary.13_react-dom@18.2.0_react@18.2.0/node_modules/next-contentlayer/dist/index.js
[1] <w>  at file /home/KUD/Dev/blog/node_modules/.pnpm/next-contentlayer@0.3.1_esbuild@0.17.18_next@13.3.2-canary.13_react-dom@18.2.0_react@18.2.0/node_modules/next-contentlayer/dist/index.js
[1] <w>  at resolve esm file next-contentlayer
[1] <w>  at file dependencies /home/KUD/Dev/blog/next.config.mjs
[1] <w>  at file /home/KUD/Dev/blog/next.config.mjs
[1] <w>  at resolve commonjs /home/KUD/Dev/blog/next.config.mjs
[1] <w> [webpack.cache.PackFileCacheStrategy/webpack.FileSystemInfo] Parsing of /home/KUD/Dev/blog/node_modules/.pnpm/@contentlayer+core@0.3.1_esbuild@0.17.18/node_modules/@contentlayer/core/dist/dynamic-build.js for build dependencies failed at 'import(`file://${compiledConfigPath}`)'.
[1] <w> Build dependencies behind this expression are ignored and might cause incorrect cache invalidation.
[1] <w> [webpack.cache.PackFileCacheStrategy/webpack.FileSystemInfo] Parsing of /home/KUD/Dev/blog/node_modules/.pnpm/@contentlayer+core@0.3.1_esbuild@0.17.18/node_modules/@contentlayer/core/dist/getConfig/index.js for build dependencies failed at 'import(`file://${modulePath}?x=${Date.now()}`)'.
[1] <w> Build dependencies behind this expression are ignored and might cause incorrect cache invalidation.
[1] <w> [webpack.cache.PackFileCacheStrategy] Caching failed for pack: Error: Can't resolve 'markdown-wasm/dist/markdown.node.js' in '/home/KUD/Dev/blog/node_modules/.pnpm/@contentlayer+core@0.3.1_esbuild@0.17.18/node_modules/@contentlayer/core/dist/markdown'
[1] <w> while resolving 'markdown-wasm/dist/markdown.node.js' in /home/KUD/Dev/blog/node_modules/.pnpm/@contentlayer+core@0.3.1_esbuild@0.17.18/node_modules/@contentlayer/core/dist/markdown as file
[1] <w>  at resolve esm file markdown-wasm/dist/markdown.node.js
[1] <w>  at file dependencies /home/KUD/Dev/blog/node_modules/.pnpm/@contentlayer+core@0.3.1_esbuild@0.17.18/node_modules/@contentlayer/core/dist/markdown/markdown.js
[1] <w>  at file /home/KUD/Dev/blog/node_modules/.pnpm/@contentlayer+core@0.3.1_esbuild@0.17.18/node_modules/@contentlayer/core/dist/markdown/markdown.js
[1] <w>  at resolve esm file ./markdown/markdown.js
[1] <w>  at file dependencies /home/KUD/Dev/blog/node_modules/.pnpm/@contentlayer+core@0.3.1_esbuild@0.17.18/node_modules/@contentlayer/core/dist/index.js
[1] <w>  at file /home/KUD/Dev/blog/node_modules/.pnpm/@contentlayer+core@0.3.1_esbuild@0.17.18/node_modules/@contentlayer/core/dist/index.js
[1] <w>  at resolve esm file @contentlayer/core
[1] <w>  at file dependencies /home/KUD/Dev/blog/node_modules/.pnpm/next-contentlayer@0.3.1_esbuild@0.17.18_next@13.3.2-canary.13_react-dom@18.2.0_react@18.2.0/node_modules/next-contentlayer/dist/plugin.js
[1] <w>  at file /home/KUD/Dev/blog/node_modules/.pnpm/next-contentlayer@0.3.1_esbuild@0.17.18_next@13.3.2-canary.13_react-dom@18.2.0_react@18.2.0/node_modules/next-contentlayer/dist/plugin.js
[1] <w>  at resolve esm file ./plugin.js
[1] <w>  at file dependencies /home/KUD/Dev/blog/node_modules/.pnpm/next-contentlayer@0.3.1_esbuild@0.17.18_next@13.3.2-canary.13_react-dom@18.2.0_react@18.2.0/node_modules/next-contentlayer/dist/index.js
[1] <w>  at file /home/KUD/Dev/blog/node_modules/.pnpm/next-contentlayer@0.3.1_esbuild@0.17.18_next@13.3.2-canary.13_react-dom@18.2.0_react@18.2.0/node_modules/next-contentlayer/dist/index.js
[1] <w>  at resolve esm file next-contentlayer
[1] <w>  at file dependencies /home/KUD/Dev/blog/next.config.mjs
[1] <w>  at file /home/KUD/Dev/blog/next.config.mjs
[1] <w>  at resolve commonjs /home/KUD/Dev/blog/next.config.mjs
[1] [36mwait[39m  - compiling...
[1] [35mevent[39m - compiled successfully in 201 ms (1319 modules)
[1] <w> [webpack.cache.PackFileCacheStrategy/webpack.FileSystemInfo] Parsing of /home/KUD/Dev/blog/node_modules/.pnpm/@contentlayer+core@0.3.1_esbuild@0.17.18/node_modules/@contentlayer/core/dist/dynamic-build.js for build dependencies failed at 'import(`file://${compiledConfigPath}`)'.
[1] <w> Build dependencies behind this expression are ignored and might cause incorrect cache invalidation.
[1] <w> [webpack.cache.PackFileCacheStrategy/webpack.FileSystemInfo] Parsing of /home/KUD/Dev/blog/node_modules/.pnpm/@contentlayer+core@0.3.1_esbuild@0.17.18/node_modules/@contentlayer/core/dist/getConfig/index.js for build dependencies failed at 'import(`file://${modulePath}?x=${Date.now()}`)'.
[1] <w> Build dependencies behind this expression are ignored and might cause incorrect cache invalidation.
[1] <w> [webpack.cache.PackFileCacheStrategy] Caching failed for pack: Error: Can't resolve 'markdown-wasm/dist/markdown.node.js' in '/home/KUD/Dev/blog/node_modules/.pnpm/@contentlayer+core@0.3.1_esbuild@0.17.18/node_modules/@contentlayer/core/dist/markdown'
[1] <w> while resolving 'markdown-wasm/dist/markdown.node.js' in /home/KUD/Dev/blog/node_modules/.pnpm/@contentlayer+core@0.3.1_esbuild@0.17.18/node_modules/@contentlayer/core/dist/markdown as file
[1] <w>  at resolve esm file markdown-wasm/dist/markdown.node.js
[1] <w>  at file dependencies /home/KUD/Dev/blog/node_modules/.pnpm/@contentlayer+core@0.3.1_esbuild@0.17.18/node_modules/@contentlayer/core/dist/markdown/markdown.js
[1] <w>  at file /home/KUD/Dev/blog/node_modules/.pnpm/@contentlayer+core@0.3.1_esbuild@0.17.18/node_modules/@contentlayer/core/dist/markdown/markdown.js
[1] <w>  at resolve esm file ./markdown/markdown.js
[1] <w>  at file dependencies /home/KUD/Dev/blog/node_modules/.pnpm/@contentlayer+core@0.3.1_esbuild@0.17.18/node_modules/@contentlayer/core/dist/index.js
[1] <w>  at file /home/KUD/Dev/blog/node_modules/.pnpm/@contentlayer+core@0.3.1_esbuild@0.17.18/node_modules/@contentlayer/core/dist/index.js
[1] <w>  at resolve esm file @contentlayer/core
[1] <w>  at file dependencies /home/KUD/Dev/blog/node_modules/.pnpm/next-contentlayer@0.3.1_esbuild@0.17.18_next@13.3.2-canary.13_react-dom@18.2.0_react@18.2.0/node_modules/next-contentlayer/dist/plugin.js
[1] <w>  at file /home/KUD/Dev/blog/node_modules/.pnpm/next-contentlayer@0.3.1_esbuild@0.17.18_next@13.3.2-canary.13_react-dom@18.2.0_react@18.2.0/node_modules/next-contentlayer/dist/plugin.js
[1] <w>  at resolve esm file ./plugin.js
[1] <w>  at file dependencies /home/KUD/Dev/blog/node_modules/.pnpm/next-contentlayer@0.3.1_esbuild@0.17.18_next@13.3.2-canary.13_react-dom@18.2.0_react@18.2.0/node_modules/next-contentlayer/dist/index.js
[1] <w>  at file /home/KUD/Dev/blog/node_modules/.pnpm/next-contentlayer@0.3.1_esbuild@0.17.18_next@13.3.2-canary.13_react-dom@18.2.0_react@18.2.0/node_modules/next-contentlayer/dist/index.js
[1] <w>  at resolve esm file next-contentlayer
[1] <w>  at file dependencies /home/KUD/Dev/blog/next.config.mjs
[1] <w>  at file /home/KUD/Dev/blog/next.config.mjs
[1] <w>  at resolve commonjs /home/KUD/Dev/blog/next.config.mjs
[1] [36mwait[39m  - compiling...
[1] [35mevent[39m - compiled client and server successfully in 442 ms (2172 modules)
[1] [36mwait[39m  - compiling...
[1] [35mevent[39m - compiled client and server successfully in 430 ms (2172 modules)
[1] [36mwait[39m  - compiling...
[1] [35mevent[39m - compiled client and server successfully in 417 ms (2172 modules)
[1] [36mwait[39m  - compiling...
[1] [35mevent[39m - compiled client and server successfully in 501 ms (2172 modules)
[1] [36mwait[39m  - compiling...
[0] 
[0] File updated: blog/applied-informatics-mid-term-review.mdx
[0] LaTeX-incompatible input and strict mode is set to 'warn': In LaTeX, \\ or \newline does nothing in display mode [newLineInDisplayMode]
[0] LaTeX-incompatible input and strict mode is set to 'warn': In LaTeX, \\ or \newline does nothing in display mode [newLineInDisplayMode]
[0] LaTeX-incompatible input and strict mode is set to 'warn': In LaTeX, \\ or \newline does nothing in display mode [newLineInDisplayMode]
[0] Generated 45 documents in .contentlayer
[1] [35mevent[39m - compiled client and server successfully in 393 ms (2172 modules)
[1] <w> [webpack.cache.PackFileCacheStrategy/webpack.FileSystemInfo] Parsing of /home/KUD/Dev/blog/node_modules/.pnpm/@contentlayer+core@0.3.1_esbuild@0.17.18/node_modules/@contentlayer/core/dist/dynamic-build.js for build dependencies failed at 'import(`file://${compiledConfigPath}`)'.
[1] <w> Build dependencies behind this expression are ignored and might cause incorrect cache invalidation.
[1] <w> [webpack.cache.PackFileCacheStrategy/webpack.FileSystemInfo] Parsing of /home/KUD/Dev/blog/node_modules/.pnpm/@contentlayer+core@0.3.1_esbuild@0.17.18/node_modules/@contentlayer/core/dist/getConfig/index.js for build dependencies failed at 'import(`file://${modulePath}?x=${Date.now()}`)'.
[1] <w> Build dependencies behind this expression are ignored and might cause incorrect cache invalidation.
[1] <w> [webpack.cache.PackFileCacheStrategy] Caching failed for pack: Error: Can't resolve 'markdown-wasm/dist/markdown.node.js' in '/home/KUD/Dev/blog/node_modules/.pnpm/@contentlayer+core@0.3.1_esbuild@0.17.18/node_modules/@contentlayer/core/dist/markdown'
[1] <w> while resolving 'markdown-wasm/dist/markdown.node.js' in /home/KUD/Dev/blog/node_modules/.pnpm/@contentlayer+core@0.3.1_esbuild@0.17.18/node_modules/@contentlayer/core/dist/markdown as file
[1] <w>  at resolve esm file markdown-wasm/dist/markdown.node.js
[1] <w>  at file dependencies /home/KUD/Dev/blog/node_modules/.pnpm/@contentlayer+core@0.3.1_esbuild@0.17.18/node_modules/@contentlayer/core/dist/markdown/markdown.js
[1] <w>  at file /home/KUD/Dev/blog/node_modules/.pnpm/@contentlayer+core@0.3.1_esbuild@0.17.18/node_modules/@contentlayer/core/dist/markdown/markdown.js
[1] <w>  at resolve esm file ./markdown/markdown.js
[1] <w>  at file dependencies /home/KUD/Dev/blog/node_modules/.pnpm/@contentlayer+core@0.3.1_esbuild@0.17.18/node_modules/@contentlayer/core/dist/index.js
[1] <w>  at file /home/KUD/Dev/blog/node_modules/.pnpm/@contentlayer+core@0.3.1_esbuild@0.17.18/node_modules/@contentlayer/core/dist/index.js
[1] <w>  at resolve esm file @contentlayer/core
[1] <w>  at file dependencies /home/KUD/Dev/blog/node_modules/.pnpm/next-contentlayer@0.3.1_esbuild@0.17.18_next@13.3.2-canary.13_react-dom@18.2.0_react@18.2.0/node_modules/next-contentlayer/dist/plugin.js
[1] <w>  at file /home/KUD/Dev/blog/node_modules/.pnpm/next-contentlayer@0.3.1_esbuild@0.17.18_next@13.3.2-canary.13_react-dom@18.2.0_react@18.2.0/node_modules/next-contentlayer/dist/plugin.js
[1] <w>  at resolve esm file ./plugin.js
[1] <w>  at file dependencies /home/KUD/Dev/blog/node_modules/.pnpm/next-contentlayer@0.3.1_esbuild@0.17.18_next@13.3.2-canary.13_react-dom@18.2.0_react@18.2.0/node_modules/next-contentlayer/dist/index.js
[1] <w>  at file /home/KUD/Dev/blog/node_modules/.pnpm/next-contentlayer@0.3.1_esbuild@0.17.18_next@13.3.2-canary.13_react-dom@18.2.0_react@18.2.0/node_modules/next-contentlayer/dist/index.js
[1] <w>  at resolve esm file next-contentlayer
[1] <w>  at file dependencies /home/KUD/Dev/blog/next.config.mjs
[1] <w>  at file /home/KUD/Dev/blog/next.config.mjs
[1] <w>  at resolve commonjs /home/KUD/Dev/blog/next.config.mjs
[1] [36mwait[39m  - compiling...
[0] 
[0] File updated: blog/applied-informatics-mid-term-review.mdx
[0] LaTeX-incompatible input and strict mode is set to 'warn': In LaTeX, \\ or \newline does nothing in display mode [newLineInDisplayMode]
[0] LaTeX-incompatible input and strict mode is set to 'warn': In LaTeX, \\ or \newline does nothing in display mode [newLineInDisplayMode]
[0] LaTeX-incompatible input and strict mode is set to 'warn': In LaTeX, \\ or \newline does nothing in display mode [newLineInDisplayMode]
[0] Generated 45 documents in .contentlayer
[1] [35mevent[39m - compiled client and server successfully in 390 ms (2172 modules)
[1] [36mwait[39m  - compiling...
[0] 
[0] File updated: blog/applied-informatics-mid-term-review.mdx
[0] LaTeX-incompatible input and strict mode is set to 'warn': In LaTeX, \\ or \newline does nothing in display mode [newLineInDisplayMode]
[0] LaTeX-incompatible input and strict mode is set to 'warn': In LaTeX, \\ or \newline does nothing in display mode [newLineInDisplayMode]
[0] LaTeX-incompatible input and strict mode is set to 'warn': In LaTeX, \\ or \newline does nothing in display mode [newLineInDisplayMode]
[0] Generated 45 documents in .contentlayer
[1] [35mevent[39m - compiled client and server successfully in 389 ms (2172 modules)
[1] <w> [webpack.cache.PackFileCacheStrategy/webpack.FileSystemInfo] Parsing of /home/KUD/Dev/blog/node_modules/.pnpm/@contentlayer+core@0.3.1_esbuild@0.17.18/node_modules/@contentlayer/core/dist/dynamic-build.js for build dependencies failed at 'import(`file://${compiledConfigPath}`)'.
[1] <w> Build dependencies behind this expression are ignored and might cause incorrect cache invalidation.
[1] <w> [webpack.cache.PackFileCacheStrategy/webpack.FileSystemInfo] Parsing of /home/KUD/Dev/blog/node_modules/.pnpm/@contentlayer+core@0.3.1_esbuild@0.17.18/node_modules/@contentlayer/core/dist/dynamic-build.js for build dependencies failed at 'import(`file://${compiledConfigPath}`)'.
[1] <w> Build dependencies behind this expression are ignored and might cause incorrect cache invalidation.
[1] <w> [webpack.cache.PackFileCacheStrategy/webpack.FileSystemInfo] Parsing of /home/KUD/Dev/blog/node_modules/.pnpm/@contentlayer+core@0.3.1_esbuild@0.17.18/node_modules/@contentlayer/core/dist/getConfig/index.js for build dependencies failed at 'import(`file://${modulePath}?x=${Date.now()}`)'.
[1] <w> Build dependencies behind this expression are ignored and might cause incorrect cache invalidation.
[1] <w> [webpack.cache.PackFileCacheStrategy] Caching failed for pack: Error: Can't resolve 'markdown-wasm/dist/markdown.node.js' in '/home/KUD/Dev/blog/node_modules/.pnpm/@contentlayer+core@0.3.1_esbuild@0.17.18/node_modules/@contentlayer/core/dist/markdown'
[1] <w> while resolving 'markdown-wasm/dist/markdown.node.js' in /home/KUD/Dev/blog/node_modules/.pnpm/@contentlayer+core@0.3.1_esbuild@0.17.18/node_modules/@contentlayer/core/dist/markdown as file
[1] <w>  at resolve esm file markdown-wasm/dist/markdown.node.js
[1] <w>  at file dependencies /home/KUD/Dev/blog/node_modules/.pnpm/@contentlayer+core@0.3.1_esbuild@0.17.18/node_modules/@contentlayer/core/dist/markdown/markdown.js
[1] <w>  at file /home/KUD/Dev/blog/node_modules/.pnpm/@contentlayer+core@0.3.1_esbuild@0.17.18/node_modules/@contentlayer/core/dist/markdown/markdown.js
[1] <w>  at resolve esm file ./markdown/markdown.js
[1] <w>  at file dependencies /home/KUD/Dev/blog/node_modules/.pnpm/@contentlayer+core@0.3.1_esbuild@0.17.18/node_modules/@contentlayer/core/dist/index.js
[1] <w>  at file /home/KUD/Dev/blog/node_modules/.pnpm/@contentlayer+core@0.3.1_esbuild@0.17.18/node_modules/@contentlayer/core/dist/index.js
[1] <w>  at resolve esm file @contentlayer/core
[1] <w>  at file dependencies /home/KUD/Dev/blog/node_modules/.pnpm/next-contentlayer@0.3.1_esbuild@0.17.18_next@13.3.2-canary.13_react-dom@18.2.0_react@18.2.0/node_modules/next-contentlayer/dist/plugin.js
[1] <w>  at file /home/KUD/Dev/blog/node_modules/.pnpm/next-contentlayer@0.3.1_esbuild@0.17.18_next@13.3.2-canary.13_react-dom@18.2.0_react@18.2.0/node_modules/next-contentlayer/dist/plugin.js
[1] <w>  at resolve esm file ./plugin.js
[1] <w>  at file dependencies /home/KUD/Dev/blog/node_modules/.pnpm/next-contentlayer@0.3.1_esbuild@0.17.18_next@13.3.2-canary.13_react-dom@18.2.0_react@18.2.0/node_modules/next-contentlayer/dist/index.js
[1] <w>  at file /home/KUD/Dev/blog/node_modules/.pnpm/next-contentlayer@0.3.1_esbuild@0.17.18_next@13.3.2-canary.13_react-dom@18.2.0_react@18.2.0/node_modules/next-contentlayer/dist/index.js
[1] <w>  at resolve esm file next-contentlayer
[1] <w>  at file dependencies /home/KUD/Dev/blog/next.config.mjs
[1] <w>  at file /home/KUD/Dev/blog/next.config.mjs
[1] <w>  at resolve commonjs /home/KUD/Dev/blog/next.config.mjs
[1] <w> [webpack.cache.PackFileCacheStrategy/webpack.FileSystemInfo] Parsing of /home/KUD/Dev/blog/node_modules/.pnpm/@contentlayer+core@0.3.1_esbuild@0.17.18/node_modules/@contentlayer/core/dist/getConfig/index.js for build dependencies failed at 'import(`file://${modulePath}?x=${Date.now()}`)'.
[1] <w> Build dependencies behind this expression are ignored and might cause incorrect cache invalidation.
[1] <w> [webpack.cache.PackFileCacheStrategy] Caching failed for pack: Error: Can't resolve 'markdown-wasm/dist/markdown.node.js' in '/home/KUD/Dev/blog/node_modules/.pnpm/@contentlayer+core@0.3.1_esbuild@0.17.18/node_modules/@contentlayer/core/dist/markdown'
[1] <w> while resolving 'markdown-wasm/dist/markdown.node.js' in /home/KUD/Dev/blog/node_modules/.pnpm/@contentlayer+core@0.3.1_esbuild@0.17.18/node_modules/@contentlayer/core/dist/markdown as file
[1] <w>  at resolve esm file markdown-wasm/dist/markdown.node.js
[1] <w>  at file dependencies /home/KUD/Dev/blog/node_modules/.pnpm/@contentlayer+core@0.3.1_esbuild@0.17.18/node_modules/@contentlayer/core/dist/markdown/markdown.js
[1] <w>  at file /home/KUD/Dev/blog/node_modules/.pnpm/@contentlayer+core@0.3.1_esbuild@0.17.18/node_modules/@contentlayer/core/dist/markdown/markdown.js
[1] <w>  at resolve esm file ./markdown/markdown.js
[1] <w>  at file dependencies /home/KUD/Dev/blog/node_modules/.pnpm/@contentlayer+core@0.3.1_esbuild@0.17.18/node_modules/@contentlayer/core/dist/index.js
[1] <w>  at file /home/KUD/Dev/blog/node_modules/.pnpm/@contentlayer+core@0.3.1_esbuild@0.17.18/node_modules/@contentlayer/core/dist/index.js
[1] <w>  at resolve esm file @contentlayer/core
[1] <w>  at file dependencies /home/KUD/Dev/blog/node_modules/.pnpm/next-contentlayer@0.3.1_esbuild@0.17.18_next@13.3.2-canary.13_react-dom@18.2.0_react@18.2.0/node_modules/next-contentlayer/dist/plugin.js
[1] <w>  at file /home/KUD/Dev/blog/node_modules/.pnpm/next-contentlayer@0.3.1_esbuild@0.17.18_next@13.3.2-canary.13_react-dom@18.2.0_react@18.2.0/node_modules/next-contentlayer/dist/plugin.js
[1] <w>  at resolve esm file ./plugin.js
[1] <w>  at file dependencies /home/KUD/Dev/blog/node_modules/.pnpm/next-contentlayer@0.3.1_esbuild@0.17.18_next@13.3.2-canary.13_react-dom@18.2.0_react@18.2.0/node_modules/next-contentlayer/dist/index.js
[1] <w>  at file /home/KUD/Dev/blog/node_modules/.pnpm/next-contentlayer@0.3.1_esbuild@0.17.18_next@13.3.2-canary.13_react-dom@18.2.0_react@18.2.0/node_modules/next-contentlayer/dist/index.js
[1] <w>  at resolve esm file next-contentlayer
[1] <w>  at file dependencies /home/KUD/Dev/blog/next.config.mjs
[1] <w>  at file /home/KUD/Dev/blog/next.config.mjs
[1] <w>  at resolve commonjs /home/KUD/Dev/blog/next.config.mjs
[1] [36mwait[39m  - compiling...
[0] 
[0] File updated: blog/applied-informatics-mid-term-review.mdx
[0] LaTeX-incompatible input and strict mode is set to 'warn': In LaTeX, \\ or \newline does nothing in display mode [newLineInDisplayMode]
[0] LaTeX-incompatible input and strict mode is set to 'warn': In LaTeX, \\ or \newline does nothing in display mode [newLineInDisplayMode]
[0] LaTeX-incompatible input and strict mode is set to 'warn': In LaTeX, \\ or \newline does nothing in display mode [newLineInDisplayMode]
[0] Generated 45 documents in .contentlayer
[1] [35mevent[39m - compiled client and server successfully in 361 ms (2172 modules)
[1] <w> [webpack.cache.PackFileCacheStrategy/webpack.FileSystemInfo] Parsing of /home/KUD/Dev/blog/node_modules/.pnpm/@contentlayer+core@0.3.1_esbuild@0.17.18/node_modules/@contentlayer/core/dist/dynamic-build.js for build dependencies failed at 'import(`file://${compiledConfigPath}`)'.
[1] <w> Build dependencies behind this expression are ignored and might cause incorrect cache invalidation.
[1] <w> [webpack.cache.PackFileCacheStrategy/webpack.FileSystemInfo] Parsing of /home/KUD/Dev/blog/node_modules/.pnpm/@contentlayer+core@0.3.1_esbuild@0.17.18/node_modules/@contentlayer/core/dist/getConfig/index.js for build dependencies failed at 'import(`file://${modulePath}?x=${Date.now()}`)'.
[1] <w> Build dependencies behind this expression are ignored and might cause incorrect cache invalidation.
[1] <w> [webpack.cache.PackFileCacheStrategy] Caching failed for pack: Error: Can't resolve 'markdown-wasm/dist/markdown.node.js' in '/home/KUD/Dev/blog/node_modules/.pnpm/@contentlayer+core@0.3.1_esbuild@0.17.18/node_modules/@contentlayer/core/dist/markdown'
[1] <w> while resolving 'markdown-wasm/dist/markdown.node.js' in /home/KUD/Dev/blog/node_modules/.pnpm/@contentlayer+core@0.3.1_esbuild@0.17.18/node_modules/@contentlayer/core/dist/markdown as file
[1] <w>  at resolve esm file markdown-wasm/dist/markdown.node.js
[1] <w>  at file dependencies /home/KUD/Dev/blog/node_modules/.pnpm/@contentlayer+core@0.3.1_esbuild@0.17.18/node_modules/@contentlayer/core/dist/markdown/markdown.js
[1] <w>  at file /home/KUD/Dev/blog/node_modules/.pnpm/@contentlayer+core@0.3.1_esbuild@0.17.18/node_modules/@contentlayer/core/dist/markdown/markdown.js
[1] <w>  at resolve esm file ./markdown/markdown.js
[1] <w>  at file dependencies /home/KUD/Dev/blog/node_modules/.pnpm/@contentlayer+core@0.3.1_esbuild@0.17.18/node_modules/@contentlayer/core/dist/index.js
[1] <w>  at file /home/KUD/Dev/blog/node_modules/.pnpm/@contentlayer+core@0.3.1_esbuild@0.17.18/node_modules/@contentlayer/core/dist/index.js
[1] <w>  at resolve esm file @contentlayer/core
[1] <w>  at file dependencies /home/KUD/Dev/blog/node_modules/.pnpm/next-contentlayer@0.3.1_esbuild@0.17.18_next@13.3.2-canary.13_react-dom@18.2.0_react@18.2.0/node_modules/next-contentlayer/dist/plugin.js
[1] <w>  at file /home/KUD/Dev/blog/node_modules/.pnpm/next-contentlayer@0.3.1_esbuild@0.17.18_next@13.3.2-canary.13_react-dom@18.2.0_react@18.2.0/node_modules/next-contentlayer/dist/plugin.js
[1] <w>  at resolve esm file ./plugin.js
[1] <w>  at file dependencies /home/KUD/Dev/blog/node_modules/.pnpm/next-contentlayer@0.3.1_esbuild@0.17.18_next@13.3.2-canary.13_react-dom@18.2.0_react@18.2.0/node_modules/next-contentlayer/dist/index.js
[1] <w>  at file /home/KUD/Dev/blog/node_modules/.pnpm/next-contentlayer@0.3.1_esbuild@0.17.18_next@13.3.2-canary.13_react-dom@18.2.0_react@18.2.0/node_modules/next-contentlayer/dist/index.js
[1] <w>  at resolve esm file next-contentlayer
[1] <w>  at file dependencies /home/KUD/Dev/blog/next.config.mjs
[1] <w>  at file /home/KUD/Dev/blog/next.config.mjs
[1] <w>  at resolve commonjs /home/KUD/Dev/blog/next.config.mjs
[1] <w> [webpack.cache.PackFileCacheStrategy/webpack.FileSystemInfo] Parsing of /home/KUD/Dev/blog/node_modules/.pnpm/@contentlayer+core@0.3.1_esbuild@0.17.18/node_modules/@contentlayer/core/dist/dynamic-build.js for build dependencies failed at 'import(`file://${compiledConfigPath}`)'.
[1] <w> Build dependencies behind this expression are ignored and might cause incorrect cache invalidation.
[1] <w> [webpack.cache.PackFileCacheStrategy/webpack.FileSystemInfo] Parsing of /home/KUD/Dev/blog/node_modules/.pnpm/@contentlayer+core@0.3.1_esbuild@0.17.18/node_modules/@contentlayer/core/dist/getConfig/index.js for build dependencies failed at 'import(`file://${modulePath}?x=${Date.now()}`)'.
[1] <w> Build dependencies behind this expression are ignored and might cause incorrect cache invalidation.
[1] <w> [webpack.cache.PackFileCacheStrategy] Caching failed for pack: Error: Can't resolve 'markdown-wasm/dist/markdown.node.js' in '/home/KUD/Dev/blog/node_modules/.pnpm/@contentlayer+core@0.3.1_esbuild@0.17.18/node_modules/@contentlayer/core/dist/markdown'
[1] <w> while resolving 'markdown-wasm/dist/markdown.node.js' in /home/KUD/Dev/blog/node_modules/.pnpm/@contentlayer+core@0.3.1_esbuild@0.17.18/node_modules/@contentlayer/core/dist/markdown as file
[1] <w>  at resolve esm file markdown-wasm/dist/markdown.node.js
[1] <w>  at file dependencies /home/KUD/Dev/blog/node_modules/.pnpm/@contentlayer+core@0.3.1_esbuild@0.17.18/node_modules/@contentlayer/core/dist/markdown/markdown.js
[1] <w>  at file /home/KUD/Dev/blog/node_modules/.pnpm/@contentlayer+core@0.3.1_esbuild@0.17.18/node_modules/@contentlayer/core/dist/markdown/markdown.js
[1] <w>  at resolve esm file ./markdown/markdown.js
[1] <w>  at file dependencies /home/KUD/Dev/blog/node_modules/.pnpm/@contentlayer+core@0.3.1_esbuild@0.17.18/node_modules/@contentlayer/core/dist/index.js
[1] <w>  at file /home/KUD/Dev/blog/node_modules/.pnpm/@contentlayer+core@0.3.1_esbuild@0.17.18/node_modules/@contentlayer/core/dist/index.js
[1] <w>  at resolve esm file @contentlayer/core
[1] <w>  at file dependencies /home/KUD/Dev/blog/node_modules/.pnpm/next-contentlayer@0.3.1_esbuild@0.17.18_next@13.3.2-canary.13_react-dom@18.2.0_react@18.2.0/node_modules/next-contentlayer/dist/plugin.js
[1] <w>  at file /home/KUD/Dev/blog/node_modules/.pnpm/next-contentlayer@0.3.1_esbuild@0.17.18_next@13.3.2-canary.13_react-dom@18.2.0_react@18.2.0/node_modules/next-contentlayer/dist/plugin.js
[1] <w>  at resolve esm file ./plugin.js
[1] <w>  at file dependencies /home/KUD/Dev/blog/node_modules/.pnpm/next-contentlayer@0.3.1_esbuild@0.17.18_next@13.3.2-canary.13_react-dom@18.2.0_react@18.2.0/node_modules/next-contentlayer/dist/index.js
[1] <w>  at file /home/KUD/Dev/blog/node_modules/.pnpm/next-contentlayer@0.3.1_esbuild@0.17.18_next@13.3.2-canary.13_react-dom@18.2.0_react@18.2.0/node_modules/next-contentlayer/dist/index.js
[1] <w>  at resolve esm file next-contentlayer
[1] <w>  at file dependencies /home/KUD/Dev/blog/next.config.mjs
[1] <w>  at file /home/KUD/Dev/blog/next.config.mjs
[1] <w>  at resolve commonjs /home/KUD/Dev/blog/next.config.mjs
[1] [36mwait[39m  - compiling...
[0] 
[0] File updated: blog/applied-informatics-mid-term-review.mdx
[0] LaTeX-incompatible input and strict mode is set to 'warn': In LaTeX, \\ or \newline does nothing in display mode [newLineInDisplayMode]
[0] LaTeX-incompatible input and strict mode is set to 'warn': In LaTeX, \\ or \newline does nothing in display mode [newLineInDisplayMode]
[0] LaTeX-incompatible input and strict mode is set to 'warn': In LaTeX, \\ or \newline does nothing in display mode [newLineInDisplayMode]
[0] Generated 45 documents in .contentlayer
[1] [35mevent[39m - compiled client and server successfully in 485 ms (2172 modules)
[1] <w> [webpack.cache.PackFileCacheStrategy/webpack.FileSystemInfo] Parsing of /home/KUD/Dev/blog/node_modules/.pnpm/@contentlayer+core@0.3.1_esbuild@0.17.18/node_modules/@contentlayer/core/dist/dynamic-build.js for build dependencies failed at 'import(`file://${compiledConfigPath}`)'.
[1] <w> Build dependencies behind this expression are ignored and might cause incorrect cache invalidation.
[1] <w> [webpack.cache.PackFileCacheStrategy/webpack.FileSystemInfo] Parsing of /home/KUD/Dev/blog/node_modules/.pnpm/@contentlayer+core@0.3.1_esbuild@0.17.18/node_modules/@contentlayer/core/dist/getConfig/index.js for build dependencies failed at 'import(`file://${modulePath}?x=${Date.now()}`)'.
[1] <w> Build dependencies behind this expression are ignored and might cause incorrect cache invalidation.
[1] <w> [webpack.cache.PackFileCacheStrategy] Caching failed for pack: Error: Can't resolve 'markdown-wasm/dist/markdown.node.js' in '/home/KUD/Dev/blog/node_modules/.pnpm/@contentlayer+core@0.3.1_esbuild@0.17.18/node_modules/@contentlayer/core/dist/markdown'
[1] <w> while resolving 'markdown-wasm/dist/markdown.node.js' in /home/KUD/Dev/blog/node_modules/.pnpm/@contentlayer+core@0.3.1_esbuild@0.17.18/node_modules/@contentlayer/core/dist/markdown as file
[1] <w>  at resolve esm file markdown-wasm/dist/markdown.node.js
[1] <w>  at file dependencies /home/KUD/Dev/blog/node_modules/.pnpm/@contentlayer+core@0.3.1_esbuild@0.17.18/node_modules/@contentlayer/core/dist/markdown/markdown.js
[1] <w>  at file /home/KUD/Dev/blog/node_modules/.pnpm/@contentlayer+core@0.3.1_esbuild@0.17.18/node_modules/@contentlayer/core/dist/markdown/markdown.js
[1] <w>  at resolve esm file ./markdown/markdown.js
[1] <w>  at file dependencies /home/KUD/Dev/blog/node_modules/.pnpm/@contentlayer+core@0.3.1_esbuild@0.17.18/node_modules/@contentlayer/core/dist/index.js
[1] <w>  at file /home/KUD/Dev/blog/node_modules/.pnpm/@contentlayer+core@0.3.1_esbuild@0.17.18/node_modules/@contentlayer/core/dist/index.js
[1] <w>  at resolve esm file @contentlayer/core
[1] <w>  at file dependencies /home/KUD/Dev/blog/node_modules/.pnpm/next-contentlayer@0.3.1_esbuild@0.17.18_next@13.3.2-canary.13_react-dom@18.2.0_react@18.2.0/node_modules/next-contentlayer/dist/plugin.js
[1] <w>  at file /home/KUD/Dev/blog/node_modules/.pnpm/next-contentlayer@0.3.1_esbuild@0.17.18_next@13.3.2-canary.13_react-dom@18.2.0_react@18.2.0/node_modules/next-contentlayer/dist/plugin.js
[1] <w>  at resolve esm file ./plugin.js
[1] <w>  at file dependencies /home/KUD/Dev/blog/node_modules/.pnpm/next-contentlayer@0.3.1_esbuild@0.17.18_next@13.3.2-canary.13_react-dom@18.2.0_react@18.2.0/node_modules/next-contentlayer/dist/index.js
[1] <w>  at file /home/KUD/Dev/blog/node_modules/.pnpm/next-contentlayer@0.3.1_esbuild@0.17.18_next@13.3.2-canary.13_react-dom@18.2.0_react@18.2.0/node_modules/next-contentlayer/dist/index.js
[1] <w>  at resolve esm file next-contentlayer
[1] <w>  at file dependencies /home/KUD/Dev/blog/next.config.mjs
[1] <w>  at file /home/KUD/Dev/blog/next.config.mjs
[1] <w>  at resolve commonjs /home/KUD/Dev/blog/next.config.mjs
[1] <w> [webpack.cache.PackFileCacheStrategy/webpack.FileSystemInfo] Parsing of /home/KUD/Dev/blog/node_modules/.pnpm/@contentlayer+core@0.3.1_esbuild@0.17.18/node_modules/@contentlayer/core/dist/dynamic-build.js for build dependencies failed at 'import(`file://${compiledConfigPath}`)'.
[1] <w> Build dependencies behind this expression are ignored and might cause incorrect cache invalidation.
[1] <w> [webpack.cache.PackFileCacheStrategy/webpack.FileSystemInfo] Parsing of /home/KUD/Dev/blog/node_modules/.pnpm/@contentlayer+core@0.3.1_esbuild@0.17.18/node_modules/@contentlayer/core/dist/getConfig/index.js for build dependencies failed at 'import(`file://${modulePath}?x=${Date.now()}`)'.
[1] <w> Build dependencies behind this expression are ignored and might cause incorrect cache invalidation.
[1] <w> [webpack.cache.PackFileCacheStrategy] Caching failed for pack: Error: Can't resolve 'markdown-wasm/dist/markdown.node.js' in '/home/KUD/Dev/blog/node_modules/.pnpm/@contentlayer+core@0.3.1_esbuild@0.17.18/node_modules/@contentlayer/core/dist/markdown'
[1] <w> while resolving 'markdown-wasm/dist/markdown.node.js' in /home/KUD/Dev/blog/node_modules/.pnpm/@contentlayer+core@0.3.1_esbuild@0.17.18/node_modules/@contentlayer/core/dist/markdown as file
[1] <w>  at resolve esm file markdown-wasm/dist/markdown.node.js
[1] <w>  at file dependencies /home/KUD/Dev/blog/node_modules/.pnpm/@contentlayer+core@0.3.1_esbuild@0.17.18/node_modules/@contentlayer/core/dist/markdown/markdown.js
[1] <w>  at file /home/KUD/Dev/blog/node_modules/.pnpm/@contentlayer+core@0.3.1_esbuild@0.17.18/node_modules/@contentlayer/core/dist/markdown/markdown.js
[1] <w>  at resolve esm file ./markdown/markdown.js
[1] <w>  at file dependencies /home/KUD/Dev/blog/node_modules/.pnpm/@contentlayer+core@0.3.1_esbuild@0.17.18/node_modules/@contentlayer/core/dist/index.js
[1] <w>  at file /home/KUD/Dev/blog/node_modules/.pnpm/@contentlayer+core@0.3.1_esbuild@0.17.18/node_modules/@contentlayer/core/dist/index.js
[1] <w>  at resolve esm file @contentlayer/core
[1] <w>  at file dependencies /home/KUD/Dev/blog/node_modules/.pnpm/next-contentlayer@0.3.1_esbuild@0.17.18_next@13.3.2-canary.13_react-dom@18.2.0_react@18.2.0/node_modules/next-contentlayer/dist/plugin.js
[1] <w>  at file /home/KUD/Dev/blog/node_modules/.pnpm/next-contentlayer@0.3.1_esbuild@0.17.18_next@13.3.2-canary.13_react-dom@18.2.0_react@18.2.0/node_modules/next-contentlayer/dist/plugin.js
[1] <w>  at resolve esm file ./plugin.js
[1] <w>  at file dependencies /home/KUD/Dev/blog/node_modules/.pnpm/next-contentlayer@0.3.1_esbuild@0.17.18_next@13.3.2-canary.13_react-dom@18.2.0_react@18.2.0/node_modules/next-contentlayer/dist/index.js
[1] <w>  at file /home/KUD/Dev/blog/node_modules/.pnpm/next-contentlayer@0.3.1_esbuild@0.17.18_next@13.3.2-canary.13_react-dom@18.2.0_react@18.2.0/node_modules/next-contentlayer/dist/index.js
[1] <w>  at resolve esm file next-contentlayer
[1] <w>  at file dependencies /home/KUD/Dev/blog/next.config.mjs
[1] <w>  at file /home/KUD/Dev/blog/next.config.mjs
[1] <w>  at resolve commonjs /home/KUD/Dev/blog/next.config.mjs
[1] [36mwait[39m  - compiling...
[0] 
[0] File updated: blog/applied-informatics-mid-term-review.mdx
[0] LaTeX-incompatible input and strict mode is set to 'warn': In LaTeX, \\ or \newline does nothing in display mode [newLineInDisplayMode]
[0] LaTeX-incompatible input and strict mode is set to 'warn': In LaTeX, \\ or \newline does nothing in display mode [newLineInDisplayMode]
[0] LaTeX-incompatible input and strict mode is set to 'warn': In LaTeX, \\ or \newline does nothing in display mode [newLineInDisplayMode]
[0] Generated 45 documents in .contentlayer
[1] [35mevent[39m - compiled client and server successfully in 391 ms (2172 modules)
[1] [36mwait[39m  - compiling...
[0] 
[0] File updated: blog/applied-informatics-mid-term-review.mdx
[0] LaTeX-incompatible input and strict mode is set to 'warn': In LaTeX, \\ or \newline does nothing in display mode [newLineInDisplayMode]
[0] LaTeX-incompatible input and strict mode is set to 'warn': In LaTeX, \\ or \newline does nothing in display mode [newLineInDisplayMode]
[0] LaTeX-incompatible input and strict mode is set to 'warn': In LaTeX, \\ or \newline does nothing in display mode [newLineInDisplayMode]
[0] Generated 45 documents in .contentlayer
[1] [35mevent[39m - compiled client and server successfully in 421 ms (2172 modules)
[1] <w> [webpack.cache.PackFileCacheStrategy/webpack.FileSystemInfo] Parsing of /home/KUD/Dev/blog/node_modules/.pnpm/@contentlayer+core@0.3.1_esbuild@0.17.18/node_modules/@contentlayer/core/dist/dynamic-build.js for build dependencies failed at 'import(`file://${compiledConfigPath}`)'.
[1] <w> Build dependencies behind this expression are ignored and might cause incorrect cache invalidation.
[1] <w> [webpack.cache.PackFileCacheStrategy/webpack.FileSystemInfo] Parsing of /home/KUD/Dev/blog/node_modules/.pnpm/@contentlayer+core@0.3.1_esbuild@0.17.18/node_modules/@contentlayer/core/dist/dynamic-build.js for build dependencies failed at 'import(`file://${compiledConfigPath}`)'.
[1] <w> Build dependencies behind this expression are ignored and might cause incorrect cache invalidation.
[1] <w> [webpack.cache.PackFileCacheStrategy/webpack.FileSystemInfo] Parsing of /home/KUD/Dev/blog/node_modules/.pnpm/@contentlayer+core@0.3.1_esbuild@0.17.18/node_modules/@contentlayer/core/dist/getConfig/index.js for build dependencies failed at 'import(`file://${modulePath}?x=${Date.now()}`)'.
[1] <w> Build dependencies behind this expression are ignored and might cause incorrect cache invalidation.
[1] <w> [webpack.cache.PackFileCacheStrategy] Caching failed for pack: Error: Can't resolve 'markdown-wasm/dist/markdown.node.js' in '/home/KUD/Dev/blog/node_modules/.pnpm/@contentlayer+core@0.3.1_esbuild@0.17.18/node_modules/@contentlayer/core/dist/markdown'
[1] <w> while resolving 'markdown-wasm/dist/markdown.node.js' in /home/KUD/Dev/blog/node_modules/.pnpm/@contentlayer+core@0.3.1_esbuild@0.17.18/node_modules/@contentlayer/core/dist/markdown as file
[1] <w>  at resolve esm file markdown-wasm/dist/markdown.node.js
[1] <w>  at file dependencies /home/KUD/Dev/blog/node_modules/.pnpm/@contentlayer+core@0.3.1_esbuild@0.17.18/node_modules/@contentlayer/core/dist/markdown/markdown.js
[1] <w>  at file /home/KUD/Dev/blog/node_modules/.pnpm/@contentlayer+core@0.3.1_esbuild@0.17.18/node_modules/@contentlayer/core/dist/markdown/markdown.js
[1] <w>  at resolve esm file ./markdown/markdown.js
[1] <w>  at file dependencies /home/KUD/Dev/blog/node_modules/.pnpm/@contentlayer+core@0.3.1_esbuild@0.17.18/node_modules/@contentlayer/core/dist/index.js
[1] <w>  at file /home/KUD/Dev/blog/node_modules/.pnpm/@contentlayer+core@0.3.1_esbuild@0.17.18/node_modules/@contentlayer/core/dist/index.js
[1] <w>  at resolve esm file @contentlayer/core
[1] <w>  at file dependencies /home/KUD/Dev/blog/node_modules/.pnpm/next-contentlayer@0.3.1_esbuild@0.17.18_next@13.3.2-canary.13_react-dom@18.2.0_react@18.2.0/node_modules/next-contentlayer/dist/plugin.js
[1] <w>  at file /home/KUD/Dev/blog/node_modules/.pnpm/next-contentlayer@0.3.1_esbuild@0.17.18_next@13.3.2-canary.13_react-dom@18.2.0_react@18.2.0/node_modules/next-contentlayer/dist/plugin.js
[1] <w>  at resolve esm file ./plugin.js
[1] <w>  at file dependencies /home/KUD/Dev/blog/node_modules/.pnpm/next-contentlayer@0.3.1_esbuild@0.17.18_next@13.3.2-canary.13_react-dom@18.2.0_react@18.2.0/node_modules/next-contentlayer/dist/index.js
[1] <w>  at file /home/KUD/Dev/blog/node_modules/.pnpm/next-contentlayer@0.3.1_esbuild@0.17.18_next@13.3.2-canary.13_react-dom@18.2.0_react@18.2.0/node_modules/next-contentlayer/dist/index.js
[1] <w>  at resolve esm file next-contentlayer
[1] <w>  at file dependencies /home/KUD/Dev/blog/next.config.mjs
[1] <w>  at file /home/KUD/Dev/blog/next.config.mjs
[1] <w>  at resolve commonjs /home/KUD/Dev/blog/next.config.mjs
[1] <w> [webpack.cache.PackFileCacheStrategy/webpack.FileSystemInfo] Parsing of /home/KUD/Dev/blog/node_modules/.pnpm/@contentlayer+core@0.3.1_esbuild@0.17.18/node_modules/@contentlayer/core/dist/getConfig/index.js for build dependencies failed at 'import(`file://${modulePath}?x=${Date.now()}`)'.
[1] <w> Build dependencies behind this expression are ignored and might cause incorrect cache invalidation.
[1] <w> [webpack.cache.PackFileCacheStrategy] Caching failed for pack: Error: Can't resolve 'markdown-wasm/dist/markdown.node.js' in '/home/KUD/Dev/blog/node_modules/.pnpm/@contentlayer+core@0.3.1_esbuild@0.17.18/node_modules/@contentlayer/core/dist/markdown'
[1] <w> while resolving 'markdown-wasm/dist/markdown.node.js' in /home/KUD/Dev/blog/node_modules/.pnpm/@contentlayer+core@0.3.1_esbuild@0.17.18/node_modules/@contentlayer/core/dist/markdown as file
[1] <w>  at resolve esm file markdown-wasm/dist/markdown.node.js
[1] <w>  at file dependencies /home/KUD/Dev/blog/node_modules/.pnpm/@contentlayer+core@0.3.1_esbuild@0.17.18/node_modules/@contentlayer/core/dist/markdown/markdown.js
[1] <w>  at file /home/KUD/Dev/blog/node_modules/.pnpm/@contentlayer+core@0.3.1_esbuild@0.17.18/node_modules/@contentlayer/core/dist/markdown/markdown.js
[1] <w>  at resolve esm file ./markdown/markdown.js
[1] <w>  at file dependencies /home/KUD/Dev/blog/node_modules/.pnpm/@contentlayer+core@0.3.1_esbuild@0.17.18/node_modules/@contentlayer/core/dist/index.js
[1] <w>  at file /home/KUD/Dev/blog/node_modules/.pnpm/@contentlayer+core@0.3.1_esbuild@0.17.18/node_modules/@contentlayer/core/dist/index.js
[1] <w>  at resolve esm file @contentlayer/core
[1] <w>  at file dependencies /home/KUD/Dev/blog/node_modules/.pnpm/next-contentlayer@0.3.1_esbuild@0.17.18_next@13.3.2-canary.13_react-dom@18.2.0_react@18.2.0/node_modules/next-contentlayer/dist/plugin.js
[1] <w>  at file /home/KUD/Dev/blog/node_modules/.pnpm/next-contentlayer@0.3.1_esbuild@0.17.18_next@13.3.2-canary.13_react-dom@18.2.0_react@18.2.0/node_modules/next-contentlayer/dist/plugin.js
[1] <w>  at resolve esm file ./plugin.js
[1] <w>  at file dependencies /home/KUD/Dev/blog/node_modules/.pnpm/next-contentlayer@0.3.1_esbuild@0.17.18_next@13.3.2-canary.13_react-dom@18.2.0_react@18.2.0/node_modules/next-contentlayer/dist/index.js
[1] <w>  at file /home/KUD/Dev/blog/node_modules/.pnpm/next-contentlayer@0.3.1_esbuild@0.17.18_next@13.3.2-canary.13_react-dom@18.2.0_react@18.2.0/node_modules/next-contentlayer/dist/index.js
[1] <w>  at resolve esm file next-contentlayer
[1] <w>  at file dependencies /home/KUD/Dev/blog/next.config.mjs
[1] <w>  at file /home/KUD/Dev/blog/next.config.mjs
[1] <w>  at resolve commonjs /home/KUD/Dev/blog/next.config.mjs
[1] [36mwait[39m  - compiling...
[1] [35mevent[39m - compiled client and server successfully in 714 ms (2172 modules)
[1] [36mwait[39m  - compiling...
[0] 
[0] File updated: blog/applied-informatics-mid-term-review.mdx
[0] LaTeX-incompatible input and strict mode is set to 'warn': In LaTeX, \\ or \newline does nothing in display mode [newLineInDisplayMode]
[0] LaTeX-incompatible input and strict mode is set to 'warn': In LaTeX, \\ or \newline does nothing in display mode [newLineInDisplayMode]
[0] LaTeX-incompatible input and strict mode is set to 'warn': In LaTeX, \\ or \newline does nothing in display mode [newLineInDisplayMode]
[0] Generated 45 documents in .contentlayer
[1] [35mevent[39m - compiled client and server successfully in 407 ms (2172 modules)
[1] <w> [webpack.cache.PackFileCacheStrategy/webpack.FileSystemInfo] Parsing of /home/KUD/Dev/blog/node_modules/.pnpm/@contentlayer+core@0.3.1_esbuild@0.17.18/node_modules/@contentlayer/core/dist/dynamic-build.js for build dependencies failed at 'import(`file://${compiledConfigPath}`)'.
[1] <w> Build dependencies behind this expression are ignored and might cause incorrect cache invalidation.
[1] <w> [webpack.cache.PackFileCacheStrategy] Caching failed for pack: Error: Can't resolve 'markdown-wasm/dist/markdown.node.js' in '/home/KUD/Dev/blog/node_modules/.pnpm/@contentlayer+core@0.3.1_esbuild@0.17.18/node_modules/@contentlayer/core/dist/markdown'
[1] <w> while resolving 'markdown-wasm/dist/markdown.node.js' in /home/KUD/Dev/blog/node_modules/.pnpm/@contentlayer+core@0.3.1_esbuild@0.17.18/node_modules/@contentlayer/core/dist/markdown as file
[1] <w>  at resolve esm file markdown-wasm/dist/markdown.node.js
[1] <w>  at file dependencies /home/KUD/Dev/blog/node_modules/.pnpm/@contentlayer+core@0.3.1_esbuild@0.17.18/node_modules/@contentlayer/core/dist/markdown/markdown.js
[1] <w>  at file /home/KUD/Dev/blog/node_modules/.pnpm/@contentlayer+core@0.3.1_esbuild@0.17.18/node_modules/@contentlayer/core/dist/markdown/markdown.js
[1] <w>  at resolve esm file ./markdown/markdown.js
[1] <w>  at file dependencies /home/KUD/Dev/blog/node_modules/.pnpm/@contentlayer+core@0.3.1_esbuild@0.17.18/node_modules/@contentlayer/core/dist/index.js
[1] <w>  at file /home/KUD/Dev/blog/node_modules/.pnpm/@contentlayer+core@0.3.1_esbuild@0.17.18/node_modules/@contentlayer/core/dist/index.js
[1] <w>  at resolve esm file @contentlayer/core
[1] <w>  at file dependencies /home/KUD/Dev/blog/node_modules/.pnpm/next-contentlayer@0.3.1_esbuild@0.17.18_next@13.3.2-canary.13_react-dom@18.2.0_react@18.2.0/node_modules/next-contentlayer/dist/plugin.js
[1] <w>  at file /home/KUD/Dev/blog/node_modules/.pnpm/next-contentlayer@0.3.1_esbuild@0.17.18_next@13.3.2-canary.13_react-dom@18.2.0_react@18.2.0/node_modules/next-contentlayer/dist/plugin.js
[1] <w>  at resolve esm file ./plugin.js
[1] <w>  at file dependencies /home/KUD/Dev/blog/node_modules/.pnpm/next-contentlayer@0.3.1_esbuild@0.17.18_next@13.3.2-canary.13_react-dom@18.2.0_react@18.2.0/node_modules/next-contentlayer/dist/index.js
[1] <w>  at file /home/KUD/Dev/blog/node_modules/.pnpm/next-contentlayer@0.3.1_esbuild@0.17.18_next@13.3.2-canary.13_react-dom@18.2.0_react@18.2.0/node_modules/next-contentlayer/dist/index.js
[1] <w>  at resolve esm file next-contentlayer
[1] <w>  at file dependencies /home/KUD/Dev/blog/next.config.mjs
[1] <w>  at file /home/KUD/Dev/blog/next.config.mjs
[1] <w>  at resolve commonjs /home/KUD/Dev/blog/next.config.mjs
[1] <w> [webpack.cache.PackFileCacheStrategy/webpack.FileSystemInfo] Parsing of /home/KUD/Dev/blog/node_modules/.pnpm/@contentlayer+core@0.3.1_esbuild@0.17.18/node_modules/@contentlayer/core/dist/dynamic-build.js for build dependencies failed at 'import(`file://${compiledConfigPath}`)'.
[1] <w> Build dependencies behind this expression are ignored and might cause incorrect cache invalidation.
[1] <w> [webpack.cache.PackFileCacheStrategy/webpack.FileSystemInfo] Parsing of /home/KUD/Dev/blog/node_modules/.pnpm/@contentlayer+core@0.3.1_esbuild@0.17.18/node_modules/@contentlayer/core/dist/getConfig/index.js for build dependencies failed at 'import(`file://${modulePath}?x=${Date.now()}`)'.
[1] <w> Build dependencies behind this expression are ignored and might cause incorrect cache invalidation.
[1] <w> [webpack.cache.PackFileCacheStrategy] Caching failed for pack: Error: Can't resolve 'markdown-wasm/dist/markdown.node.js' in '/home/KUD/Dev/blog/node_modules/.pnpm/@contentlayer+core@0.3.1_esbuild@0.17.18/node_modules/@contentlayer/core/dist/markdown'
[1] <w> while resolving 'markdown-wasm/dist/markdown.node.js' in /home/KUD/Dev/blog/node_modules/.pnpm/@contentlayer+core@0.3.1_esbuild@0.17.18/node_modules/@contentlayer/core/dist/markdown as file
[1] <w>  at resolve esm file markdown-wasm/dist/markdown.node.js
[1] <w>  at file dependencies /home/KUD/Dev/blog/node_modules/.pnpm/@contentlayer+core@0.3.1_esbuild@0.17.18/node_modules/@contentlayer/core/dist/markdown/markdown.js
[1] <w>  at file /home/KUD/Dev/blog/node_modules/.pnpm/@contentlayer+core@0.3.1_esbuild@0.17.18/node_modules/@contentlayer/core/dist/markdown/markdown.js
[1] <w>  at resolve esm file ./markdown/markdown.js
[1] <w>  at file dependencies /home/KUD/Dev/blog/node_modules/.pnpm/@contentlayer+core@0.3.1_esbuild@0.17.18/node_modules/@contentlayer/core/dist/index.js
[1] <w>  at file /home/KUD/Dev/blog/node_modules/.pnpm/@contentlayer+core@0.3.1_esbuild@0.17.18/node_modules/@contentlayer/core/dist/index.js
[1] <w>  at resolve esm file @contentlayer/core
[1] <w>  at file dependencies /home/KUD/Dev/blog/node_modules/.pnpm/next-contentlayer@0.3.1_esbuild@0.17.18_next@13.3.2-canary.13_react-dom@18.2.0_react@18.2.0/node_modules/next-contentlayer/dist/plugin.js
[1] <w>  at file /home/KUD/Dev/blog/node_modules/.pnpm/next-contentlayer@0.3.1_esbuild@0.17.18_next@13.3.2-canary.13_react-dom@18.2.0_react@18.2.0/node_modules/next-contentlayer/dist/plugin.js
[1] <w>  at resolve esm file ./plugin.js
[1] <w>  at file dependencies /home/KUD/Dev/blog/node_modules/.pnpm/next-contentlayer@0.3.1_esbuild@0.17.18_next@13.3.2-canary.13_react-dom@18.2.0_react@18.2.0/node_modules/next-contentlayer/dist/index.js
[1] <w>  at file /home/KUD/Dev/blog/node_modules/.pnpm/next-contentlayer@0.3.1_esbuild@0.17.18_next@13.3.2-canary.13_react-dom@18.2.0_react@18.2.0/node_modules/next-contentlayer/dist/index.js
[1] <w>  at resolve esm file next-contentlayer
[1] <w>  at file dependencies /home/KUD/Dev/blog/next.config.mjs
[1] <w>  at file /home/KUD/Dev/blog/next.config.mjs
[1] <w>  at resolve commonjs /home/KUD/Dev/blog/next.config.mjs
[1] [36mwait[39m  - compiling...
[0] 
[0] File updated: blog/applied-informatics-mid-term-review.mdx
[0] LaTeX-incompatible input and strict mode is set to 'warn': In LaTeX, \\ or \newline does nothing in display mode [newLineInDisplayMode]
[0] LaTeX-incompatible input and strict mode is set to 'warn': In LaTeX, \\ or \newline does nothing in display mode [newLineInDisplayMode]
[0] LaTeX-incompatible input and strict mode is set to 'warn': In LaTeX, \\ or \newline does nothing in display mode [newLineInDisplayMode]
[0] Generated 45 documents in .contentlayer
[1] [35mevent[39m - compiled client and server successfully in 468 ms (2172 modules)
[1] [36mwait[39m  - compiling...
[0] 
[0] File updated: blog/applied-informatics-mid-term-review.mdx
[0] LaTeX-incompatible input and strict mode is set to 'warn': In LaTeX, \\ or \newline does nothing in display mode [newLineInDisplayMode]
[0] LaTeX-incompatible input and strict mode is set to 'warn': In LaTeX, \\ or \newline does nothing in display mode [newLineInDisplayMode]
[0] LaTeX-incompatible input and strict mode is set to 'warn': In LaTeX, \\ or \newline does nothing in display mode [newLineInDisplayMode]
[0] Generated 45 documents in .contentlayer
[1] [35mevent[39m - compiled client and server successfully in 397 ms (2172 modules)
[1] [36mwait[39m  - compiling...
[0] 
[0] File updated: blog/applied-informatics-mid-term-review.mdx
[0] LaTeX-incompatible input and strict mode is set to 'warn': In LaTeX, \\ or \newline does nothing in display mode [newLineInDisplayMode]
[0] LaTeX-incompatible input and strict mode is set to 'warn': In LaTeX, \\ or \newline does nothing in display mode [newLineInDisplayMode]
[0] LaTeX-incompatible input and strict mode is set to 'warn': In LaTeX, \\ or \newline does nothing in display mode [newLineInDisplayMode]
[0] Generated 45 documents in .contentlayer
[1] [35mevent[39m - compiled client and server successfully in 383 ms (2172 modules)
[1] [36mwait[39m  - compiling...
[0] 
[0] File updated: blog/applied-informatics-mid-term-review.mdx
[0] LaTeX-incompatible input and strict mode is set to 'warn': In LaTeX, \\ or \newline does nothing in display mode [newLineInDisplayMode]
[0] LaTeX-incompatible input and strict mode is set to 'warn': In LaTeX, \\ or \newline does nothing in display mode [newLineInDisplayMode]
[0] LaTeX-incompatible input and strict mode is set to 'warn': In LaTeX, \\ or \newline does nothing in display mode [newLineInDisplayMode]
[0] Generated 45 documents in .contentlayer
[1] [35mevent[39m - compiled client and server successfully in 345 ms (2172 modules)
[1] [36mwait[39m  - compiling...
[0] 
[0] File updated: blog/applied-informatics-mid-term-review.mdx
[0] LaTeX-incompatible input and strict mode is set to 'warn': In LaTeX, \\ or \newline does nothing in display mode [newLineInDisplayMode]
[0] LaTeX-incompatible input and strict mode is set to 'warn': In LaTeX, \\ or \newline does nothing in display mode [newLineInDisplayMode]
[0] LaTeX-incompatible input and strict mode is set to 'warn': In LaTeX, \\ or \newline does nothing in display mode [newLineInDisplayMode]
[0] Generated 45 documents in .contentlayer
[1] [35mevent[39m - compiled client and server successfully in 395 ms (2172 modules)
[1] [36mwait[39m  - compiling...
[0] 
[0] File updated: blog/applied-informatics-mid-term-review.mdx
[0] LaTeX-incompatible input and strict mode is set to 'warn': In LaTeX, \\ or \newline does nothing in display mode [newLineInDisplayMode]
[0] LaTeX-incompatible input and strict mode is set to 'warn': In LaTeX, \\ or \newline does nothing in display mode [newLineInDisplayMode]
[0] LaTeX-incompatible input and strict mode is set to 'warn': In LaTeX, \\ or \newline does nothing in display mode [newLineInDisplayMode]
[0] Generated 45 documents in .contentlayer
[1] [35mevent[39m - compiled client and server successfully in 390 ms (2172 modules)
[1] [36mwait[39m  - compiling...
[0] 
[0] File updated: blog/applied-informatics-mid-term-review.mdx
[0] LaTeX-incompatible input and strict mode is set to 'warn': In LaTeX, \\ or \newline does nothing in display mode [newLineInDisplayMode]
[0] LaTeX-incompatible input and strict mode is set to 'warn': In LaTeX, \\ or \newline does nothing in display mode [newLineInDisplayMode]
[0] LaTeX-incompatible input and strict mode is set to 'warn': In LaTeX, \\ or \newline does nothing in display mode [newLineInDisplayMode]
[0] Generated 45 documents in .contentlayer
[1] [35mevent[39m - compiled client and server successfully in 388 ms (2172 modules)
[1] <w> [webpack.cache.PackFileCacheStrategy/webpack.FileSystemInfo] Parsing of /home/KUD/Dev/blog/node_modules/.pnpm/@contentlayer+core@0.3.1_esbuild@0.17.18/node_modules/@contentlayer/core/dist/dynamic-build.js for build dependencies failed at 'import(`file://${compiledConfigPath}`)'.
[1] <w> Build dependencies behind this expression are ignored and might cause incorrect cache invalidation.
[1] <w> [webpack.cache.PackFileCacheStrategy/webpack.FileSystemInfo] Parsing of /home/KUD/Dev/blog/node_modules/.pnpm/@contentlayer+core@0.3.1_esbuild@0.17.18/node_modules/@contentlayer/core/dist/getConfig/index.js for build dependencies failed at 'import(`file://${modulePath}?x=${Date.now()}`)'.
[1] <w> Build dependencies behind this expression are ignored and might cause incorrect cache invalidation.
[1] <w> [webpack.cache.PackFileCacheStrategy] Caching failed for pack: Error: Can't resolve 'markdown-wasm/dist/markdown.node.js' in '/home/KUD/Dev/blog/node_modules/.pnpm/@contentlayer+core@0.3.1_esbuild@0.17.18/node_modules/@contentlayer/core/dist/markdown'
[1] <w> while resolving 'markdown-wasm/dist/markdown.node.js' in /home/KUD/Dev/blog/node_modules/.pnpm/@contentlayer+core@0.3.1_esbuild@0.17.18/node_modules/@contentlayer/core/dist/markdown as file
[1] <w>  at resolve esm file markdown-wasm/dist/markdown.node.js
[1] <w>  at file dependencies /home/KUD/Dev/blog/node_modules/.pnpm/@contentlayer+core@0.3.1_esbuild@0.17.18/node_modules/@contentlayer/core/dist/markdown/markdown.js
[1] <w>  at file /home/KUD/Dev/blog/node_modules/.pnpm/@contentlayer+core@0.3.1_esbuild@0.17.18/node_modules/@contentlayer/core/dist/markdown/markdown.js
[1] <w>  at resolve esm file ./markdown/markdown.js
[1] <w>  at file dependencies /home/KUD/Dev/blog/node_modules/.pnpm/@contentlayer+core@0.3.1_esbuild@0.17.18/node_modules/@contentlayer/core/dist/index.js
[1] <w>  at file /home/KUD/Dev/blog/node_modules/.pnpm/@contentlayer+core@0.3.1_esbuild@0.17.18/node_modules/@contentlayer/core/dist/index.js
[1] <w>  at resolve esm file @contentlayer/core
[1] <w>  at file dependencies /home/KUD/Dev/blog/node_modules/.pnpm/next-contentlayer@0.3.1_esbuild@0.17.18_next@13.3.2-canary.13_react-dom@18.2.0_react@18.2.0/node_modules/next-contentlayer/dist/plugin.js
[1] <w>  at file /home/KUD/Dev/blog/node_modules/.pnpm/next-contentlayer@0.3.1_esbuild@0.17.18_next@13.3.2-canary.13_react-dom@18.2.0_react@18.2.0/node_modules/next-contentlayer/dist/plugin.js
[1] <w>  at resolve esm file ./plugin.js
[1] <w>  at file dependencies /home/KUD/Dev/blog/node_modules/.pnpm/next-contentlayer@0.3.1_esbuild@0.17.18_next@13.3.2-canary.13_react-dom@18.2.0_react@18.2.0/node_modules/next-contentlayer/dist/index.js
[1] <w>  at file /home/KUD/Dev/blog/node_modules/.pnpm/next-contentlayer@0.3.1_esbuild@0.17.18_next@13.3.2-canary.13_react-dom@18.2.0_react@18.2.0/node_modules/next-contentlayer/dist/index.js
[1] <w>  at resolve esm file next-contentlayer
[1] <w>  at file dependencies /home/KUD/Dev/blog/next.config.mjs
[1] <w>  at file /home/KUD/Dev/blog/next.config.mjs
[1] <w>  at resolve commonjs /home/KUD/Dev/blog/next.config.mjs
[1] <w> [webpack.cache.PackFileCacheStrategy/webpack.FileSystemInfo] Parsing of /home/KUD/Dev/blog/node_modules/.pnpm/@contentlayer+core@0.3.1_esbuild@0.17.18/node_modules/@contentlayer/core/dist/dynamic-build.js for build dependencies failed at 'import(`file://${compiledConfigPath}`)'.
[1] <w> Build dependencies behind this expression are ignored and might cause incorrect cache invalidation.
[1] <w> [webpack.cache.PackFileCacheStrategy/webpack.FileSystemInfo] Parsing of /home/KUD/Dev/blog/node_modules/.pnpm/@contentlayer+core@0.3.1_esbuild@0.17.18/node_modules/@contentlayer/core/dist/getConfig/index.js for build dependencies failed at 'import(`file://${modulePath}?x=${Date.now()}`)'.
[1] <w> Build dependencies behind this expression are ignored and might cause incorrect cache invalidation.
[1] <w> [webpack.cache.PackFileCacheStrategy] Caching failed for pack: Error: Can't resolve 'markdown-wasm/dist/markdown.node.js' in '/home/KUD/Dev/blog/node_modules/.pnpm/@contentlayer+core@0.3.1_esbuild@0.17.18/node_modules/@contentlayer/core/dist/markdown'
[1] <w> while resolving 'markdown-wasm/dist/markdown.node.js' in /home/KUD/Dev/blog/node_modules/.pnpm/@contentlayer+core@0.3.1_esbuild@0.17.18/node_modules/@contentlayer/core/dist/markdown as file
[1] <w>  at resolve esm file markdown-wasm/dist/markdown.node.js
[1] <w>  at file dependencies /home/KUD/Dev/blog/node_modules/.pnpm/@contentlayer+core@0.3.1_esbuild@0.17.18/node_modules/@contentlayer/core/dist/markdown/markdown.js
[1] <w>  at file /home/KUD/Dev/blog/node_modules/.pnpm/@contentlayer+core@0.3.1_esbuild@0.17.18/node_modules/@contentlayer/core/dist/markdown/markdown.js
[1] <w>  at resolve esm file ./markdown/markdown.js
[1] <w>  at file dependencies /home/KUD/Dev/blog/node_modules/.pnpm/@contentlayer+core@0.3.1_esbuild@0.17.18/node_modules/@contentlayer/core/dist/index.js
[1] <w>  at file /home/KUD/Dev/blog/node_modules/.pnpm/@contentlayer+core@0.3.1_esbuild@0.17.18/node_modules/@contentlayer/core/dist/index.js
[1] <w>  at resolve esm file @contentlayer/core
[1] <w>  at file dependencies /home/KUD/Dev/blog/node_modules/.pnpm/next-contentlayer@0.3.1_esbuild@0.17.18_next@13.3.2-canary.13_react-dom@18.2.0_react@18.2.0/node_modules/next-contentlayer/dist/plugin.js
[1] <w>  at file /home/KUD/Dev/blog/node_modules/.pnpm/next-contentlayer@0.3.1_esbuild@0.17.18_next@13.3.2-canary.13_react-dom@18.2.0_react@18.2.0/node_modules/next-contentlayer/dist/plugin.js
[1] <w>  at resolve esm file ./plugin.js
[1] <w>  at file dependencies /home/KUD/Dev/blog/node_modules/.pnpm/next-contentlayer@0.3.1_esbuild@0.17.18_next@13.3.2-canary.13_react-dom@18.2.0_react@18.2.0/node_modules/next-contentlayer/dist/index.js
[1] <w>  at file /home/KUD/Dev/blog/node_modules/.pnpm/next-contentlayer@0.3.1_esbuild@0.17.18_next@13.3.2-canary.13_react-dom@18.2.0_react@18.2.0/node_modules/next-contentlayer/dist/index.js
[1] <w>  at resolve esm file next-contentlayer
[1] <w>  at file dependencies /home/KUD/Dev/blog/next.config.mjs
[1] <w>  at file /home/KUD/Dev/blog/next.config.mjs
[1] <w>  at resolve commonjs /home/KUD/Dev/blog/next.config.mjs
[1] [36mwait[39m  - compiling...
[0] 
[0] File updated: blog/applied-informatics-mid-term-review.mdx
[0] LaTeX-incompatible input and strict mode is set to 'warn': In LaTeX, \\ or \newline does nothing in display mode [newLineInDisplayMode]
[0] LaTeX-incompatible input and strict mode is set to 'warn': In LaTeX, \\ or \newline does nothing in display mode [newLineInDisplayMode]
[0] LaTeX-incompatible input and strict mode is set to 'warn': In LaTeX, \\ or \newline does nothing in display mode [newLineInDisplayMode]
[0] Generated 45 documents in .contentlayer
[1] [35mevent[39m - compiled client and server successfully in 470 ms (2172 modules)
[1] [36mwait[39m  - compiling /(marketing)/blog/page (client and server)...
[1] [35mevent[39m - compiled client and server successfully in 546 ms (2162 modules)
[1] <w> [webpack.cache.PackFileCacheStrategy/webpack.FileSystemInfo] Parsing of /home/KUD/Dev/blog/node_modules/.pnpm/@contentlayer+core@0.3.1_esbuild@0.17.18/node_modules/@contentlayer/core/dist/dynamic-build.js for build dependencies failed at 'import(`file://${compiledConfigPath}`)'.
[1] <w> Build dependencies behind this expression are ignored and might cause incorrect cache invalidation.
[1] <w> [webpack.cache.PackFileCacheStrategy/webpack.FileSystemInfo] Parsing of /home/KUD/Dev/blog/node_modules/.pnpm/@contentlayer+core@0.3.1_esbuild@0.17.18/node_modules/@contentlayer/core/dist/getConfig/index.js for build dependencies failed at 'import(`file://${modulePath}?x=${Date.now()}`)'.
[1] <w> Build dependencies behind this expression are ignored and might cause incorrect cache invalidation.
[1] <w> [webpack.cache.PackFileCacheStrategy] Caching failed for pack: Error: Can't resolve 'markdown-wasm/dist/markdown.node.js' in '/home/KUD/Dev/blog/node_modules/.pnpm/@contentlayer+core@0.3.1_esbuild@0.17.18/node_modules/@contentlayer/core/dist/markdown'
[1] <w> while resolving 'markdown-wasm/dist/markdown.node.js' in /home/KUD/Dev/blog/node_modules/.pnpm/@contentlayer+core@0.3.1_esbuild@0.17.18/node_modules/@contentlayer/core/dist/markdown as file
[1] <w>  at resolve esm file markdown-wasm/dist/markdown.node.js
[1] <w>  at file dependencies /home/KUD/Dev/blog/node_modules/.pnpm/@contentlayer+core@0.3.1_esbuild@0.17.18/node_modules/@contentlayer/core/dist/markdown/markdown.js
[1] <w>  at file /home/KUD/Dev/blog/node_modules/.pnpm/@contentlayer+core@0.3.1_esbuild@0.17.18/node_modules/@contentlayer/core/dist/markdown/markdown.js
[1] <w>  at resolve esm file ./markdown/markdown.js
[1] <w>  at file dependencies /home/KUD/Dev/blog/node_modules/.pnpm/@contentlayer+core@0.3.1_esbuild@0.17.18/node_modules/@contentlayer/core/dist/index.js
[1] <w>  at file /home/KUD/Dev/blog/node_modules/.pnpm/@contentlayer+core@0.3.1_esbuild@0.17.18/node_modules/@contentlayer/core/dist/index.js
[1] <w>  at resolve esm file @contentlayer/core
[1] <w>  at file dependencies /home/KUD/Dev/blog/node_modules/.pnpm/next-contentlayer@0.3.1_esbuild@0.17.18_next@13.3.2-canary.13_react-dom@18.2.0_react@18.2.0/node_modules/next-contentlayer/dist/plugin.js
[1] <w>  at file /home/KUD/Dev/blog/node_modules/.pnpm/next-contentlayer@0.3.1_esbuild@0.17.18_next@13.3.2-canary.13_react-dom@18.2.0_react@18.2.0/node_modules/next-contentlayer/dist/plugin.js
[1] <w>  at resolve esm file ./plugin.js
[1] <w>  at file dependencies /home/KUD/Dev/blog/node_modules/.pnpm/next-contentlayer@0.3.1_esbuild@0.17.18_next@13.3.2-canary.13_react-dom@18.2.0_react@18.2.0/node_modules/next-contentlayer/dist/index.js
[1] <w>  at file /home/KUD/Dev/blog/node_modules/.pnpm/next-contentlayer@0.3.1_esbuild@0.17.18_next@13.3.2-canary.13_react-dom@18.2.0_react@18.2.0/node_modules/next-contentlayer/dist/index.js
[1] <w>  at resolve esm file next-contentlayer
[1] <w>  at file dependencies /home/KUD/Dev/blog/next.config.mjs
[1] <w>  at file /home/KUD/Dev/blog/next.config.mjs
[1] <w>  at resolve commonjs /home/KUD/Dev/blog/next.config.mjs
[1] <w> [webpack.cache.PackFileCacheStrategy/webpack.FileSystemInfo] Parsing of /home/KUD/Dev/blog/node_modules/.pnpm/@contentlayer+core@0.3.1_esbuild@0.17.18/node_modules/@contentlayer/core/dist/dynamic-build.js for build dependencies failed at 'import(`file://${compiledConfigPath}`)'.
[1] <w> Build dependencies behind this expression are ignored and might cause incorrect cache invalidation.
[1] <w> [webpack.cache.PackFileCacheStrategy] Caching failed for pack: Error: Can't resolve 'markdown-wasm/dist/markdown.node.js' in '/home/KUD/Dev/blog/node_modules/.pnpm/@contentlayer+core@0.3.1_esbuild@0.17.18/node_modules/@contentlayer/core/dist/markdown'
[1] <w> while resolving 'markdown-wasm/dist/markdown.node.js' in /home/KUD/Dev/blog/node_modules/.pnpm/@contentlayer+core@0.3.1_esbuild@0.17.18/node_modules/@contentlayer/core/dist/markdown as file
[1] <w>  at resolve esm file markdown-wasm/dist/markdown.node.js
[1] <w>  at file dependencies /home/KUD/Dev/blog/node_modules/.pnpm/@contentlayer+core@0.3.1_esbuild@0.17.18/node_modules/@contentlayer/core/dist/markdown/markdown.js
[1] <w>  at file /home/KUD/Dev/blog/node_modules/.pnpm/@contentlayer+core@0.3.1_esbuild@0.17.18/node_modules/@contentlayer/core/dist/markdown/markdown.js
[1] <w>  at resolve esm file ./markdown/markdown.js
[1] <w>  at file dependencies /home/KUD/Dev/blog/node_modules/.pnpm/@contentlayer+core@0.3.1_esbuild@0.17.18/node_modules/@contentlayer/core/dist/index.js
[1] <w>  at file /home/KUD/Dev/blog/node_modules/.pnpm/@contentlayer+core@0.3.1_esbuild@0.17.18/node_modules/@contentlayer/core/dist/index.js
[1] <w>  at resolve esm file @contentlayer/core
[1] <w>  at file dependencies /home/KUD/Dev/blog/node_modules/.pnpm/next-contentlayer@0.3.1_esbuild@0.17.18_next@13.3.2-canary.13_react-dom@18.2.0_react@18.2.0/node_modules/next-contentlayer/dist/plugin.js
[1] <w>  at file /home/KUD/Dev/blog/node_modules/.pnpm/next-contentlayer@0.3.1_esbuild@0.17.18_next@13.3.2-canary.13_react-dom@18.2.0_react@18.2.0/node_modules/next-contentlayer/dist/plugin.js
[1] <w>  at resolve esm file ./plugin.js
[1] <w>  at file dependencies /home/KUD/Dev/blog/node_modules/.pnpm/next-contentlayer@0.3.1_esbuild@0.17.18_next@13.3.2-canary.13_react-dom@18.2.0_react@18.2.0/node_modules/next-contentlayer/dist/index.js
[1] <w>  at file /home/KUD/Dev/blog/node_modules/.pnpm/next-contentlayer@0.3.1_esbuild@0.17.18_next@13.3.2-canary.13_react-dom@18.2.0_react@18.2.0/node_modules/next-contentlayer/dist/index.js
[1] <w>  at resolve esm file next-contentlayer
[1] <w>  at file dependencies /home/KUD/Dev/blog/next.config.mjs
[1] <w>  at file /home/KUD/Dev/blog/next.config.mjs
[1] <w>  at resolve commonjs /home/KUD/Dev/blog/next.config.mjs
[1] [36mwait[39m  - compiling...
[0] 
[0] File updated: blog/applied-informatics-mid-term-review.mdx
[0] LaTeX-incompatible input and strict mode is set to 'warn': In LaTeX, \\ or \newline does nothing in display mode [newLineInDisplayMode]
[0] LaTeX-incompatible input and strict mode is set to 'warn': In LaTeX, \\ or \newline does nothing in display mode [newLineInDisplayMode]
[0] LaTeX-incompatible input and strict mode is set to 'warn': In LaTeX, \\ or \newline does nothing in display mode [newLineInDisplayMode]
[0] Generated 45 documents in .contentlayer
[1] [35mevent[39m - compiled client and server successfully in 483 ms (2175 modules)
[1] [36mwait[39m  - compiling...
[0] 
[0] File updated: blog/applied-informatics-mid-term-review.mdx
[0] LaTeX-incompatible input and strict mode is set to 'warn': In LaTeX, \\ or \newline does nothing in display mode [newLineInDisplayMode]
[0] LaTeX-incompatible input and strict mode is set to 'warn': In LaTeX, \\ or \newline does nothing in display mode [newLineInDisplayMode]
[0] LaTeX-incompatible input and strict mode is set to 'warn': In LaTeX, \\ or \newline does nothing in display mode [newLineInDisplayMode]
[0] Generated 45 documents in .contentlayer
[1] [35mevent[39m - compiled client and server successfully in 406 ms (2175 modules)
[1] [36mwait[39m  - compiling...
[0] 
[0] File updated: blog/applied-informatics-mid-term-review.mdx
[0] LaTeX-incompatible input and strict mode is set to 'warn': In LaTeX, \\ or \newline does nothing in display mode [newLineInDisplayMode]
[0] LaTeX-incompatible input and strict mode is set to 'warn': In LaTeX, \\ or \newline does nothing in display mode [newLineInDisplayMode]
[0] LaTeX-incompatible input and strict mode is set to 'warn': In LaTeX, \\ or \newline does nothing in display mode [newLineInDisplayMode]
[0] Generated 45 documents in .contentlayer
[1] [35mevent[39m - compiled client and server successfully in 428 ms (2175 modules)
[1] <w> [webpack.cache.PackFileCacheStrategy/webpack.FileSystemInfo] Parsing of /home/KUD/Dev/blog/node_modules/.pnpm/@contentlayer+core@0.3.1_esbuild@0.17.18/node_modules/@contentlayer/core/dist/dynamic-build.js for build dependencies failed at 'import(`file://${compiledConfigPath}`)'.
[1] <w> Build dependencies behind this expression are ignored and might cause incorrect cache invalidation.
[1] <w> [webpack.cache.PackFileCacheStrategy/webpack.FileSystemInfo] Parsing of /home/KUD/Dev/blog/node_modules/.pnpm/@contentlayer+core@0.3.1_esbuild@0.17.18/node_modules/@contentlayer/core/dist/dynamic-build.js for build dependencies failed at 'import(`file://${compiledConfigPath}`)'.
[1] <w> Build dependencies behind this expression are ignored and might cause incorrect cache invalidation.
[1] <w> [webpack.cache.PackFileCacheStrategy/webpack.FileSystemInfo] Parsing of /home/KUD/Dev/blog/node_modules/.pnpm/@contentlayer+core@0.3.1_esbuild@0.17.18/node_modules/@contentlayer/core/dist/getConfig/index.js for build dependencies failed at 'import(`file://${modulePath}?x=${Date.now()}`)'.
[1] <w> Build dependencies behind this expression are ignored and might cause incorrect cache invalidation.
[1] <w> [webpack.cache.PackFileCacheStrategy] Caching failed for pack: Error: Can't resolve 'markdown-wasm/dist/markdown.node.js' in '/home/KUD/Dev/blog/node_modules/.pnpm/@contentlayer+core@0.3.1_esbuild@0.17.18/node_modules/@contentlayer/core/dist/markdown'
[1] <w> while resolving 'markdown-wasm/dist/markdown.node.js' in /home/KUD/Dev/blog/node_modules/.pnpm/@contentlayer+core@0.3.1_esbuild@0.17.18/node_modules/@contentlayer/core/dist/markdown as file
[1] <w>  at resolve esm file markdown-wasm/dist/markdown.node.js
[1] <w>  at file dependencies /home/KUD/Dev/blog/node_modules/.pnpm/@contentlayer+core@0.3.1_esbuild@0.17.18/node_modules/@contentlayer/core/dist/markdown/markdown.js
[1] <w>  at file /home/KUD/Dev/blog/node_modules/.pnpm/@contentlayer+core@0.3.1_esbuild@0.17.18/node_modules/@contentlayer/core/dist/markdown/markdown.js
[1] <w>  at resolve esm file ./markdown/markdown.js
[1] <w>  at file dependencies /home/KUD/Dev/blog/node_modules/.pnpm/@contentlayer+core@0.3.1_esbuild@0.17.18/node_modules/@contentlayer/core/dist/index.js
[1] <w>  at file /home/KUD/Dev/blog/node_modules/.pnpm/@contentlayer+core@0.3.1_esbuild@0.17.18/node_modules/@contentlayer/core/dist/index.js
[1] <w>  at resolve esm file @contentlayer/core
[1] <w>  at file dependencies /home/KUD/Dev/blog/node_modules/.pnpm/next-contentlayer@0.3.1_esbuild@0.17.18_next@13.3.2-canary.13_react-dom@18.2.0_react@18.2.0/node_modules/next-contentlayer/dist/plugin.js
[1] <w>  at file /home/KUD/Dev/blog/node_modules/.pnpm/next-contentlayer@0.3.1_esbuild@0.17.18_next@13.3.2-canary.13_react-dom@18.2.0_react@18.2.0/node_modules/next-contentlayer/dist/plugin.js
[1] <w>  at resolve esm file ./plugin.js
[1] <w>  at file dependencies /home/KUD/Dev/blog/node_modules/.pnpm/next-contentlayer@0.3.1_esbuild@0.17.18_next@13.3.2-canary.13_react-dom@18.2.0_react@18.2.0/node_modules/next-contentlayer/dist/index.js
[1] <w>  at file /home/KUD/Dev/blog/node_modules/.pnpm/next-contentlayer@0.3.1_esbuild@0.17.18_next@13.3.2-canary.13_react-dom@18.2.0_react@18.2.0/node_modules/next-contentlayer/dist/index.js
[1] <w>  at resolve esm file next-contentlayer
[1] <w>  at file dependencies /home/KUD/Dev/blog/next.config.mjs
[1] <w>  at file /home/KUD/Dev/blog/next.config.mjs
[1] <w>  at resolve commonjs /home/KUD/Dev/blog/next.config.mjs
[1] <w> [webpack.cache.PackFileCacheStrategy/webpack.FileSystemInfo] Parsing of /home/KUD/Dev/blog/node_modules/.pnpm/@contentlayer+core@0.3.1_esbuild@0.17.18/node_modules/@contentlayer/core/dist/getConfig/index.js for build dependencies failed at 'import(`file://${modulePath}?x=${Date.now()}`)'.
[1] <w> Build dependencies behind this expression are ignored and might cause incorrect cache invalidation.
[1] <w> [webpack.cache.PackFileCacheStrategy] Caching failed for pack: Error: Can't resolve 'markdown-wasm/dist/markdown.node.js' in '/home/KUD/Dev/blog/node_modules/.pnpm/@contentlayer+core@0.3.1_esbuild@0.17.18/node_modules/@contentlayer/core/dist/markdown'
[1] <w> while resolving 'markdown-wasm/dist/markdown.node.js' in /home/KUD/Dev/blog/node_modules/.pnpm/@contentlayer+core@0.3.1_esbuild@0.17.18/node_modules/@contentlayer/core/dist/markdown as file
[1] <w>  at resolve esm file markdown-wasm/dist/markdown.node.js
[1] <w>  at file dependencies /home/KUD/Dev/blog/node_modules/.pnpm/@contentlayer+core@0.3.1_esbuild@0.17.18/node_modules/@contentlayer/core/dist/markdown/markdown.js
[1] <w>  at file /home/KUD/Dev/blog/node_modules/.pnpm/@contentlayer+core@0.3.1_esbuild@0.17.18/node_modules/@contentlayer/core/dist/markdown/markdown.js
[1] <w>  at resolve esm file ./markdown/markdown.js
[1] <w>  at file dependencies /home/KUD/Dev/blog/node_modules/.pnpm/@contentlayer+core@0.3.1_esbuild@0.17.18/node_modules/@contentlayer/core/dist/index.js
[1] <w>  at file /home/KUD/Dev/blog/node_modules/.pnpm/@contentlayer+core@0.3.1_esbuild@0.17.18/node_modules/@contentlayer/core/dist/index.js
[1] <w>  at resolve esm file @contentlayer/core
[1] <w>  at file dependencies /home/KUD/Dev/blog/node_modules/.pnpm/next-contentlayer@0.3.1_esbuild@0.17.18_next@13.3.2-canary.13_react-dom@18.2.0_react@18.2.0/node_modules/next-contentlayer/dist/plugin.js
[1] <w>  at file /home/KUD/Dev/blog/node_modules/.pnpm/next-contentlayer@0.3.1_esbuild@0.17.18_next@13.3.2-canary.13_react-dom@18.2.0_react@18.2.0/node_modules/next-contentlayer/dist/plugin.js
[1] <w>  at resolve esm file ./plugin.js
[1] <w>  at file dependencies /home/KUD/Dev/blog/node_modules/.pnpm/next-contentlayer@0.3.1_esbuild@0.17.18_next@13.3.2-canary.13_react-dom@18.2.0_react@18.2.0/node_modules/next-contentlayer/dist/index.js
[1] <w>  at file /home/KUD/Dev/blog/node_modules/.pnpm/next-contentlayer@0.3.1_esbuild@0.17.18_next@13.3.2-canary.13_react-dom@18.2.0_react@18.2.0/node_modules/next-contentlayer/dist/index.js
[1] <w>  at resolve esm file next-contentlayer
[1] <w>  at file dependencies /home/KUD/Dev/blog/next.config.mjs
[1] <w>  at file /home/KUD/Dev/blog/next.config.mjs
[1] <w>  at resolve commonjs /home/KUD/Dev/blog/next.config.mjs
[1] [36mwait[39m  - compiling...
[0] 
[0] File updated: blog/trans.mdx
[0] Generated 45 documents in .contentlayer
[1] [35mevent[39m - compiled client and server successfully in 494 ms (2175 modules)
[1] [36mwait[39m  - compiling...
[0] 
[0] File updated: blog/trans.mdx
[0] Generated 45 documents in .contentlayer
[1] [35mevent[39m - compiled client and server successfully in 414 ms (2175 modules)
[1] <w> [webpack.cache.PackFileCacheStrategy/webpack.FileSystemInfo] Parsing of /home/KUD/Dev/blog/node_modules/.pnpm/@contentlayer+core@0.3.1_esbuild@0.17.18/node_modules/@contentlayer/core/dist/dynamic-build.js for build dependencies failed at 'import(`file://${compiledConfigPath}`)'.
[1] <w> Build dependencies behind this expression are ignored and might cause incorrect cache invalidation.
[1] <w> [webpack.cache.PackFileCacheStrategy/webpack.FileSystemInfo] Parsing of /home/KUD/Dev/blog/node_modules/.pnpm/@contentlayer+core@0.3.1_esbuild@0.17.18/node_modules/@contentlayer/core/dist/getConfig/index.js for build dependencies failed at 'import(`file://${modulePath}?x=${Date.now()}`)'.
[1] <w> Build dependencies behind this expression are ignored and might cause incorrect cache invalidation.
[1] <w> [webpack.cache.PackFileCacheStrategy] Caching failed for pack: Error: Can't resolve 'markdown-wasm/dist/markdown.node.js' in '/home/KUD/Dev/blog/node_modules/.pnpm/@contentlayer+core@0.3.1_esbuild@0.17.18/node_modules/@contentlayer/core/dist/markdown'
[1] <w> while resolving 'markdown-wasm/dist/markdown.node.js' in /home/KUD/Dev/blog/node_modules/.pnpm/@contentlayer+core@0.3.1_esbuild@0.17.18/node_modules/@contentlayer/core/dist/markdown as file
[1] <w>  at resolve esm file markdown-wasm/dist/markdown.node.js
[1] <w>  at file dependencies /home/KUD/Dev/blog/node_modules/.pnpm/@contentlayer+core@0.3.1_esbuild@0.17.18/node_modules/@contentlayer/core/dist/markdown/markdown.js
[1] <w>  at file /home/KUD/Dev/blog/node_modules/.pnpm/@contentlayer+core@0.3.1_esbuild@0.17.18/node_modules/@contentlayer/core/dist/markdown/markdown.js
[1] <w>  at resolve esm file ./markdown/markdown.js
[1] <w>  at file dependencies /home/KUD/Dev/blog/node_modules/.pnpm/@contentlayer+core@0.3.1_esbuild@0.17.18/node_modules/@contentlayer/core/dist/index.js
[1] <w>  at file /home/KUD/Dev/blog/node_modules/.pnpm/@contentlayer+core@0.3.1_esbuild@0.17.18/node_modules/@contentlayer/core/dist/index.js
[1] <w>  at resolve esm file @contentlayer/core
[1] <w>  at file dependencies /home/KUD/Dev/blog/node_modules/.pnpm/next-contentlayer@0.3.1_esbuild@0.17.18_next@13.3.2-canary.13_react-dom@18.2.0_react@18.2.0/node_modules/next-contentlayer/dist/plugin.js
[1] <w>  at file /home/KUD/Dev/blog/node_modules/.pnpm/next-contentlayer@0.3.1_esbuild@0.17.18_next@13.3.2-canary.13_react-dom@18.2.0_react@18.2.0/node_modules/next-contentlayer/dist/plugin.js
[1] <w>  at resolve esm file ./plugin.js
[1] <w>  at file dependencies /home/KUD/Dev/blog/node_modules/.pnpm/next-contentlayer@0.3.1_esbuild@0.17.18_next@13.3.2-canary.13_react-dom@18.2.0_react@18.2.0/node_modules/next-contentlayer/dist/index.js
[1] <w>  at file /home/KUD/Dev/blog/node_modules/.pnpm/next-contentlayer@0.3.1_esbuild@0.17.18_next@13.3.2-canary.13_react-dom@18.2.0_react@18.2.0/node_modules/next-contentlayer/dist/index.js
[1] <w>  at resolve esm file next-contentlayer
[1] <w>  at file dependencies /home/KUD/Dev/blog/next.config.mjs
[1] <w>  at file /home/KUD/Dev/blog/next.config.mjs
[1] <w>  at resolve commonjs /home/KUD/Dev/blog/next.config.mjs
[1] <w> [webpack.cache.PackFileCacheStrategy/webpack.FileSystemInfo] Parsing of /home/KUD/Dev/blog/node_modules/.pnpm/@contentlayer+core@0.3.1_esbuild@0.17.18/node_modules/@contentlayer/core/dist/dynamic-build.js for build dependencies failed at 'import(`file://${compiledConfigPath}`)'.
[1] <w> Build dependencies behind this expression are ignored and might cause incorrect cache invalidation.
[1] <w> [webpack.cache.PackFileCacheStrategy/webpack.FileSystemInfo] Parsing of /home/KUD/Dev/blog/node_modules/.pnpm/@contentlayer+core@0.3.1_esbuild@0.17.18/node_modules/@contentlayer/core/dist/getConfig/index.js for build dependencies failed at 'import(`file://${modulePath}?x=${Date.now()}`)'.
[1] <w> Build dependencies behind this expression are ignored and might cause incorrect cache invalidation.
[1] <w> [webpack.cache.PackFileCacheStrategy] Caching failed for pack: Error: Can't resolve 'markdown-wasm/dist/markdown.node.js' in '/home/KUD/Dev/blog/node_modules/.pnpm/@contentlayer+core@0.3.1_esbuild@0.17.18/node_modules/@contentlayer/core/dist/markdown'
[1] <w> while resolving 'markdown-wasm/dist/markdown.node.js' in /home/KUD/Dev/blog/node_modules/.pnpm/@contentlayer+core@0.3.1_esbuild@0.17.18/node_modules/@contentlayer/core/dist/markdown as file
[1] <w>  at resolve esm file markdown-wasm/dist/markdown.node.js
[1] <w>  at file dependencies /home/KUD/Dev/blog/node_modules/.pnpm/@contentlayer+core@0.3.1_esbuild@0.17.18/node_modules/@contentlayer/core/dist/markdown/markdown.js
[1] <w>  at file /home/KUD/Dev/blog/node_modules/.pnpm/@contentlayer+core@0.3.1_esbuild@0.17.18/node_modules/@contentlayer/core/dist/markdown/markdown.js
[1] <w>  at resolve esm file ./markdown/markdown.js
[1] <w>  at file dependencies /home/KUD/Dev/blog/node_modules/.pnpm/@contentlayer+core@0.3.1_esbuild@0.17.18/node_modules/@contentlayer/core/dist/index.js
[1] <w>  at file /home/KUD/Dev/blog/node_modules/.pnpm/@contentlayer+core@0.3.1_esbuild@0.17.18/node_modules/@contentlayer/core/dist/index.js
[1] <w>  at resolve esm file @contentlayer/core
[1] <w>  at file dependencies /home/KUD/Dev/blog/node_modules/.pnpm/next-contentlayer@0.3.1_esbuild@0.17.18_next@13.3.2-canary.13_react-dom@18.2.0_react@18.2.0/node_modules/next-contentlayer/dist/plugin.js
[1] <w>  at file /home/KUD/Dev/blog/node_modules/.pnpm/next-contentlayer@0.3.1_esbuild@0.17.18_next@13.3.2-canary.13_react-dom@18.2.0_react@18.2.0/node_modules/next-contentlayer/dist/plugin.js
[1] <w>  at resolve esm file ./plugin.js
[1] <w>  at file dependencies /home/KUD/Dev/blog/node_modules/.pnpm/next-contentlayer@0.3.1_esbuild@0.17.18_next@13.3.2-canary.13_react-dom@18.2.0_react@18.2.0/node_modules/next-contentlayer/dist/index.js
[1] <w>  at file /home/KUD/Dev/blog/node_modules/.pnpm/next-contentlayer@0.3.1_esbuild@0.17.18_next@13.3.2-canary.13_react-dom@18.2.0_react@18.2.0/node_modules/next-contentlayer/dist/index.js
[1] <w>  at resolve esm file next-contentlayer
[1] <w>  at file dependencies /home/KUD/Dev/blog/next.config.mjs
[1] <w>  at file /home/KUD/Dev/blog/next.config.mjs
[1] <w>  at resolve commonjs /home/KUD/Dev/blog/next.config.mjs
[1] [36mwait[39m  - compiling...
[0] 
[0] File updated: blog/trans.mdx
[0] Generated 45 documents in .contentlayer
[1] [35mevent[39m - compiled client and server successfully in 474 ms (2175 modules)
[1] [36mwait[39m  - compiling...
[0] 
[0] File updated: blog/trans.mdx
[0] Generated 45 documents in .contentlayer
[1] [35mevent[39m - compiled client and server successfully in 503 ms (2175 modules)
[1] <w> [webpack.cache.PackFileCacheStrategy/webpack.FileSystemInfo] Parsing of /home/KUD/Dev/blog/node_modules/.pnpm/@contentlayer+core@0.3.1_esbuild@0.17.18/node_modules/@contentlayer/core/dist/dynamic-build.js for build dependencies failed at 'import(`file://${compiledConfigPath}`)'.
[1] <w> Build dependencies behind this expression are ignored and might cause incorrect cache invalidation.
[1] <w> [webpack.cache.PackFileCacheStrategy/webpack.FileSystemInfo] Parsing of /home/KUD/Dev/blog/node_modules/.pnpm/@contentlayer+core@0.3.1_esbuild@0.17.18/node_modules/@contentlayer/core/dist/dynamic-build.js for build dependencies failed at 'import(`file://${compiledConfigPath}`)'.
[1] <w> Build dependencies behind this expression are ignored and might cause incorrect cache invalidation.
[1] <w> [webpack.cache.PackFileCacheStrategy/webpack.FileSystemInfo] Parsing of /home/KUD/Dev/blog/node_modules/.pnpm/@contentlayer+core@0.3.1_esbuild@0.17.18/node_modules/@contentlayer/core/dist/getConfig/index.js for build dependencies failed at 'import(`file://${modulePath}?x=${Date.now()}`)'.
[1] <w> Build dependencies behind this expression are ignored and might cause incorrect cache invalidation.
[1] <w> [webpack.cache.PackFileCacheStrategy] Caching failed for pack: Error: Can't resolve 'markdown-wasm/dist/markdown.node.js' in '/home/KUD/Dev/blog/node_modules/.pnpm/@contentlayer+core@0.3.1_esbuild@0.17.18/node_modules/@contentlayer/core/dist/markdown'
[1] <w> while resolving 'markdown-wasm/dist/markdown.node.js' in /home/KUD/Dev/blog/node_modules/.pnpm/@contentlayer+core@0.3.1_esbuild@0.17.18/node_modules/@contentlayer/core/dist/markdown as file
[1] <w>  at resolve esm file markdown-wasm/dist/markdown.node.js
[1] <w>  at file dependencies /home/KUD/Dev/blog/node_modules/.pnpm/@contentlayer+core@0.3.1_esbuild@0.17.18/node_modules/@contentlayer/core/dist/markdown/markdown.js
[1] <w>  at file /home/KUD/Dev/blog/node_modules/.pnpm/@contentlayer+core@0.3.1_esbuild@0.17.18/node_modules/@contentlayer/core/dist/markdown/markdown.js
[1] <w>  at resolve esm file ./markdown/markdown.js
[1] <w>  at file dependencies /home/KUD/Dev/blog/node_modules/.pnpm/@contentlayer+core@0.3.1_esbuild@0.17.18/node_modules/@contentlayer/core/dist/index.js
[1] <w>  at file /home/KUD/Dev/blog/node_modules/.pnpm/@contentlayer+core@0.3.1_esbuild@0.17.18/node_modules/@contentlayer/core/dist/index.js
[1] <w>  at resolve esm file @contentlayer/core
[1] <w>  at file dependencies /home/KUD/Dev/blog/node_modules/.pnpm/next-contentlayer@0.3.1_esbuild@0.17.18_next@13.3.2-canary.13_react-dom@18.2.0_react@18.2.0/node_modules/next-contentlayer/dist/plugin.js
[1] <w>  at file /home/KUD/Dev/blog/node_modules/.pnpm/next-contentlayer@0.3.1_esbuild@0.17.18_next@13.3.2-canary.13_react-dom@18.2.0_react@18.2.0/node_modules/next-contentlayer/dist/plugin.js
[1] <w>  at resolve esm file ./plugin.js
[1] <w>  at file dependencies /home/KUD/Dev/blog/node_modules/.pnpm/next-contentlayer@0.3.1_esbuild@0.17.18_next@13.3.2-canary.13_react-dom@18.2.0_react@18.2.0/node_modules/next-contentlayer/dist/index.js
[1] <w>  at file /home/KUD/Dev/blog/node_modules/.pnpm/next-contentlayer@0.3.1_esbuild@0.17.18_next@13.3.2-canary.13_react-dom@18.2.0_react@18.2.0/node_modules/next-contentlayer/dist/index.js
[1] <w>  at resolve esm file next-contentlayer
[1] <w>  at file dependencies /home/KUD/Dev/blog/next.config.mjs
[1] <w>  at file /home/KUD/Dev/blog/next.config.mjs
[1] <w>  at resolve commonjs /home/KUD/Dev/blog/next.config.mjs
[1] <w> [webpack.cache.PackFileCacheStrategy/webpack.FileSystemInfo] Parsing of /home/KUD/Dev/blog/node_modules/.pnpm/@contentlayer+core@0.3.1_esbuild@0.17.18/node_modules/@contentlayer/core/dist/getConfig/index.js for build dependencies failed at 'import(`file://${modulePath}?x=${Date.now()}`)'.
[1] <w> Build dependencies behind this expression are ignored and might cause incorrect cache invalidation.
[1] <w> [webpack.cache.PackFileCacheStrategy] Caching failed for pack: Error: Can't resolve 'markdown-wasm/dist/markdown.node.js' in '/home/KUD/Dev/blog/node_modules/.pnpm/@contentlayer+core@0.3.1_esbuild@0.17.18/node_modules/@contentlayer/core/dist/markdown'
[1] <w> while resolving 'markdown-wasm/dist/markdown.node.js' in /home/KUD/Dev/blog/node_modules/.pnpm/@contentlayer+core@0.3.1_esbuild@0.17.18/node_modules/@contentlayer/core/dist/markdown as file
[1] <w>  at resolve esm file markdown-wasm/dist/markdown.node.js
[1] <w>  at file dependencies /home/KUD/Dev/blog/node_modules/.pnpm/@contentlayer+core@0.3.1_esbuild@0.17.18/node_modules/@contentlayer/core/dist/markdown/markdown.js
[1] <w>  at file /home/KUD/Dev/blog/node_modules/.pnpm/@contentlayer+core@0.3.1_esbuild@0.17.18/node_modules/@contentlayer/core/dist/markdown/markdown.js
[1] <w>  at resolve esm file ./markdown/markdown.js
[1] <w>  at file dependencies /home/KUD/Dev/blog/node_modules/.pnpm/@contentlayer+core@0.3.1_esbuild@0.17.18/node_modules/@contentlayer/core/dist/index.js
[1] <w>  at file /home/KUD/Dev/blog/node_modules/.pnpm/@contentlayer+core@0.3.1_esbuild@0.17.18/node_modules/@contentlayer/core/dist/index.js
[1] <w>  at resolve esm file @contentlayer/core
[1] <w>  at file dependencies /home/KUD/Dev/blog/node_modules/.pnpm/next-contentlayer@0.3.1_esbuild@0.17.18_next@13.3.2-canary.13_react-dom@18.2.0_react@18.2.0/node_modules/next-contentlayer/dist/plugin.js
[1] <w>  at file /home/KUD/Dev/blog/node_modules/.pnpm/next-contentlayer@0.3.1_esbuild@0.17.18_next@13.3.2-canary.13_react-dom@18.2.0_react@18.2.0/node_modules/next-contentlayer/dist/plugin.js
[1] <w>  at resolve esm file ./plugin.js
[1] <w>  at file dependencies /home/KUD/Dev/blog/node_modules/.pnpm/next-contentlayer@0.3.1_esbuild@0.17.18_next@13.3.2-canary.13_react-dom@18.2.0_react@18.2.0/node_modules/next-contentlayer/dist/index.js
[1] <w>  at file /home/KUD/Dev/blog/node_modules/.pnpm/next-contentlayer@0.3.1_esbuild@0.17.18_next@13.3.2-canary.13_react-dom@18.2.0_react@18.2.0/node_modules/next-contentlayer/dist/index.js
[1] <w>  at resolve esm file next-contentlayer
[1] <w>  at file dependencies /home/KUD/Dev/blog/next.config.mjs
[1] <w>  at file /home/KUD/Dev/blog/next.config.mjs
[1] <w>  at resolve commonjs /home/KUD/Dev/blog/next.config.mjs
[1] [36mwait[39m  - compiling...
[0] 
[0] File updated: blog/trans.mdx
[0] Generated 45 documents in .contentlayer
[1] [35mevent[39m - compiled client and server successfully in 492 ms (2175 modules)
[1] [36mwait[39m  - compiling...
[0] 
[0] File updated: blog/trans.mdx
[0] Generated 45 documents in .contentlayer
[1] [35mevent[39m - compiled client and server successfully in 501 ms (2175 modules)
[1] [36mwait[39m  - compiling...
[0] 
[0] File updated: blog/trans.mdx
[0] Generated 45 documents in .contentlayer
[1] [35mevent[39m - compiled client and server successfully in 488 ms (2175 modules)
[1] [36mwait[39m  - compiling...
[0] 
[0] File updated: blog/trans.mdx
[0] Generated 45 documents in .contentlayer
[1] [35mevent[39m - compiled client and server successfully in 489 ms (2175 modules)
